
===========================================================================
report_checks -unconstrained
===========================================================================
======================= min_ss_100C_1v60 Corner ===================================

Startpoint: _24171_ (rising edge-triggered flip-flop clocked by core_clock)
Endpoint: _24936_ (rising edge-triggered flip-flop clocked by core_clock)
Path Group: core_clock
Path Type: max

Fanout         Cap        Slew       Delay        Time   Description
---------------------------------------------------------------------------------------------
                                  0.000000    0.000000   clock core_clock (rise edge)
                                  0.000000    0.000000   clock source latency
     2    0.101063    0.000000    0.000000    0.000000 ^ clk (in)
                                                         clk (net)
                      0.010597    0.005298    0.005298 ^ clkbuf_0_clk/A (sky130_fd_sc_hd__clkbuf_16)
     4    0.164433    0.267774    0.357845    0.363144 ^ clkbuf_0_clk/X (sky130_fd_sc_hd__clkbuf_16)
                                                         clknet_0_clk (net)
                      0.267958    0.005804    0.368948 ^ clkbuf_2_2_0_clk/A (sky130_fd_sc_hd__clkbuf_8)
     8    0.130494    0.350920    0.533352    0.902300 ^ clkbuf_2_2_0_clk/X (sky130_fd_sc_hd__clkbuf_8)
                                                         clknet_2_2_0_clk (net)
                      0.350971    0.004291    0.906590 ^ clkbuf_5_18__f_clk/A (sky130_fd_sc_hd__clkbuf_16)
     9    0.079683    0.149208    0.415782    1.322372 ^ clkbuf_5_18__f_clk/X (sky130_fd_sc_hd__clkbuf_16)
                                                         clknet_5_18__leaf_clk (net)
                      0.149248    0.002359    1.324731 ^ clkbuf_leaf_61_clk/A (sky130_fd_sc_hd__clkbuf_8)
     9    0.040436    0.130824    0.314763    1.639495 ^ clkbuf_leaf_61_clk/X (sky130_fd_sc_hd__clkbuf_8)
                                                         clknet_leaf_61_clk (net)
                      0.130824    0.000364    1.639859 ^ _24171_/CLK (sky130_fd_sc_hd__dfstp_1)
     5    0.018558    0.284179    1.255556    2.895415 ^ _24171_/Q (sky130_fd_sc_hd__dfstp_1)
                                                         aes_core_ctrl_reg[0] (net)
                      0.284179    0.000093    2.895509 ^ _12117_/A2 (sky130_fd_sc_hd__a21o_4)
    32    0.317042    1.334362    1.170398    4.065907 ^ _12117_/X (sky130_fd_sc_hd__a21o_4)
                                                         _07857_ (net)
                      1.339032    0.065601    4.131507 ^ _12263_/B (sky130_fd_sc_hd__nor2_4)
     6    0.042522    0.311003    0.468264    4.599771 v _12263_/Y (sky130_fd_sc_hd__nor2_4)
                                                         _07867_ (net)
                      0.311003    0.000541    4.600312 v max_cap696/A (sky130_fd_sc_hd__buf_12)
    29    0.240616    0.207448    0.477845    5.078157 v max_cap696/X (sky130_fd_sc_hd__buf_12)
                                                         net696 (net)
                      0.208403    0.011556    5.089713 v max_cap695/A (sky130_fd_sc_hd__buf_12)
    31    0.232826    0.199948    0.428781    5.518494 v max_cap695/X (sky130_fd_sc_hd__buf_12)
                                                         net695 (net)
                      0.202355    0.017498    5.535991 v _12311_/A1 (sky130_fd_sc_hd__a32oi_4)
    23    0.142570    1.723089    1.408292    6.944283 ^ _12311_/Y (sky130_fd_sc_hd__a32oi_4)
                                                         _07915_ (net)
                      1.723180    0.010598    6.954881 ^ _12375_/D (sky130_fd_sc_hd__or4_4)
    21    0.115218    0.529994    1.101837    8.056718 ^ _12375_/X (sky130_fd_sc_hd__or4_4)
                                                         _07979_ (net)
                      0.530005    0.003368    8.060086 ^ _12434_/A2_N (sky130_fd_sc_hd__a2bb2o_1)
     3    0.011963    0.183502    0.825250    8.885336 v _12434_/X (sky130_fd_sc_hd__a2bb2o_1)
                                                         _08038_ (net)
                      0.183502    0.000367    8.885703 v _13112_/A (sky130_fd_sc_hd__or4_1)
     1    0.004988    0.208316    1.292055   10.177758 v _13112_/X (sky130_fd_sc_hd__or4_1)
                                                         _08713_ (net)
                      0.208316    0.000105   10.177863 v _13115_/C1 (sky130_fd_sc_hd__a2111o_1)
     1    0.013444    0.205879    0.843455   11.021318 v _13115_/X (sky130_fd_sc_hd__a2111o_1)
                                                         _08716_ (net)
                      0.205879    0.000699   11.022017 v _13119_/C (sky130_fd_sc_hd__or4_2)
     1    0.013165    0.290291    1.631390   12.653407 v _13119_/X (sky130_fd_sc_hd__or4_2)
                                                         _08720_ (net)
                      0.290556    0.000436   12.653844 v _13120_/D (sky130_fd_sc_hd__nor4_4)
     4    0.084036    1.825859    1.475972   14.129816 ^ _13120_/Y (sky130_fd_sc_hd__nor4_4)
                                                         _08721_ (net)
                      1.825880    0.005246   14.135061 ^ _13121_/A1 (sky130_fd_sc_hd__mux2_1)
     1    0.008853    0.190881    0.771680   14.906741 ^ _13121_/X (sky130_fd_sc_hd__mux2_1)
                                                         _08722_ (net)
                      0.190881    0.000064   14.906805 ^ _13122_/B (sky130_fd_sc_hd__xor2_2)
     3    0.019329    0.413054    0.460680   15.367485 ^ _13122_/X (sky130_fd_sc_hd__xor2_2)
                                                         _08723_ (net)
                      0.413054    0.000396   15.367882 ^ _13126_/A (sky130_fd_sc_hd__xnor2_1)
     2    0.009727    0.423107    0.389869   15.757751 ^ _13126_/Y (sky130_fd_sc_hd__xnor2_1)
                                                         _08727_ (net)
                      0.423107    0.000130   15.757881 ^ _13127_/B (sky130_fd_sc_hd__xnor2_1)
     1    0.002946    0.103468    0.233364   15.991244 v _13127_/Y (sky130_fd_sc_hd__xnor2_1)
                                                         _08728_ (net)
                      0.103468    0.000027   15.991271 v _13128_/B1 (sky130_fd_sc_hd__a221o_1)
     1    0.004465    0.112013    0.576410   16.567680 v _13128_/X (sky130_fd_sc_hd__a221o_1)
                                                         _08729_ (net)
                      0.112013    0.000082   16.567762 v _13129_/B1 (sky130_fd_sc_hd__o211a_1)
     2    0.025886    0.264830    0.418975   16.986738 v _13129_/X (sky130_fd_sc_hd__o211a_1)
                                                         _08730_ (net)
                      0.264837    0.001707   16.988445 v _13130_/B1 (sky130_fd_sc_hd__a21o_2)
    14    0.044028    0.223471    0.589118   17.577562 v _13130_/X (sky130_fd_sc_hd__a21o_2)
                                                         _08731_ (net)
                      0.223478    0.001490   17.579054 v _21972_/A1 (sky130_fd_sc_hd__mux2_1)
     1    0.002835    0.110327    0.710463   18.289516 v _21972_/X (sky130_fd_sc_hd__mux2_1)
                                                         _00770_ (net)
                      0.110327    0.000032   18.289549 v _24936_/D (sky130_fd_sc_hd__dfrtp_1)
                                             18.289549   data arrival time

                                 20.000000   20.000000   clock core_clock (rise edge)
                                  0.000000   20.000000   clock source latency
     2    0.101063    0.000000    0.000000   20.000000 ^ clk (in)
                                                         clk (net)
                      0.010597    0.005299   20.005299 ^ clkbuf_0_clk/A (sky130_fd_sc_hd__clkbuf_16)
     4    0.164433    0.267774    0.357845   20.363144 ^ clkbuf_0_clk/X (sky130_fd_sc_hd__clkbuf_16)
                                                         clknet_0_clk (net)
                      0.267787    0.001597   20.364742 ^ clkbuf_2_0_0_clk/A (sky130_fd_sc_hd__clkbuf_8)
     8    0.138734    0.371564    0.548232   20.912973 ^ clkbuf_2_0_0_clk/X (sky130_fd_sc_hd__clkbuf_8)
                                                         clknet_2_0_0_clk (net)
                      0.371595    0.003645   20.916618 ^ clkbuf_5_6__f_clk/A (sky130_fd_sc_hd__clkbuf_16)
     9    0.067630    0.133029    0.411474   21.328093 ^ clkbuf_5_6__f_clk/X (sky130_fd_sc_hd__clkbuf_16)
                                                         clknet_5_6__leaf_clk (net)
                      0.133047    0.001593   21.329685 ^ clkbuf_leaf_241_clk/A (sky130_fd_sc_hd__clkbuf_8)
    11    0.039402    0.128279    0.305482   21.635168 ^ clkbuf_leaf_241_clk/X (sky130_fd_sc_hd__clkbuf_8)
                                                         clknet_leaf_241_clk (net)
                      0.128279    0.000435   21.635603 ^ _24936_/CLK (sky130_fd_sc_hd__dfrtp_1)
                                  0.000000   21.635603   clock reconvergence pessimism
                                 -0.277834   21.357767   library setup time
                                             21.357767   data required time
---------------------------------------------------------------------------------------------
                                             21.357767   data required time
                                            -18.289549   data arrival time
---------------------------------------------------------------------------------------------
                                              3.068220   slack (MET)




===========================================================================
report_checks --slack_max -0.01
============================================================================
======================= min_ss_100C_1v60 Corner ===================================

No paths found.


===========================================================================
 report_check_types -max_slew -max_cap -max_fanout -violators
============================================================================
======================= min_ss_100C_1v60 Corner ===================================

max slew

Pin                                        Limit        Slew       Slack
------------------------------------------------------------------------
_13417_/Y                               1.496182    2.435830   -0.939648 (VIOLATED)
_19912_/B                               1.500000    2.435837   -0.935837 (VIOLATED)
_13418_/B                               1.500000    2.435836   -0.935836 (VIOLATED)
_13448_/A0                              1.500000    2.435836   -0.935836 (VIOLATED)
ANTENNA_102/DIODE                       1.500000    2.260666   -0.760666 (VIOLATED)
_14631_/B                               1.500000    2.260666   -0.760666 (VIOLATED)
_14623_/A0                              1.500000    2.260664   -0.760664 (VIOLATED)
ANTENNA_101/DIODE                       1.500000    2.260651   -0.760651 (VIOLATED)
_13964_/A1                              1.500000    2.260651   -0.760651 (VIOLATED)
_19689_/B                               1.500000    2.260556   -0.760557 (VIOLATED)
_13963_/Y                               1.501720    2.260525   -0.758805 (VIOLATED)
_13808_/B2                              1.500000    1.920018   -0.420018 (VIOLATED)
_13902_/A                               1.500000    1.920018   -0.420018 (VIOLATED)
_13893_/A1                              1.500000    1.920018   -0.420018 (VIOLATED)
_13895_/S                               1.500000    1.920017   -0.420017 (VIOLATED)
_13629_/A                               1.500000    1.920016   -0.420016 (VIOLATED)
_13741_/B2                              1.500000    1.920015   -0.420015 (VIOLATED)
_13730_/A1                              1.500000    1.920014   -0.420014 (VIOLATED)
_13494_/A                               1.500000    1.920013   -0.420013 (VIOLATED)
_13531_/A                               1.500000    1.920013   -0.420013 (VIOLATED)
_13546_/A1                              1.500000    1.920013   -0.420013 (VIOLATED)
_13766_/A                               1.500000    1.920013   -0.420013 (VIOLATED)
_13827_/C1                              1.500000    1.920012   -0.420012 (VIOLATED)
_13678_/A1                              1.500000    1.920011   -0.420011 (VIOLATED)
_13669_/A1                              1.500000    1.920010   -0.420010 (VIOLATED)
_13539_/A                               1.500000    1.920009   -0.420009 (VIOLATED)
_13551_/A1                              1.500000    1.920009   -0.420009 (VIOLATED)
_13572_/A1                              1.500000    1.920008   -0.420008 (VIOLATED)
_13643_/A                               1.500000    1.920008   -0.420008 (VIOLATED)
_13571_/A                               1.500000    1.920008   -0.420008 (VIOLATED)
_13533_/A                               1.500000    1.920007   -0.420007 (VIOLATED)
_13615_/A                               1.500000    1.920006   -0.420006 (VIOLATED)
_13977_/B2                              1.500000    1.920006   -0.420006 (VIOLATED)
_13582_/A                               1.500000    1.920006   -0.420006 (VIOLATED)
_13618_/A                               1.500000    1.920005   -0.420005 (VIOLATED)
_13564_/A                               1.500000    1.920005   -0.420005 (VIOLATED)
_13637_/A                               1.500000    1.920005   -0.420005 (VIOLATED)
_13560_/A                               1.500000    1.920002   -0.420002 (VIOLATED)
_13601_/A                               1.500000    1.920002   -0.420002 (VIOLATED)
_14240_/A                               1.500000    1.829941   -0.329941 (VIOLATED)
_14257_/A1                              1.500000    1.829940   -0.329940 (VIOLATED)
_14328_/A                               1.500000    1.829939   -0.329939 (VIOLATED)
_14276_/A                               1.500000    1.829937   -0.329937 (VIOLATED)
_14199_/A                               1.500000    1.829937   -0.329937 (VIOLATED)
_14203_/A                               1.500000    1.829936   -0.329936 (VIOLATED)
_14205_/A                               1.500000    1.829935   -0.329935 (VIOLATED)
_14226_/A                               1.500000    1.829935   -0.329935 (VIOLATED)
_14230_/A                               1.500000    1.829935   -0.329935 (VIOLATED)
_14238_/A                               1.500000    1.829935   -0.329935 (VIOLATED)
_14177_/A                               1.500000    1.829919   -0.329919 (VIOLATED)
_14182_/A1                              1.500000    1.829906   -0.329906 (VIOLATED)
_14146_/A                               1.500000    1.829900   -0.329900 (VIOLATED)
_14235_/A1                              1.500000    1.829899   -0.329899 (VIOLATED)
_14296_/A1                              1.500000    1.829897   -0.329897 (VIOLATED)
_14197_/A                               1.500000    1.829893   -0.329893 (VIOLATED)
_14466_/A1                              1.500000    1.829889   -0.329889 (VIOLATED)
_14467_/A                               1.500000    1.829889   -0.329889 (VIOLATED)
_14193_/A                               1.500000    1.829889   -0.329889 (VIOLATED)
_14232_/A1                              1.500000    1.829887   -0.329887 (VIOLATED)
_14768_/A1                              1.500000    1.829884   -0.329884 (VIOLATED)
_14403_/A1                              1.500000    1.829883   -0.329883 (VIOLATED)
_14131_/A                               1.500000    1.829880   -0.329880 (VIOLATED)
_14537_/A1                              1.500000    1.829880   -0.329880 (VIOLATED)
_14187_/A                               1.500000    1.829879   -0.329879 (VIOLATED)
_14321_/A                               1.500000    1.829878   -0.329878 (VIOLATED)
_14334_/A1                              1.500000    1.829878   -0.329878 (VIOLATED)
_14190_/A                               1.500000    1.829876   -0.329876 (VIOLATED)
_14480_/B2                              1.500000    1.829873   -0.329873 (VIOLATED)
_14220_/A                               1.500000    1.829872   -0.329872 (VIOLATED)
_13120_/Y                               1.496182    1.825859   -0.329677 (VIOLATED)
_13854_/B                               1.500000    1.825887   -0.325887 (VIOLATED)
_13911_/A0                              1.500000    1.825886   -0.325886 (VIOLATED)
_13121_/A1                              1.500000    1.825880   -0.325880 (VIOLATED)
_19582_/B                               1.500000    1.825873   -0.325873 (VIOLATED)
ANTENNA_100/DIODE                       1.500000    1.807591   -0.307591 (VIOLATED)
_13844_/A1                              1.500000    1.807591   -0.307591 (VIOLATED)
_14509_/B                               1.500000    1.807588   -0.307588 (VIOLATED)
_14502_/A0                              1.500000    1.807587   -0.307587 (VIOLATED)
_19664_/B                               1.500000    1.807576   -0.307576 (VIOLATED)
_13843_/Y                               1.501720    1.807566   -0.305846 (VIOLATED)
_19799_/Y                               1.497361    1.778320   -0.280959 (VIOLATED)
_19809_/B1                              1.500000    1.778440   -0.278441 (VIOLATED)
_20159_/A1                              1.500000    1.778437   -0.278437 (VIOLATED)
ANTENNA_50/DIODE                        1.500000    1.778389   -0.278389 (VIOLATED)
_20505_/B2                              1.500000    1.778389   -0.278389 (VIOLATED)
ANTENNA_327/DIODE                       1.500000    1.778331   -0.278331 (VIOLATED)
_23963_/B2                              1.500000    1.778331   -0.278331 (VIOLATED)
_15997_/Y                               1.486772    1.736704   -0.249932 (VIOLATED)
_13492_/C                               1.500000    1.748732   -0.248732 (VIOLATED)
_13527_/B                               1.500000    1.748730   -0.248730 (VIOLATED)
_13554_/A                               1.500000    1.748717   -0.248717 (VIOLATED)
_13536_/B                               1.500000    1.748716   -0.248716 (VIOLATED)
_13546_/C1                              1.500000    1.748698   -0.248698 (VIOLATED)
_13594_/C                               1.500000    1.748678   -0.248678 (VIOLATED)
_13545_/C                               1.500000    1.748641   -0.248641 (VIOLATED)
_13578_/D                               1.500000    1.748617   -0.248617 (VIOLATED)
_13530_/C                               1.500000    1.748604   -0.248604 (VIOLATED)
_13537_/C                               1.500000    1.748596   -0.248596 (VIOLATED)
_13945_/A1                              1.500000    1.748596   -0.248596 (VIOLATED)
_13551_/C1                              1.500000    1.748595   -0.248595 (VIOLATED)
_13489_/B                               1.500000    1.748583   -0.248583 (VIOLATED)
_13528_/C                               1.500000    1.748563   -0.248563 (VIOLATED)
_13560_/D                               1.500000    1.748556   -0.248556 (VIOLATED)
_13522_/B                               1.500000    1.748533   -0.248533 (VIOLATED)
_13495_/D                               1.500000    1.748527   -0.248527 (VIOLATED)
_13564_/D                               1.500000    1.748518   -0.248518 (VIOLATED)
_13618_/D                               1.500000    1.748499   -0.248499 (VIOLATED)
_13559_/D                               1.500000    1.748488   -0.248488 (VIOLATED)
_13628_/D                               1.500000    1.748476   -0.248476 (VIOLATED)
_13558_/C                               1.500000    1.748474   -0.248474 (VIOLATED)
_13572_/C1                              1.500000    1.748474   -0.248474 (VIOLATED)
_13571_/D                               1.500000    1.748473   -0.248473 (VIOLATED)
_14230_/B                               1.500000    1.742431   -0.242431 (VIOLATED)
_14199_/B                               1.500000    1.742430   -0.242430 (VIOLATED)
_14257_/A2                              1.500000    1.742429   -0.242429 (VIOLATED)
_14328_/B                               1.500000    1.742428   -0.242428 (VIOLATED)
_14147_/B                               1.500000    1.742427   -0.242428 (VIOLATED)
_14213_/B                               1.500000    1.742427   -0.242427 (VIOLATED)
_14221_/B                               1.500000    1.742425   -0.242425 (VIOLATED)
_14280_/A                               1.500000    1.742422   -0.242422 (VIOLATED)
_14307_/A                               1.500000    1.742420   -0.242420 (VIOLATED)
_14408_/A1                              1.500000    1.742398   -0.242398 (VIOLATED)
_14498_/A1                              1.500000    1.742393   -0.242393 (VIOLATED)
_14647_/B1                              1.500000    1.742393   -0.242393 (VIOLATED)
_14404_/A1                              1.500000    1.742388   -0.242388 (VIOLATED)
_14722_/C1                              1.500000    1.742387   -0.242387 (VIOLATED)
_14267_/A1                              1.500000    1.742382   -0.242382 (VIOLATED)
_14232_/A2                              1.500000    1.742351   -0.242351 (VIOLATED)
_14602_/C1                              1.500000    1.742331   -0.242331 (VIOLATED)
_14313_/A1                              1.500000    1.742330   -0.242330 (VIOLATED)
_14235_/A2                              1.500000    1.742289   -0.242289 (VIOLATED)
_14335_/A2                              1.500000    1.742266   -0.242266 (VIOLATED)
_14296_/A2                              1.500000    1.742248   -0.242248 (VIOLATED)
_14297_/A2                              1.500000    1.742230   -0.242230 (VIOLATED)
_14197_/B                               1.500000    1.742230   -0.242230 (VIOLATED)
_14249_/B                               1.500000    1.742229   -0.242229 (VIOLATED)
_14321_/B                               1.500000    1.742208   -0.242208 (VIOLATED)
_14187_/B                               1.500000    1.742198   -0.242198 (VIOLATED)
_14190_/B                               1.500000    1.742198   -0.242198 (VIOLATED)
_14204_/B                               1.500000    1.742198   -0.242198 (VIOLATED)
_14275_/B                               1.500000    1.742198   -0.242198 (VIOLATED)
ANTENNA_117/DIODE                       1.500000    1.736865   -0.236865 (VIOLATED)
_20912_/A2                              1.500000    1.736866   -0.236866 (VIOLATED)
_16373_/A                               1.500000    1.736775   -0.236775 (VIOLATED)
_20929_/B                               1.500000    1.736774   -0.236774 (VIOLATED)
_20917_/A                               1.500000    1.736767   -0.236767 (VIOLATED)
_15998_/B                               1.500000    1.736742   -0.236742 (VIOLATED)
_20980_/B                               1.500000    1.736724   -0.236724 (VIOLATED)
_16485_/B                               1.500000    1.736711   -0.236711 (VIOLATED)
_16297_/A                               1.500000    1.736711   -0.236711 (VIOLATED)
_12477_/B                               1.500000    1.723285   -0.223285 (VIOLATED)
_12476_/B                               1.500000    1.723275   -0.223275 (VIOLATED)
_13011_/B                               1.500000    1.723270   -0.223270 (VIOLATED)
_12491_/A1                              1.500000    1.723261   -0.223261 (VIOLATED)
_12389_/D                               1.500000    1.723257   -0.223257 (VIOLATED)
_12343_/B                               1.500000    1.723230   -0.223230 (VIOLATED)
_12475_/A2                              1.500000    1.723228   -0.223228 (VIOLATED)
_12989_/A                               1.500000    1.723210   -0.223210 (VIOLATED)
_12992_/A1                              1.500000    1.723210   -0.223210 (VIOLATED)
_12374_/C                               1.500000    1.723209   -0.223209 (VIOLATED)
_12366_/D                               1.500000    1.723207   -0.223207 (VIOLATED)
_12437_/D                               1.500000    1.723207   -0.223207 (VIOLATED)
_12338_/C                               1.500000    1.723206   -0.223206 (VIOLATED)
_12463_/D                               1.500000    1.723206   -0.223206 (VIOLATED)
_12363_/C                               1.500000    1.723204   -0.223204 (VIOLATED)
_12454_/A3                              1.500000    1.723202   -0.223202 (VIOLATED)
_13321_/A2                              1.500000    1.723194   -0.223194 (VIOLATED)
_12758_/D                               1.500000    1.723189   -0.223189 (VIOLATED)
_12375_/D                               1.500000    1.723180   -0.223180 (VIOLATED)
_12356_/D                               1.500000    1.723160   -0.223160 (VIOLATED)
_12417_/D                               1.500000    1.723132   -0.223133 (VIOLATED)
_12332_/B                               1.500000    1.723114   -0.223114 (VIOLATED)
_12354_/B                               1.500000    1.723101   -0.223101 (VIOLATED)
_21301_/X                               1.498776    1.692297   -0.193521 (VIOLATED)
_14102_/A1                              1.500000    1.693157   -0.193157 (VIOLATED)
_14750_/B                               1.500000    1.693157   -0.193157 (VIOLATED)
_14780_/A0                              1.500000    1.693155   -0.193155 (VIOLATED)
_19724_/B                               1.500000    1.693135   -0.193135 (VIOLATED)
_21575_/B1                              1.500000    1.692996   -0.192996 (VIOLATED)
_21574_/C1                              1.500000    1.692994   -0.192994 (VIOLATED)
_21551_/B1                              1.500000    1.692989   -0.192989 (VIOLATED)
_21550_/C1                              1.500000    1.692987   -0.192988 (VIOLATED)
_21534_/A2                              1.500000    1.692987   -0.192987 (VIOLATED)
_21532_/C1                              1.500000    1.692986   -0.192986 (VIOLATED)
_21539_/C1                              1.500000    1.692951   -0.192951 (VIOLATED)
_21541_/A2                              1.500000    1.692941   -0.192941 (VIOLATED)
_21368_/C1                              1.500000    1.692897   -0.192897 (VIOLATED)
_21346_/C1                              1.500000    1.692892   -0.192892 (VIOLATED)
_21369_/B1                              1.500000    1.692886   -0.192886 (VIOLATED)
_21357_/C1                              1.500000    1.692872   -0.192872 (VIOLATED)
_21348_/A2                              1.500000    1.692871   -0.192871 (VIOLATED)
_21359_/A2                              1.500000    1.692859   -0.192859 (VIOLATED)
_21378_/A2                              1.500000    1.692856   -0.192856 (VIOLATED)
_21526_/B1                              1.500000    1.692852   -0.192852 (VIOLATED)
_21525_/C1                              1.500000    1.692850   -0.192850 (VIOLATED)
_21318_/C1                              1.500000    1.692843   -0.192843 (VIOLATED)
_21336_/B1                              1.500000    1.692824   -0.192825 (VIOLATED)
_21326_/C1                              1.500000    1.692816   -0.192816 (VIOLATED)
_21320_/A2                              1.500000    1.692784   -0.192784 (VIOLATED)
_21376_/C1                              1.500000    1.692776   -0.192776 (VIOLATED)
_21309_/C1                              1.500000    1.692772   -0.192772 (VIOLATED)
_21335_/C1                              1.500000    1.692770   -0.192770 (VIOLATED)
_21517_/C1                              1.500000    1.692747   -0.192747 (VIOLATED)
_21311_/A2                              1.500000    1.692734   -0.192734 (VIOLATED)
_21328_/A2                              1.500000    1.692702   -0.192703 (VIOLATED)
_21519_/A2                              1.500000    1.692701   -0.192701 (VIOLATED)
_21568_/B1                              1.500000    1.692617   -0.192617 (VIOLATED)
_21567_/C1                              1.500000    1.692600   -0.192600 (VIOLATED)
_21512_/C1                              1.500000    1.692533   -0.192533 (VIOLATED)
_21513_/B1                              1.500000    1.692532   -0.192532 (VIOLATED)
_21502_/C1                              1.500000    1.692530   -0.192530 (VIOLATED)
_21495_/B1                              1.500000    1.692528   -0.192528 (VIOLATED)
_21503_/B1                              1.500000    1.692528   -0.192528 (VIOLATED)
_21486_/A2                              1.500000    1.692527   -0.192527 (VIOLATED)
_21494_/C1                              1.500000    1.692525   -0.192525 (VIOLATED)
_21455_/A2                              1.500000    1.692523   -0.192523 (VIOLATED)
_21484_/C1                              1.500000    1.692519   -0.192519 (VIOLATED)
_21480_/B1                              1.500000    1.692509   -0.192509 (VIOLATED)
_21479_/C1                              1.500000    1.692505   -0.192505 (VIOLATED)
_21394_/B1                              1.500000    1.692495   -0.192495 (VIOLATED)
_21393_/C1                              1.500000    1.692494   -0.192494 (VIOLATED)
_21558_/C1                              1.500000    1.692493   -0.192493 (VIOLATED)
_21412_/A2                              1.500000    1.692492   -0.192492 (VIOLATED)
_21401_/C1                              1.500000    1.692491   -0.192491 (VIOLATED)
_21470_/A2                              1.500000    1.692489   -0.192489 (VIOLATED)
_21410_/C1                              1.500000    1.692486   -0.192486 (VIOLATED)
_21427_/C1                              1.500000    1.692486   -0.192486 (VIOLATED)
_21403_/A2                              1.500000    1.692485   -0.192485 (VIOLATED)
_21447_/A2                              1.500000    1.692472   -0.192472 (VIOLATED)
_21445_/C1                              1.500000    1.692470   -0.192470 (VIOLATED)
_21384_/C1                              1.500000    1.692469   -0.192469 (VIOLATED)
_21385_/B1                              1.500000    1.692469   -0.192469 (VIOLATED)
_21560_/A2                              1.500000    1.692458   -0.192458 (VIOLATED)
_21429_/A2                              1.500000    1.692453   -0.192453 (VIOLATED)
_21453_/C1                              1.500000    1.692442   -0.192442 (VIOLATED)
_21462_/A2                              1.500000    1.692433   -0.192433 (VIOLATED)
_21460_/C1                              1.500000    1.692410   -0.192410 (VIOLATED)
_21468_/C1                              1.500000    1.692397   -0.192397 (VIOLATED)
_21437_/C1                              1.500000    1.692371   -0.192371 (VIOLATED)
_21438_/B1                              1.500000    1.692370   -0.192370 (VIOLATED)
_21418_/C1                              1.500000    1.692354   -0.192354 (VIOLATED)
_21419_/B1                              1.500000    1.692354   -0.192354 (VIOLATED)
_14101_/Y                               1.501720    1.693132   -0.191412 (VIOLATED)
_19449_/C1                              1.500000    1.648950   -0.148950 (VIOLATED)
_19402_/C1                              1.500000    1.648940   -0.148940 (VIOLATED)
_18264_/B1                              1.500000    1.648897   -0.148897 (VIOLATED)
_19255_/C1                              1.500000    1.648896   -0.148897 (VIOLATED)
_18263_/C1                              1.500000    1.648895   -0.148895 (VIOLATED)
_19256_/B1                              1.500000    1.648893   -0.148893 (VIOLATED)
_19069_/C1                              1.500000    1.648886   -0.148886 (VIOLATED)
_17688_/C1                              1.500000    1.648885   -0.148885 (VIOLATED)
_17689_/B1                              1.500000    1.648881   -0.148881 (VIOLATED)
_19521_/C1                              1.500000    1.648880   -0.148880 (VIOLATED)
_18388_/B1                              1.500000    1.648879   -0.148879 (VIOLATED)
_19172_/C1                              1.500000    1.648878   -0.148878 (VIOLATED)
_19173_/B1                              1.500000    1.648876   -0.148876 (VIOLATED)
_18387_/C1                              1.500000    1.648875   -0.148875 (VIOLATED)
_17640_/C1                              1.500000    1.648868   -0.148868 (VIOLATED)
_17641_/B1                              1.500000    1.648861   -0.148861 (VIOLATED)
_17593_/B1                              1.500000    1.648845   -0.148845 (VIOLATED)
_17318_/C1                              1.500000    1.648845   -0.148845 (VIOLATED)
_19489_/C1                              1.500000    1.648843   -0.148843 (VIOLATED)
_18079_/C1                              1.500000    1.648839   -0.148839 (VIOLATED)
_17592_/C1                              1.500000    1.648834   -0.148834 (VIOLATED)
_17319_/B1                              1.500000    1.648823   -0.148823 (VIOLATED)
_19490_/B1                              1.500000    1.648812   -0.148812 (VIOLATED)
_17539_/B1                              1.500000    1.648786   -0.148786 (VIOLATED)
_17538_/C1                              1.500000    1.648742   -0.148742 (VIOLATED)
_17192_/B1                              1.500000    1.648696   -0.148696 (VIOLATED)
_19327_/C1                              1.500000    1.648678   -0.148678 (VIOLATED)
_17191_/C1                              1.500000    1.648667   -0.148667 (VIOLATED)
_19523_/A2                              1.500000    1.648663   -0.148663 (VIOLATED)
_19328_/B1                              1.500000    1.648659   -0.148659 (VIOLATED)
_19071_/A2                              1.500000    1.648657   -0.148657 (VIOLATED)
_18612_/C1                              1.500000    1.648618   -0.148619 (VIOLATED)
_17428_/B1                              1.500000    1.648604   -0.148604 (VIOLATED)
_18678_/C1                              1.500000    1.648587   -0.148587 (VIOLATED)
_18773_/C1                              1.500000    1.648551   -0.148551 (VIOLATED)
_17427_/C1                              1.500000    1.648547   -0.148547 (VIOLATED)
_18502_/C1                              1.500000    1.648523   -0.148523 (VIOLATED)
_19451_/A2                              1.500000    1.648511   -0.148511 (VIOLATED)
_17009_/C1                              1.500000    1.648511   -0.148511 (VIOLATED)
_18731_/C1                              1.500000    1.648489   -0.148489 (VIOLATED)
_17010_/B1                              1.500000    1.648486   -0.148486 (VIOLATED)
_18503_/B1                              1.500000    1.648388   -0.148388 (VIOLATED)
_16477_/C1                              1.500000    1.648323   -0.148323 (VIOLATED)
_18391_/B1                              1.500000    1.648315   -0.148315 (VIOLATED)
_18523_/A2                              1.500000    1.648304   -0.148304 (VIOLATED)
_18797_/A2                              1.500000    1.648261   -0.148261 (VIOLATED)
_16478_/B1                              1.500000    1.648256   -0.148256 (VIOLATED)
_17630_/B1                              1.500000    1.648206   -0.148207 (VIOLATED)
_18789_/A2                              1.500000    1.648158   -0.148158 (VIOLATED)
_19404_/A2                              1.500000    1.648126   -0.148126 (VIOLATED)
_16528_/C1                              1.500000    1.648124   -0.148124 (VIOLATED)
_16529_/B1                              1.500000    1.648115   -0.148115 (VIOLATED)
_19396_/B1                              1.500000    1.648104   -0.148104 (VIOLATED)
_18100_/A2                              1.500000    1.648059   -0.148059 (VIOLATED)
_18780_/B1                              1.500000    1.648039   -0.148039 (VIOLATED)
_18069_/A2                              1.500000    1.647996   -0.147996 (VIOLATED)
_18774_/B1                              1.500000    1.647959   -0.147959 (VIOLATED)
_18149_/A2                              1.500000    1.647917   -0.147917 (VIOLATED)
_17677_/A2                              1.500000    1.647901   -0.147901 (VIOLATED)
_18063_/B1                              1.500000    1.647838   -0.147838 (VIOLATED)
_15543_/X                               1.496294    1.644019   -0.147725 (VIOLATED)
_16367_/C1                              1.500000    1.647685   -0.147685 (VIOLATED)
_16368_/B1                              1.500000    1.647682   -0.147682 (VIOLATED)
_18613_/B1                              1.500000    1.647681   -0.147681 (VIOLATED)
_16624_/A2                              1.500000    1.647639   -0.147639 (VIOLATED)
_19166_/A2                              1.500000    1.647627   -0.147627 (VIOLATED)
_19247_/A2                              1.500000    1.647602   -0.147602 (VIOLATED)
_16107_/A2                              1.500000    1.647162   -0.147162 (VIOLATED)
_16242_/A2                              1.500000    1.647132   -0.147132 (VIOLATED)
_19059_/A2                              1.500000    1.647131   -0.147131 (VIOLATED)
_18673_/A2                              1.500000    1.647064   -0.147064 (VIOLATED)
_18488_/A2                              1.500000    1.647039   -0.147040 (VIOLATED)
_18732_/B1                              1.500000    1.646848   -0.146848 (VIOLATED)
_15524_/X                               1.497633    1.644415   -0.146782 (VIOLATED)
_18680_/A2                              1.500000    1.646599   -0.146599 (VIOLATED)
_17298_/A2                              1.500000    1.646500   -0.146500 (VIOLATED)
_18764_/A2                              1.500000    1.646311   -0.146311 (VIOLATED)
_18368_/A2                              1.500000    1.646093   -0.146093 (VIOLATED)
_17779_/A2                              1.500000    1.645706   -0.145706 (VIOLATED)
_16582_/C1                              1.500000    1.645606   -0.145606 (VIOLATED)
_16583_/B1                              1.500000    1.645606   -0.145606 (VIOLATED)
_16633_/A2                              1.500000    1.645593   -0.145593 (VIOLATED)
_16631_/C1                              1.500000    1.645582   -0.145582 (VIOLATED)
_15941_/C1                              1.500000    1.645545   -0.145545 (VIOLATED)
_15942_/B1                              1.500000    1.645545   -0.145545 (VIOLATED)
_18278_/A2                              1.500000    1.645503   -0.145504 (VIOLATED)
_18506_/B1                              1.500000    1.645210   -0.145210 (VIOLATED)
_18081_/A2                              1.500000    1.645179   -0.145179 (VIOLATED)
_16122_/C1                              1.500000    1.645026   -0.145027 (VIOLATED)
_16123_/B1                              1.500000    1.645026   -0.145026 (VIOLATED)
_17773_/A2                              1.500000    1.645011   -0.145011 (VIOLATED)
_16252_/B1                              1.500000    1.644970   -0.144970 (VIOLATED)
_16251_/C1                              1.500000    1.644891   -0.144891 (VIOLATED)
_18541_/B1                              1.500000    1.644877   -0.144877 (VIOLATED)
_17588_/A2                              1.500000    1.644694   -0.144694 (VIOLATED)
_17757_/A2                              1.500000    1.644641   -0.144641 (VIOLATED)
_18422_/A2                              1.500000    1.644454   -0.144454 (VIOLATED)
_17750_/B1                              1.500000    1.644328   -0.144328 (VIOLATED)
_16473_/A2                              1.500000    1.644249   -0.144249 (VIOLATED)
_16352_/B1                              1.500000    1.644242   -0.144242 (VIOLATED)
_15933_/A2                              1.500000    1.644237   -0.144237 (VIOLATED)
_17408_/B1                              1.500000    1.644225   -0.144225 (VIOLATED)
_18727_/A2                              1.500000    1.644221   -0.144221 (VIOLATED)
_16573_/B1                              1.500000    1.644221   -0.144221 (VIOLATED)
_17521_/B1                              1.500000    1.644209   -0.144209 (VIOLATED)
_17005_/A2                              1.500000    1.644190   -0.144190 (VIOLATED)
_16519_/A2                              1.500000    1.644163   -0.144163 (VIOLATED)
_18087_/A2                              1.500000    1.644148   -0.144148 (VIOLATED)
_16580_/Y                               1.486772    1.615398   -0.128626 (VIOLATED)
_12861_/Y                               1.492081    1.615645   -0.123564 (VIOLATED)
ANTENNA_1/DIODE                         1.500000    1.615810   -0.115810 (VIOLATED)
_16582_/A2                              1.500000    1.615810   -0.115810 (VIOLATED)
_19412_/B                               1.500000    1.615687   -0.115687 (VIOLATED)
_19078_/B                               1.500000    1.615685   -0.115685 (VIOLATED)
_12877_/A                               1.500000    1.615645   -0.115645 (VIOLATED)
_14816_/B                               1.500000    1.615645   -0.115645 (VIOLATED)
_19456_/A                               1.500000    1.615623   -0.115623 (VIOLATED)
_19183_/A                               1.500000    1.615619   -0.115620 (VIOLATED)
_20819_/A                               1.500000    1.615589   -0.115589 (VIOLATED)
_20818_/B                               1.500000    1.615586   -0.115586 (VIOLATED)
_20863_/A                               1.500000    1.615519   -0.115519 (VIOLATED)
_21153_/A                               1.500000    1.615468   -0.115468 (VIOLATED)
_16620_/A2                              1.500000    1.614751   -0.114751 (VIOLATED)
_18788_/B1                              1.500000    1.614739   -0.114739 (VIOLATED)
_18524_/B1                              1.500000    1.614688   -0.114688 (VIOLATED)
_17630_/A2                              1.500000    1.614668   -0.114668 (VIOLATED)
_17182_/A2                              1.500000    1.614525   -0.114525 (VIOLATED)
_18796_/A2                              1.500000    1.614505   -0.114505 (VIOLATED)
_18393_/A2                              1.500000    1.614401   -0.114401 (VIOLATED)
_18597_/A2                              1.500000    1.614345   -0.114346 (VIOLATED)
_19392_/A2                              1.500000    1.614181   -0.114181 (VIOLATED)
_18246_/A2                              1.500000    1.613901   -0.113901 (VIOLATED)
_19321_/B1                              1.500000    1.613724   -0.113724 (VIOLATED)
_12581_/A                               1.500000    1.613536   -0.113536 (VIOLATED)
_12578_/A                               1.500000    1.613535   -0.113535 (VIOLATED)
_12910_/A1                              1.500000    1.613527   -0.113527 (VIOLATED)
_13414_/A1                              1.500000    1.613520   -0.113520 (VIOLATED)
_12574_/A                               1.500000    1.613502   -0.113502 (VIOLATED)
_12567_/A1                              1.500000    1.613498   -0.113498 (VIOLATED)
_12565_/A                               1.500000    1.613497   -0.113497 (VIOLATED)
_12618_/A                               1.500000    1.613490   -0.113491 (VIOLATED)
_12625_/A                               1.500000    1.613483   -0.113483 (VIOLATED)
_12623_/A                               1.500000    1.613479   -0.113479 (VIOLATED)
_12683_/A                               1.500000    1.613478   -0.113478 (VIOLATED)
_12685_/A                               1.500000    1.613474   -0.113474 (VIOLATED)
_12642_/A                               1.500000    1.613467   -0.113467 (VIOLATED)
_12506_/A                               1.500000    1.613466   -0.113466 (VIOLATED)
_12603_/A                               1.500000    1.613466   -0.113466 (VIOLATED)
_12631_/A                               1.500000    1.613466   -0.113466 (VIOLATED)
_12563_/A                               1.500000    1.613466   -0.113466 (VIOLATED)
_12577_/A                               1.500000    1.613466   -0.113466 (VIOLATED)
_12580_/A1                              1.500000    1.613465   -0.113465 (VIOLATED)
_12844_/A1                              1.500000    1.613464   -0.113464 (VIOLATED)
_12576_/A                               1.500000    1.613461   -0.113461 (VIOLATED)
_12671_/A                               1.500000    1.613461   -0.113461 (VIOLATED)
_18780_/A2                              1.500000    1.613379   -0.113379 (VIOLATED)
_18072_/B1                              1.500000    1.613188   -0.113188 (VIOLATED)
_19249_/A2                              1.500000    1.612915   -0.112915 (VIOLATED)
_18063_/A2                              1.500000    1.612738   -0.112738 (VIOLATED)
_17682_/A2                              1.500000    1.612407   -0.112407 (VIOLATED)
_17300_/B1                              1.500000    1.612343   -0.112343 (VIOLATED)
_18369_/B1                              1.500000    1.612119   -0.112119 (VIOLATED)
_17782_/A2                              1.500000    1.612082   -0.112082 (VIOLATED)
_18510_/B1                              1.500000    1.611568   -0.111568 (VIOLATED)
_18540_/A2                              1.500000    1.611566   -0.111566 (VIOLATED)
_17767_/A2                              1.500000    1.611564   -0.111564 (VIOLATED)
_18722_/A2                              1.500000    1.611552   -0.111552 (VIOLATED)
_17584_/A2                              1.500000    1.611471   -0.111471 (VIOLATED)
_19065_/A2                              1.500000    1.611103   -0.111103 (VIOLATED)
_19161_/A2                              1.500000    1.611098   -0.111098 (VIOLATED)
_18672_/A2                              1.500000    1.611066   -0.111066 (VIOLATED)
_16574_/A2                              1.500000    1.611058   -0.111058 (VIOLATED)
_18763_/A2                              1.500000    1.611015   -0.111015 (VIOLATED)
_15538_/X                               1.498522    1.609479   -0.110957 (VIOLATED)
_16243_/A2                              1.500000    1.610848   -0.110848 (VIOLATED)
_18486_/A2                              1.500000    1.610844   -0.110844 (VIOLATED)
_16472_/A2                              1.500000    1.610722   -0.110722 (VIOLATED)
_16105_/A2                              1.500000    1.610703   -0.110703 (VIOLATED)
_15934_/B1                              1.500000    1.610687   -0.110687 (VIOLATED)
_17413_/B1                              1.500000    1.610598   -0.110598 (VIOLATED)
_16522_/A2                              1.500000    1.610408   -0.110408 (VIOLATED)
_17004_/A2                              1.500000    1.610407   -0.110407 (VIOLATED)
_16348_/A2                              1.500000    1.610403   -0.110403 (VIOLATED)
_17521_/A2                              1.500000    1.610115   -0.110115 (VIOLATED)
_17758_/A2                              1.500000    1.609732   -0.109732 (VIOLATED)
_18084_/B1                              1.500000    1.609721   -0.109721 (VIOLATED)
_18420_/A2                              1.500000    1.609679   -0.109679 (VIOLATED)
_22287_/S                               1.500000    1.595263   -0.095263 (VIOLATED)
_22259_/S                               1.500000    1.595251   -0.095251 (VIOLATED)
_22288_/S                               1.500000    1.595247   -0.095247 (VIOLATED)
_22258_/S                               1.500000    1.595233   -0.095233 (VIOLATED)
_22255_/S                               1.500000    1.595229   -0.095229 (VIOLATED)
_22248_/S                               1.500000    1.595209   -0.095209 (VIOLATED)
_22237_/S                               1.500000    1.595200   -0.095200 (VIOLATED)
_22256_/S                               1.500000    1.595154   -0.095154 (VIOLATED)
_22257_/S                               1.500000    1.595133   -0.095133 (VIOLATED)
_22242_/S                               1.500000    1.595128   -0.095128 (VIOLATED)
_22276_/S                               1.500000    1.595119   -0.095120 (VIOLATED)
_22227_/X                               1.499304    1.594379   -0.095075 (VIOLATED)
_22254_/S                               1.500000    1.594963   -0.094963 (VIOLATED)
_22244_/S                               1.500000    1.594927   -0.094927 (VIOLATED)
_22252_/S                               1.500000    1.594916   -0.094916 (VIOLATED)
_22235_/S                               1.500000    1.594906   -0.094906 (VIOLATED)
_22253_/S                               1.500000    1.594901   -0.094901 (VIOLATED)
_22268_/S                               1.500000    1.594804   -0.094804 (VIOLATED)
_22263_/S                               1.500000    1.594793   -0.094793 (VIOLATED)
_22273_/S                               1.500000    1.594793   -0.094793 (VIOLATED)
_22295_/S                               1.500000    1.594786   -0.094786 (VIOLATED)
_22264_/S                               1.500000    1.594783   -0.094783 (VIOLATED)
_22272_/S                               1.500000    1.594759   -0.094759 (VIOLATED)
_22261_/S                               1.500000    1.594712   -0.094712 (VIOLATED)
_22233_/S                               1.500000    1.594704   -0.094704 (VIOLATED)
_22236_/S                               1.500000    1.594704   -0.094704 (VIOLATED)
_22231_/S                               1.500000    1.594684   -0.094684 (VIOLATED)
_22239_/S                               1.500000    1.594682   -0.094682 (VIOLATED)
_22241_/S                               1.500000    1.594681   -0.094681 (VIOLATED)
_22240_/S                               1.500000    1.594672   -0.094672 (VIOLATED)
_22250_/S                               1.500000    1.594594   -0.094594 (VIOLATED)
_22247_/S                               1.500000    1.594534   -0.094534 (VIOLATED)
_22232_/S                               1.500000    1.594462   -0.094462 (VIOLATED)
_22228_/S                               1.500000    1.594459   -0.094459 (VIOLATED)
_22229_/S                               1.500000    1.594457   -0.094457 (VIOLATED)
_22234_/S                               1.500000    1.594447   -0.094447 (VIOLATED)
_22230_/S                               1.500000    1.594433   -0.094433 (VIOLATED)
_15421_/Y                               1.497361    1.584474   -0.087113 (VIOLATED)
_22207_/A1                              1.500000    1.584556   -0.084556 (VIOLATED)
_21690_/A1                              1.500000    1.584555   -0.084555 (VIOLATED)
_15422_/A1                              1.500000    1.584555   -0.084555 (VIOLATED)
_22595_/A0                              1.500000    1.584554   -0.084554 (VIOLATED)
_22853_/A1                              1.500000    1.584553   -0.084553 (VIOLATED)
_22337_/A0                              1.500000    1.584552   -0.084552 (VIOLATED)
_23267_/A1                              1.500000    1.584552   -0.084552 (VIOLATED)
_21820_/A0                              1.500000    1.584551   -0.084551 (VIOLATED)
_22981_/A1                              1.500000    1.584551   -0.084551 (VIOLATED)
_22724_/A1                              1.500000    1.584551   -0.084551 (VIOLATED)
_23110_/A1                              1.500000    1.584551   -0.084551 (VIOLATED)
_24151_/A0                              1.500000    1.584550   -0.084550 (VIOLATED)
_21949_/A0                              1.500000    1.584550   -0.084550 (VIOLATED)
_22078_/A1                              1.500000    1.584550   -0.084550 (VIOLATED)
_22466_/A0                              1.500000    1.584549   -0.084549 (VIOLATED)
_14075_/B                               1.500000    1.557638   -0.057638 (VIOLATED)
ANTENNA_97/DIODE                        1.500000    1.557638   -0.057638 (VIOLATED)
_13448_/A1                              1.500000    1.557638   -0.057638 (VIOLATED)
_14102_/A0                              1.500000    1.557637   -0.057638 (VIOLATED)
ANTENNA_98/DIODE                        1.500000    1.557637   -0.057637 (VIOLATED)
_19630_/B                               1.500000    1.557629   -0.057629 (VIOLATED)
_13447_/Y                               1.501720    1.557625   -0.055906 (VIOLATED)
_16629_/Y                               1.486772    1.525821   -0.039049 (VIOLATED)
_13260_/Y                               1.496182    1.522590   -0.026408 (VIOLATED)
_16631_/A2                              1.500000    1.525898   -0.025898 (VIOLATED)
ANTENNA_320/DIODE                       1.500000    1.525898   -0.025898 (VIOLATED)
_21082_/A                               1.500000    1.525874   -0.025874 (VIOLATED)
_21302_/A                               1.500000    1.525858   -0.025858 (VIOLATED)
_19182_/B                               1.500000    1.525850   -0.025850 (VIOLATED)
_19270_/B                               1.500000    1.525849   -0.025849 (VIOLATED)
_20828_/B                               1.500000    1.525838   -0.025838 (VIOLATED)
_19495_/B                               1.500000    1.525834   -0.025834 (VIOLATED)
_13261_/B                               1.500000    1.522601   -0.022601 (VIOLATED)
_14916_/B                               1.500000    1.522601   -0.022601 (VIOLATED)
_13306_/A0                              1.500000    1.522599   -0.022599 (VIOLATED)
_19892_/B                               1.500000    1.522590   -0.022590 (VIOLATED)
_14250_/C                               1.500000    1.518992   -0.018992 (VIOLATED)
_14193_/C                               1.500000    1.518991   -0.018991 (VIOLATED)
_14211_/B                               1.500000    1.518990   -0.018990 (VIOLATED)
_14178_/C                               1.500000    1.518989   -0.018989 (VIOLATED)
_14232_/C1                              1.500000    1.518984   -0.018984 (VIOLATED)
_14546_/B2                              1.500000    1.518984   -0.018984 (VIOLATED)
_14451_/A1                              1.500000    1.518980   -0.018980 (VIOLATED)
_14145_/B                               1.500000    1.518978   -0.018978 (VIOLATED)
_14221_/D                               1.500000    1.518978   -0.018978 (VIOLATED)
_14199_/D                               1.500000    1.518977   -0.018977 (VIOLATED)
_14205_/D                               1.500000    1.518977   -0.018977 (VIOLATED)
_14203_/C                               1.500000    1.518977   -0.018977 (VIOLATED)
_14226_/D                               1.500000    1.518977   -0.018977 (VIOLATED)
_14233_/D                               1.500000    1.518976   -0.018976 (VIOLATED)
_14191_/D                               1.500000    1.518972   -0.018972 (VIOLATED)
_14335_/C1                              1.500000    1.518969   -0.018969 (VIOLATED)
_14175_/B                               1.500000    1.518964   -0.018964 (VIOLATED)
_14275_/D                               1.500000    1.518964   -0.018964 (VIOLATED)
_14188_/B                               1.500000    1.518964   -0.018964 (VIOLATED)
_14146_/D                               1.500000    1.518963   -0.018963 (VIOLATED)
_14321_/D                               1.500000    1.518961   -0.018961 (VIOLATED)
_14249_/D                               1.500000    1.518957   -0.018957 (VIOLATED)
_13469_/Y                               1.911667    1.920002   -0.008335 (VIOLATED)
_17709_/Y                               1.486772    1.488177   -0.001405 (VIOLATED)

max capacitance

Pin                                        Limit         Cap       Slack
------------------------------------------------------------------------
_13963_/Y                               0.091563    0.144369   -0.052806 (VIOLATED)
_13417_/Y                               0.065012    0.115702   -0.050690 (VIOLATED)
_21301_/X                               0.311289    0.353908   -0.042619 (VIOLATED)
_15543_/X                               0.297556    0.328764   -0.031208 (VIOLATED)
_15524_/X                               0.315867    0.346552   -0.030685 (VIOLATED)
_19799_/Y                               0.138255    0.166496   -0.028241 (VIOLATED)
_15997_/Y                               0.132761    0.159410   -0.026649 (VIOLATED)
_15538_/X                               0.297556    0.320883   -0.023327 (VIOLATED)
_13843_/Y                               0.091563    0.114049   -0.022486 (VIOLATED)
_22227_/X                               0.303965    0.325209   -0.021244 (VIOLATED)
_13120_/Y                               0.065012    0.084036   -0.019024 (VIOLATED)
_16580_/Y                               0.132761    0.147244   -0.014483 (VIOLATED)
_14101_/Y                               0.091563    0.105815   -0.014252 (VIOLATED)
_15421_/Y                               0.138255    0.147917   -0.009662 (VIOLATED)
_16629_/Y                               0.132761    0.138784   -0.006023 (VIOLATED)
_13447_/Y                               0.091563    0.096762   -0.005199 (VIOLATED)
_13260_/Y                               0.065012    0.068359   -0.003347 (VIOLATED)
_17709_/Y                               0.132761    0.135130   -0.002369 (VIOLATED)
_12861_/Y                               0.020152    0.022409   -0.002257 (VIOLATED)
_13469_/Y                               0.158396    0.160515   -0.002119 (VIOLATED)
_19924_/X                               0.322276    0.322309   -0.000033 (VIOLATED)



===========================================================================
report_parasitic_annotation -report_unannotated
============================================================================
Found 254 unannotated drivers.
 clkload0/Y
 clkload1/Y
 clkload10/X
 clkload100/Y
 clkload101/Y
 clkload102/Y
 clkload103/Y
 clkload104/Y
 clkload105/Y
 clkload106/Y
 clkload107/Y
 clkload108/Y
 clkload109/Y
 clkload11/X
 clkload110/Y
 clkload111/Y
 clkload112/Y
 clkload113/X
 clkload114/X
 clkload115/Y
 clkload116/Y
 clkload117/Y
 clkload118/Y
 clkload119/Y
 clkload12/Y
 clkload120/X
 clkload121/Y
 clkload122/Y
 clkload123/X
 clkload124/Y
 clkload125/Y
 clkload126/Y
 clkload127/Y
 clkload128/Y
 clkload129/Y
 clkload13/Y
 clkload130/Y
 clkload131/X
 clkload132/Y
 clkload133/Y
 clkload134/Y
 clkload135/Y
 clkload136/X
 clkload137/Y
 clkload138/Y
 clkload139/Y
 clkload14/Y
 clkload140/X
 clkload141/Y
 clkload142/Y
 clkload143/X
 clkload144/X
 clkload145/X
 clkload146/Y
 clkload147/Y
 clkload148/Y
 clkload149/Y
 clkload15/Y
 clkload150/Y
 clkload151/Y
 clkload152/Y
 clkload153/Y
 clkload154/Y
 clkload155/Y
 clkload156/Y
 clkload157/Y
 clkload158/Y
 clkload159/Y
 clkload16/Y
 clkload160/Y
 clkload161/Y
 clkload162/Y
 clkload163/X
 clkload164/X
 clkload165/X
 clkload166/X
 clkload167/Y
 clkload168/Y
 clkload169/Y
 clkload17/Y
 clkload170/Y
 clkload171/Y
 clkload172/X
 clkload173/Y
 clkload174/Y
 clkload175/Y
 clkload176/Y
 clkload177/Y
 clkload178/Y
 clkload179/Y
 clkload18/X
 clkload180/Y
 clkload181/Y
 clkload182/X
 clkload183/Y
 clkload184/Y
 clkload185/Y
 clkload186/Y
 clkload187/Y
 clkload188/Y
 clkload189/Y
 clkload19/X
 clkload190/Y
 clkload191/X
 clkload192/Y
 clkload193/X
 clkload194/X
 clkload195/Y
 clkload196/Y
 clkload197/X
 clkload198/X
 clkload199/Y
 clkload2/Y
 clkload20/Y
 clkload200/Y
 clkload201/Y
 clkload202/Y
 clkload203/X
 clkload204/Y
 clkload205/Y
 clkload206/Y
 clkload207/X
 clkload208/Y
 clkload209/Y
 clkload21/X
 clkload210/Y
 clkload211/Y
 clkload212/Y
 clkload213/Y
 clkload214/Y
 clkload215/Y
 clkload216/Y
 clkload217/Y
 clkload218/Y
 clkload219/Y
 clkload22/X
 clkload220/Y
 clkload221/Y
 clkload222/Y
 clkload223/Y
 clkload224/Y
 clkload225/Y
 clkload226/Y
 clkload227/Y
 clkload228/Y
 clkload229/Y
 clkload23/X
 clkload230/Y
 clkload231/Y
 clkload232/Y
 clkload233/Y
 clkload234/Y
 clkload235/Y
 clkload236/X
 clkload237/Y
 clkload238/Y
 clkload239/X
 clkload24/X
 clkload240/X
 clkload241/X
 clkload242/Y
 clkload243/Y
 clkload244/Y
 clkload245/Y
 clkload246/Y
 clkload247/Y
 clkload248/Y
 clkload249/Y
 clkload25/Y
 clkload250/Y
 clkload251/Y
 clkload252/Y
 clkload253/Y
 clkload26/X
 clkload27/Y
 clkload28/Y
 clkload29/X
 clkload3/X
 clkload30/X
 clkload31/Y
 clkload32/Y
 clkload33/Y
 clkload34/X
 clkload35/X
 clkload36/Y
 clkload37/Y
 clkload38/Y
 clkload39/Y
 clkload4/Y
 clkload40/Y
 clkload41/Y
 clkload42/Y
 clkload43/Y
 clkload44/Y
 clkload45/Y
 clkload46/Y
 clkload47/X
 clkload48/X
 clkload49/Y
 clkload5/Y
 clkload50/Y
 clkload51/X
 clkload52/X
 clkload53/Y
 clkload54/X
 clkload55/Y
 clkload56/X
 clkload57/Y
 clkload58/Y
 clkload59/Y
 clkload6/X
 clkload60/Y
 clkload61/Y
 clkload62/Y
 clkload63/Y
 clkload64/Y
 clkload65/X
 clkload66/Y
 clkload67/Y
 clkload68/Y
 clkload69/Y
 clkload7/Y
 clkload70/Y
 clkload71/X
 clkload72/Y
 clkload73/X
 clkload74/Y
 clkload75/Y
 clkload76/Y
 clkload77/X
 clkload78/X
 clkload79/Y
 clkload8/Y
 clkload80/Y
 clkload81/X
 clkload82/X
 clkload83/Y
 clkload84/Y
 clkload85/Y
 clkload86/Y
 clkload87/Y
 clkload88/Y
 clkload89/Y
 clkload9/Y
 clkload90/Y
 clkload91/Y
 clkload92/Y
 clkload93/X
 clkload94/Y
 clkload95/Y
 clkload96/Y
 clkload97/X
 clkload98/Y
 clkload99/Y
Found 0 partially unannotated drivers.

===========================================================================
max slew violation count 528
max fanout violation count 0
max cap violation count 21
============================================================================

===========================================================================
check_setup -verbose -unconstrained_endpoints -multiple_clock -no_clock -no_input_delay -loops -generated_clocks
===========================================================================
Warning: There are 389 input ports missing set_input_delay.
  block[0]
  block[100]
  block[101]
  block[102]
  block[103]
  block[104]
  block[105]
  block[106]
  block[107]
  block[108]
  block[109]
  block[10]
  block[110]
  block[111]
  block[112]
  block[113]
  block[114]
  block[115]
  block[116]
  block[117]
  block[118]
  block[119]
  block[11]
  block[120]
  block[121]
  block[122]
  block[123]
  block[124]
  block[125]
  block[126]
  block[127]
  block[12]
  block[13]
  block[14]
  block[15]
  block[16]
  block[17]
  block[18]
  block[19]
  block[1]
  block[20]
  block[21]
  block[22]
  block[23]
  block[24]
  block[25]
  block[26]
  block[27]
  block[28]
  block[29]
  block[2]
  block[30]
  block[31]
  block[32]
  block[33]
  block[34]
  block[35]
  block[36]
  block[37]
  block[38]
  block[39]
  block[3]
  block[40]
  block[41]
  block[42]
  block[43]
  block[44]
  block[45]
  block[46]
  block[47]
  block[48]
  block[49]
  block[4]
  block[50]
  block[51]
  block[52]
  block[53]
  block[54]
  block[55]
  block[56]
  block[57]
  block[58]
  block[59]
  block[5]
  block[60]
  block[61]
  block[62]
  block[63]
  block[64]
  block[65]
  block[66]
  block[67]
  block[68]
  block[69]
  block[6]
  block[70]
  block[71]
  block[72]
  block[73]
  block[74]
  block[75]
  block[76]
  block[77]
  block[78]
  block[79]
  block[7]
  block[80]
  block[81]
  block[82]
  block[83]
  block[84]
  block[85]
  block[86]
  block[87]
  block[88]
  block[89]
  block[8]
  block[90]
  block[91]
  block[92]
  block[93]
  block[94]
  block[95]
  block[96]
  block[97]
  block[98]
  block[99]
  block[9]
  encdec
  init
  key[0]
  key[100]
  key[101]
  key[102]
  key[103]
  key[104]
  key[105]
  key[106]
  key[107]
  key[108]
  key[109]
  key[10]
  key[110]
  key[111]
  key[112]
  key[113]
  key[114]
  key[115]
  key[116]
  key[117]
  key[118]
  key[119]
  key[11]
  key[120]
  key[121]
  key[122]
  key[123]
  key[124]
  key[125]
  key[126]
  key[127]
  key[128]
  key[129]
  key[12]
  key[130]
  key[131]
  key[132]
  key[133]
  key[134]
  key[135]
  key[136]
  key[137]
  key[138]
  key[139]
  key[13]
  key[140]
  key[141]
  key[142]
  key[143]
  key[144]
  key[145]
  key[146]
  key[147]
  key[148]
  key[149]
  key[14]
  key[150]
  key[151]
  key[152]
  key[153]
  key[154]
  key[155]
  key[156]
  key[157]
  key[158]
  key[159]
  key[15]
  key[160]
  key[161]
  key[162]
  key[163]
  key[164]
  key[165]
  key[166]
  key[167]
  key[168]
  key[169]
  key[16]
  key[170]
  key[171]
  key[172]
  key[173]
  key[174]
  key[175]
  key[176]
  key[177]
  key[178]
  key[179]
  key[17]
  key[180]
  key[181]
  key[182]
  key[183]
  key[184]
  key[185]
  key[186]
  key[187]
  key[188]
  key[189]
  key[18]
  key[190]
  key[191]
  key[192]
  key[193]
  key[194]
  key[195]
  key[196]
  key[197]
  key[198]
  key[199]
  key[19]
  key[1]
  key[200]
  key[201]
  key[202]
  key[203]
  key[204]
  key[205]
  key[206]
  key[207]
  key[208]
  key[209]
  key[20]
  key[210]
  key[211]
  key[212]
  key[213]
  key[214]
  key[215]
  key[216]
  key[217]
  key[218]
  key[219]
  key[21]
  key[220]
  key[221]
  key[222]
  key[223]
  key[224]
  key[225]
  key[226]
  key[227]
  key[228]
  key[229]
  key[22]
  key[230]
  key[231]
  key[232]
  key[233]
  key[234]
  key[235]
  key[236]
  key[237]
  key[238]
  key[239]
  key[23]
  key[240]
  key[241]
  key[242]
  key[243]
  key[244]
  key[245]
  key[246]
  key[247]
  key[248]
  key[249]
  key[24]
  key[250]
  key[251]
  key[252]
  key[253]
  key[254]
  key[255]
  key[25]
  key[26]
  key[27]
  key[28]
  key[29]
  key[2]
  key[30]
  key[31]
  key[32]
  key[33]
  key[34]
  key[35]
  key[36]
  key[37]
  key[38]
  key[39]
  key[3]
  key[40]
  key[41]
  key[42]
  key[43]
  key[44]
  key[45]
  key[46]
  key[47]
  key[48]
  key[49]
  key[4]
  key[50]
  key[51]
  key[52]
  key[53]
  key[54]
  key[55]
  key[56]
  key[57]
  key[58]
  key[59]
  key[5]
  key[60]
  key[61]
  key[62]
  key[63]
  key[64]
  key[65]
  key[66]
  key[67]
  key[68]
  key[69]
  key[6]
  key[70]
  key[71]
  key[72]
  key[73]
  key[74]
  key[75]
  key[76]
  key[77]
  key[78]
  key[79]
  key[7]
  key[80]
  key[81]
  key[82]
  key[83]
  key[84]
  key[85]
  key[86]
  key[87]
  key[88]
  key[89]
  key[8]
  key[90]
  key[91]
  key[92]
  key[93]
  key[94]
  key[95]
  key[96]
  key[97]
  key[98]
  key[99]
  key[9]
  keylen
  next
  reset_n
Warning: There are 130 unconstrained endpoints.
  ready
  result[0]
  result[100]
  result[101]
  result[102]
  result[103]
  result[104]
  result[105]
  result[106]
  result[107]
  result[108]
  result[109]
  result[10]
  result[110]
  result[111]
  result[112]
  result[113]
  result[114]
  result[115]
  result[116]
  result[117]
  result[118]
  result[119]
  result[11]
  result[120]
  result[121]
  result[122]
  result[123]
  result[124]
  result[125]
  result[126]
  result[127]
  result[12]
  result[13]
  result[14]
  result[15]
  result[16]
  result[17]
  result[18]
  result[19]
  result[1]
  result[20]
  result[21]
  result[22]
  result[23]
  result[24]
  result[25]
  result[26]
  result[27]
  result[28]
  result[29]
  result[2]
  result[30]
  result[31]
  result[32]
  result[33]
  result[34]
  result[35]
  result[36]
  result[37]
  result[38]
  result[39]
  result[3]
  result[40]
  result[41]
  result[42]
  result[43]
  result[44]
  result[45]
  result[46]
  result[47]
  result[48]
  result[49]
  result[4]
  result[50]
  result[51]
  result[52]
  result[53]
  result[54]
  result[55]
  result[56]
  result[57]
  result[58]
  result[59]
  result[5]
  result[60]
  result[61]
  result[62]
  result[63]
  result[64]
  result[65]
  result[66]
  result[67]
  result[68]
  result[69]
  result[6]
  result[70]
  result[71]
  result[72]
  result[73]
  result[74]
  result[75]
  result[76]
  result[77]
  result[78]
  result[79]
  result[7]
  result[80]
  result[81]
  result[82]
  result[83]
  result[84]
  result[85]
  result[86]
  result[87]
  result[88]
  result[89]
  result[8]
  result[90]
  result[91]
  result[92]
  result[93]
  result[94]
  result[95]
  result[96]
  result[97]
  result[98]
  result[99]
  result[9]
  result_valid
