Clock: core_clock
Sources: clk 
Generated: no
Virtual: yes
Propagated: no
Period: 20.000000

===========================================================================
report_clock_properties
============================================================================
Clock                   Period          Waveform
----------------------------------------------------
core_clock           20.000000    0.000000 10.000000

===========================================================================
report_clock_latency
============================================================================
Clock core_clock
rise -> rise
    min     max
0.000000 0.000000 source latency
1.326528         network latency _26391_/CLK
        1.676697 network latency _25496_/CLK
---------------
1.326528 1.676697 latency
        0.350169 skew

fall -> fall
    min     max
0.000000 0.000000 source latency
1.214898         network latency _26391_/CLK
        1.544683 network latency _25496_/CLK
---------------
1.214898 1.544683 latency
        0.329785 skew



===========================================================================
report_clock_min_period
============================================================================
core_clock period_min = 16.93 fmax = 59.06
