┏━━━━━━━┳━━━━━━━━━┳━━━━━━━━━━┳━━━━━━━━━━━━━━━━━━━━━━━━━━━━━┳━━━━━━━━━━━━━━━━━━━━┳━━━━━━━┓
┃ P / R ┃ Partial ┃ Required ┃ Net                         ┃ Pin                ┃ Layer ┃
┡━━━━━━━╇━━━━━━━━━╇━━━━━━━━━━╇━━━━━━━━━━━━━━━━━━━━━━━━━━━━━╇━━━━━━━━━━━━━━━━━━━━╇━━━━━━━┩
│ 5.08  │ 2033.27 │ 400.00   │ _10942_                     │ _21826_/A0         │ met3  │
│ 5.06  │ 2024.19 │ 400.00   │ dec_block.block_w2_reg[13\] │ _12166_/A0         │ met3  │
│ 4.62  │ 1848.95 │ 400.00   │ net260                      │ _15302_/B          │ met3  │
│ 4.62  │ 1848.95 │ 400.00   │ net272                      │ _15362_/B          │ met3  │
│ 4.14  │ 1654.98 │ 400.00   │ net337                      │ _15121_/A1         │ met3  │
│ 4.10  │ 1640.67 │ 400.00   │ net433                      │ output433/A        │ met3  │
│ 3.77  │ 1507.24 │ 400.00   │ enc_block.block_w0_reg[24\] │ _12503_/A          │ met3  │
│ 3.49  │ 1396.27 │ 400.00   │ _07818_                     │ _15094_/A1         │ met3  │
│ 3.26  │ 1302.63 │ 400.00   │ net365                      │ _15257_/A2         │ met3  │
│ 3.25  │ 1298.13 │ 400.00   │ net146                      │ _15440_/A1         │ met3  │
│ 3.13  │ 1253.69 │ 400.00   │ dec_block.block_w2_reg[10\] │ _16778_/B2         │ met3  │
│ 3.13  │ 1253.53 │ 400.00   │ net333                      │ _15099_/A1         │ met3  │
│ 3.09  │ 1235.62 │ 400.00   │ net353                      │ _13376_/A0         │ met3  │
│ 2.87  │ 1148.00 │ 400.00   │ net180                      │ _14116_/B          │ met3  │
│ 2.69  │ 1075.39 │ 400.00   │ _05348_                     │ _21281_/A1         │ met3  │
│ 2.68  │ 1073.22 │ 400.00   │ net432                      │ output432/A        │ met3  │
│ 2.48  │ 990.45  │ 400.00   │ _05733_                     │ _20562_/A1         │ met3  │
│ 2.48  │ 990.35  │ 400.00   │ _05851_                     │ _20709_/B2         │ met3  │
│ 2.21  │ 885.14  │ 400.00   │ _12014_                     │ _16563_/A          │ met3  │
│ 2.12  │ 848.49  │ 400.00   │ net406                      │ output406/A        │ met3  │
│ 2.07  │ 829.74  │ 400.00   │ net307                      │ _14897_/A1         │ met3  │
│ 2.02  │ 807.47  │ 400.00   │ _07815_                     │ _15050_/A1         │ met3  │
│ 1.92  │ 767.48  │ 400.00   │ _05733_                     │ _20221_/A1         │ met3  │
│ 1.90  │ 760.58  │ 400.00   │ net120                      │ _20229_/A          │ met3  │
│ 1.85  │ 738.36  │ 400.00   │ keymem.prev_key1_reg[11\]   │ _13488_/B2         │ met3  │
│ 1.68  │ 673.65  │ 400.00   │ _06596_                     │ _20825_/B1         │ met3  │
│ 1.57  │ 629.33  │ 400.00   │ _02494_                     │ _21369_/A1         │ met3  │
│ 1.57  │ 629.04  │ 400.00   │ net352                      │ _15196_/A1         │ met3  │
│ 1.56  │ 622.29  │ 400.00   │ _09849_                     │ _14657_/A          │ met3  │
│ 1.46  │ 584.60  │ 400.00   │ dec_block.block_w3_reg[7\]  │ _15680_/B2         │ met3  │
│ 1.46  │ 584.44  │ 400.00   │ _05437_                     │ _19559_/B1         │ met3  │
│ 1.46  │ 584.44  │ 400.00   │ _06248_                     │ _20811_/B1         │ met3  │
│ 1.35  │ 540.07  │ 400.00   │ dec_block.block_w2_reg[27\] │ _12180_/A0         │ met1  │
│ 1.35  │ 539.83  │ 400.00   │ _02788_                     │ _16976_/A3         │ met3  │
│ 1.35  │ 539.83  │ 400.00   │ _05147_                     │ _21256_/A1         │ met3  │
│ 1.35  │ 539.83  │ 400.00   │ _05733_                     │ _19879_/B1         │ met3  │
│ 1.35  │ 538.05  │ 400.00   │ _10587_                     │ _15022_/B          │ met3  │
│ 1.35  │ 538.05  │ 400.00   │ _10587_                     │ _22653_/A1         │ met3  │
│ 1.34  │ 534.67  │ 400.00   │ _09252_                     │ _14099_/A          │ met3  │
│ 1.24  │ 495.22  │ 400.00   │ _06642_                     │ _20877_/A2         │ met3  │
│ 1.23  │ 492.95  │ 400.00   │ keymem.prev_key1_reg[15\]   │ _13518_/B2         │ met3  │
│ 1.19  │ 476.86  │ 400.00   │ _08066_                     │ _13304_/D_N        │ met1  │
│ 1.19  │ 476.86  │ 400.00   │ _08066_                     │ _13682_/D_N        │ met1  │
│ 1.16  │ 3376.48 │ 2918.08  │ net142                      │ _13850_/A1         │ met5  │
│ 1.14  │ 455.24  │ 400.00   │ _05524_                     │ _20371_/B2         │ met3  │
│ 1.14  │ 455.21  │ 400.00   │ _05763_                     │ _20591_/A1         │ met3  │
│ 1.13  │ 450.62  │ 400.00   │ _05580_                     │ _19712_/B1         │ met3  │
│ 1.13  │ 450.62  │ 400.00   │ net151                      │ _15467_/A1         │ met3  │
│ 1.12  │ 448.36  │ 400.00   │ _05218_                     │ _19328_/A2         │ met3  │
│ 1.12  │ 448.36  │ 400.00   │ _05218_                     │ _21541_/B2         │ met3  │
│ 1.12  │ 3309.58 │ 2956.40  │ _10534_                     │ _14962_/B1         │ met5  │
│ 1.12  │ 447.05  │ 400.00   │ _04479_                     │ _18570_/D          │ met3  │
│ 1.12  │ 447.05  │ 400.00   │ _05372_                     │ _19476_/C          │ met3  │
│ 1.12  │ 447.05  │ 400.00   │ _09530_                     │ _13940_/C          │ met3  │
│ 1.07  │ 2975.03 │ 2778.20  │ net381                      │ _15342_/A1         │ met5  │
│ 1.06  │ 425.50  │ 400.00   │ _09365_                     │ _14426_/A0         │ met3  │
│ 1.06  │ 425.50  │ 400.00   │ _09365_                     │ _14432_/B          │ met3  │
│ 1.04  │ 414.16  │ 400.00   │ dec_block.block_w2_reg[8\]  │ _16758_/B2         │ met4  │
│ 1.03  │ 412.99  │ 400.00   │ enc_block.block_w3_reg[8\]  │ _12129_/A1         │ met1  │
│ 1.03  │ 410.51  │ 400.00   │ net363                      │ _15250_/A1         │ met3  │
│ 1.02  │ 409.28  │ 400.00   │ net434                      │ output434/A        │ met4  │
│ 1.02  │ 409.28  │ 400.00   │ net460                      │ output460/A        │ met4  │
│ 1.02  │ 409.26  │ 400.00   │ net720                      │ _26568_/RESET_B    │ met1  │
│ 1.02  │ 406.13  │ 400.00   │ _11723_                     │ _20837_/A          │ met3  │
│ 1.02  │ 406.08  │ 400.00   │ _11703_                     │ _16252_/A2         │ met3  │
│ 1.02  │ 406.08  │ 400.00   │ _11703_                     │ _20657_/B2         │ met3  │
│ 1.02  │ 406.01  │ 400.00   │ dec_block.block_w3_reg[18\] │ _17814_/A1         │ met3  │
│ 1.02  │ 406.01  │ 400.00   │ net159                      │ _15505_/A1         │ met3  │
│ 1.01  │ 404.48  │ 400.00   │ net720                      │ _24227_/RESET_B    │ met1  │
│ 1.01  │ 403.03  │ 400.00   │ clknet_0_clk                │ clkbuf_2_2_0_clk/A │ met3  │
│ 1.01  │ 403.03  │ 400.00   │ clknet_0_clk                │ clkbuf_2_3_0_clk/A │ met3  │
│ 1.00  │ 401.44  │ 400.00   │ _10830_                     │ _22962_/A1         │ met1  │
└───────┴─────────┴──────────┴─────────────────────────────┴────────────────────┴───────┘
