Clock: core_clock
Sources: clk 
Generated: no
Virtual: yes
Propagated: no
Period: 20.000000

===========================================================================
report_clock_properties
============================================================================
Clock                   Period          Waveform
----------------------------------------------------
core_clock           20.000000    0.000000 10.000000

===========================================================================
report_clock_latency
============================================================================
Clock core_clock
rise -> rise
    min     max
0.000000 0.000000 source latency
0.812927         network latency _26391_/CLK
        1.020366 network latency _25496_/CLK
---------------
0.812927 1.020366 latency
        0.207439 skew

fall -> fall
    min     max
0.000000 0.000000 source latency
0.727345         network latency _26391_/CLK
        0.921929 network latency _25928_/CLK
---------------
0.727345 0.921929 latency
        0.194584 skew



===========================================================================
report_clock_min_period
============================================================================
core_clock period_min = 8.70 fmax = 114.90
