
===========================================================================
report_checks -unconstrained
===========================================================================
======================= min_ff_n40C_1v95 Corner ===================================

Startpoint: _24171_ (rising edge-triggered flip-flop clocked by core_clock)
Endpoint: _24574_ (rising edge-triggered flip-flop clocked by core_clock)
Path Group: core_clock
Path Type: max

Fanout         Cap        Slew       Delay        Time   Description
---------------------------------------------------------------------------------------------
                                  0.000000    0.000000   clock core_clock (rise edge)
                                  0.000000    0.000000   clock source latency
     2    0.100930    0.000000    0.000000    0.000000 ^ clk (in)
                                                         clk (net)
                      0.010566    0.005283    0.005283 ^ clkbuf_0_clk/A (sky130_fd_sc_hd__clkbuf_16)
     4    0.164589    0.136429    0.156918    0.162201 ^ clkbuf_0_clk/X (sky130_fd_sc_hd__clkbuf_16)
                                                         clknet_0_clk (net)
                      0.136812    0.005797    0.167998 ^ clkbuf_2_2_0_clk/A (sky130_fd_sc_hd__clkbuf_8)
     8    0.131046    0.174057    0.212795    0.380794 ^ clkbuf_2_2_0_clk/X (sky130_fd_sc_hd__clkbuf_8)
                                                         clknet_2_2_0_clk (net)
                      0.174216    0.004305    0.385099 ^ clkbuf_5_18__f_clk/A (sky130_fd_sc_hd__clkbuf_16)
     9    0.080554    0.075857    0.150689    0.535788 ^ clkbuf_5_18__f_clk/X (sky130_fd_sc_hd__clkbuf_16)
                                                         clknet_5_18__leaf_clk (net)
                      0.076018    0.002371    0.538159 ^ clkbuf_leaf_61_clk/A (sky130_fd_sc_hd__clkbuf_8)
     9    0.042079    0.063964    0.120843    0.659002 ^ clkbuf_leaf_61_clk/X (sky130_fd_sc_hd__clkbuf_8)
                                                         clknet_leaf_61_clk (net)
                      0.063965    0.000379    0.659381 ^ _24171_/CLK (sky130_fd_sc_hd__dfstp_1)
     5    0.018799    0.134032    0.383139    1.042520 ^ _24171_/Q (sky130_fd_sc_hd__dfstp_1)
                                                         aes_core_ctrl_reg[0] (net)
                      0.134032    0.000094    1.042614 ^ _12117_/A2 (sky130_fd_sc_hd__a21o_4)
    32    0.320160    0.649936    0.461107    1.503721 ^ _12117_/X (sky130_fd_sc_hd__a21o_4)
                                                         _07857_ (net)
                      0.660003    0.065585    1.569306 ^ _12263_/B (sky130_fd_sc_hd__nor2_4)
     6    0.042230    0.142652    0.047929    1.617235 v _12263_/Y (sky130_fd_sc_hd__nor2_4)
                                                         _07867_ (net)
                      0.142656    0.000540    1.617774 v max_cap696/A (sky130_fd_sc_hd__buf_12)
    29    0.237944    0.089284    0.180873    1.798647 v max_cap696/X (sky130_fd_sc_hd__buf_12)
                                                         net696 (net)
                      0.091679    0.011288    1.809936 v max_cap695/A (sky130_fd_sc_hd__buf_12)
    31    0.229651    0.091810    0.161734    1.971670 v max_cap695/X (sky130_fd_sc_hd__buf_12)
                                                         net695 (net)
                      0.091895    0.002479    1.974149 v _12498_/A1 (sky130_fd_sc_hd__a32oi_4)
    22    0.133388    0.619548    0.459279    2.433428 ^ _12498_/Y (sky130_fd_sc_hd__a32oi_4)
                                                         _08102_ (net)
                      0.619575    0.003427    2.436856 ^ _12642_/A (sky130_fd_sc_hd__or4_4)
    19    0.126492    0.274613    0.297574    2.734429 ^ _12642_/X (sky130_fd_sc_hd__or4_4)
                                                         _08246_ (net)
                      0.275431    0.012242    2.746671 ^ _12672_/A1 (sky130_fd_sc_hd__a31o_1)
     2    0.006617    0.056980    0.114806    2.861477 ^ _12672_/X (sky130_fd_sc_hd__a31o_1)
                                                         _08276_ (net)
                      0.056980    0.000064    2.861540 ^ _12674_/D_N (sky130_fd_sc_hd__or4b_2)
     2    0.022777    0.111046    0.390254    3.251795 v _12674_/X (sky130_fd_sc_hd__or4b_2)
                                                         _08278_ (net)
                      0.111047    0.000589    3.252383 v _12840_/A (sky130_fd_sc_hd__or4b_1)
     1    0.004047    0.059428    0.320264    3.572647 v _12840_/X (sky130_fd_sc_hd__or4b_1)
                                                         _08443_ (net)
                      0.059428    0.000052    3.572699 v _12861_/B (sky130_fd_sc_hd__nor4_1)
     2    0.022722    0.643541    0.541121    4.113820 ^ _12861_/Y (sky130_fd_sc_hd__nor4_1)
                                                         _08464_ (net)
                      0.643541    0.000627    4.114448 ^ _14816_/B (sky130_fd_sc_hd__and3_1)
     1    0.026016    0.197549    0.243342    4.357790 ^ _14816_/X (sky130_fd_sc_hd__and3_1)
                                                         _10395_ (net)
                      0.197549    0.000513    4.358303 ^ _14819_/B1 (sky130_fd_sc_hd__a31o_1)
     1    0.011345    0.087949    0.101569    4.459873 ^ _14819_/X (sky130_fd_sc_hd__a31o_1)
                                                         _10398_ (net)
                      0.087949    0.000172    4.460044 ^ _14820_/B (sky130_fd_sc_hd__xor2_2)
     2    0.025761    0.250560    0.214148    4.674193 ^ _14820_/X (sky130_fd_sc_hd__xor2_2)
                                                         _10399_ (net)
                      0.250575    0.001577    4.675769 ^ _14821_/B (sky130_fd_sc_hd__xnor2_2)
     2    0.014904    0.173945    0.104880    4.780649 ^ _14821_/Y (sky130_fd_sc_hd__xnor2_2)
                                                         _10400_ (net)
                      0.173945    0.000087    4.780736 ^ _14822_/B (sky130_fd_sc_hd__xor2_1)
     3    0.010039    0.173132    0.161981    4.942717 ^ _14822_/X (sky130_fd_sc_hd__xor2_1)
                                                         _10401_ (net)
                      0.173132    0.000114    4.942831 ^ _14824_/A2 (sky130_fd_sc_hd__o21a_1)
     1    0.009981    0.076099    0.110863    5.053694 ^ _14824_/X (sky130_fd_sc_hd__o21a_1)
                                                         _10403_ (net)
                      0.076099    0.000095    5.053789 ^ _14825_/B2 (sky130_fd_sc_hd__a221oi_4)
     2    0.011843    0.085050    0.050473    5.104261 v _14825_/Y (sky130_fd_sc_hd__a221oi_4)
                                                         _10404_ (net)
                      0.085050    0.000162    5.104424 v _14836_/A2 (sky130_fd_sc_hd__o31ai_4)
    14    0.067548    0.554817    0.476516    5.580939 ^ _14836_/Y (sky130_fd_sc_hd__o31ai_4)
                                                         _10415_ (net)
                      0.554902    0.005568    5.586507 ^ _21606_/A1 (sky130_fd_sc_hd__mux2_1)
     1    0.003763    0.044825    0.108980    5.695487 ^ _21606_/X (sky130_fd_sc_hd__mux2_1)
                                                         _00408_ (net)
                      0.044825    0.000049    5.695536 ^ _24574_/D (sky130_fd_sc_hd__dfrtp_1)
                                              5.695536   data arrival time

                                 20.000000   20.000000   clock core_clock (rise edge)
                                  0.000000   20.000000   clock source latency
     2    0.100930    0.000000    0.000000   20.000000 ^ clk (in)
                                                         clk (net)
                      0.010566    0.005283   20.005283 ^ clkbuf_0_clk/A (sky130_fd_sc_hd__clkbuf_16)
     4    0.164589    0.136429    0.156918   20.162201 ^ clkbuf_0_clk/X (sky130_fd_sc_hd__clkbuf_16)
                                                         clknet_0_clk (net)
                      0.136554    0.003368   20.165569 ^ clkbuf_2_1_0_clk/A (sky130_fd_sc_hd__clkbuf_8)
     8    0.131028    0.174106    0.212347   20.377916 ^ clkbuf_2_1_0_clk/X (sky130_fd_sc_hd__clkbuf_8)
                                                         clknet_2_1_0_clk (net)
                      0.174251    0.004123   20.382040 ^ clkbuf_5_9__f_clk/A (sky130_fd_sc_hd__clkbuf_16)
     9    0.077149    0.073420    0.149067   20.531107 ^ clkbuf_5_9__f_clk/X (sky130_fd_sc_hd__clkbuf_16)
                                                         clknet_5_9__leaf_clk (net)
                      0.073434    0.001087   20.532194 ^ clkbuf_leaf_223_clk/A (sky130_fd_sc_hd__clkbuf_8)
    14    0.043550    0.065827    0.121627   20.653820 ^ clkbuf_leaf_223_clk/X (sky130_fd_sc_hd__clkbuf_8)
                                                         clknet_leaf_223_clk (net)
                      0.065829    0.000471   20.654291 ^ _24574_/CLK (sky130_fd_sc_hd__dfrtp_1)
                                  0.000000   20.654291   clock reconvergence pessimism
                                 -0.033892   20.620399   library setup time
                                             20.620399   data required time
---------------------------------------------------------------------------------------------
                                             20.620399   data required time
                                             -5.695536   data arrival time
---------------------------------------------------------------------------------------------
                                             14.924866   slack (MET)




===========================================================================
report_checks --slack_max -0.01
============================================================================
======================= min_ff_n40C_1v95 Corner ===================================

No paths found.


===========================================================================
 report_check_types -max_slew -max_cap -max_fanout -violators
============================================================================
======================= min_ff_n40C_1v95 Corner ===================================



===========================================================================
report_parasitic_annotation -report_unannotated
============================================================================
Found 254 unannotated drivers.
 clkload0/Y
 clkload1/Y
 clkload10/X
 clkload100/Y
 clkload101/Y
 clkload102/Y
 clkload103/Y
 clkload104/Y
 clkload105/Y
 clkload106/Y
 clkload107/Y
 clkload108/Y
 clkload109/Y
 clkload11/X
 clkload110/Y
 clkload111/Y
 clkload112/Y
 clkload113/X
 clkload114/X
 clkload115/Y
 clkload116/Y
 clkload117/Y
 clkload118/Y
 clkload119/Y
 clkload12/Y
 clkload120/X
 clkload121/Y
 clkload122/Y
 clkload123/X
 clkload124/Y
 clkload125/Y
 clkload126/Y
 clkload127/Y
 clkload128/Y
 clkload129/Y
 clkload13/Y
 clkload130/Y
 clkload131/X
 clkload132/Y
 clkload133/Y
 clkload134/Y
 clkload135/Y
 clkload136/X
 clkload137/Y
 clkload138/Y
 clkload139/Y
 clkload14/Y
 clkload140/X
 clkload141/Y
 clkload142/Y
 clkload143/X
 clkload144/X
 clkload145/X
 clkload146/Y
 clkload147/Y
 clkload148/Y
 clkload149/Y
 clkload15/Y
 clkload150/Y
 clkload151/Y
 clkload152/Y
 clkload153/Y
 clkload154/Y
 clkload155/Y
 clkload156/Y
 clkload157/Y
 clkload158/Y
 clkload159/Y
 clkload16/Y
 clkload160/Y
 clkload161/Y
 clkload162/Y
 clkload163/X
 clkload164/X
 clkload165/X
 clkload166/X
 clkload167/Y
 clkload168/Y
 clkload169/Y
 clkload17/Y
 clkload170/Y
 clkload171/Y
 clkload172/X
 clkload173/Y
 clkload174/Y
 clkload175/Y
 clkload176/Y
 clkload177/Y
 clkload178/Y
 clkload179/Y
 clkload18/X
 clkload180/Y
 clkload181/Y
 clkload182/X
 clkload183/Y
 clkload184/Y
 clkload185/Y
 clkload186/Y
 clkload187/Y
 clkload188/Y
 clkload189/Y
 clkload19/X
 clkload190/Y
 clkload191/X
 clkload192/Y
 clkload193/X
 clkload194/X
 clkload195/Y
 clkload196/Y
 clkload197/X
 clkload198/X
 clkload199/Y
 clkload2/Y
 clkload20/Y
 clkload200/Y
 clkload201/Y
 clkload202/Y
 clkload203/X
 clkload204/Y
 clkload205/Y
 clkload206/Y
 clkload207/X
 clkload208/Y
 clkload209/Y
 clkload21/X
 clkload210/Y
 clkload211/Y
 clkload212/Y
 clkload213/Y
 clkload214/Y
 clkload215/Y
 clkload216/Y
 clkload217/Y
 clkload218/Y
 clkload219/Y
 clkload22/X
 clkload220/Y
 clkload221/Y
 clkload222/Y
 clkload223/Y
 clkload224/Y
 clkload225/Y
 clkload226/Y
 clkload227/Y
 clkload228/Y
 clkload229/Y
 clkload23/X
 clkload230/Y
 clkload231/Y
 clkload232/Y
 clkload233/Y
 clkload234/Y
 clkload235/Y
 clkload236/X
 clkload237/Y
 clkload238/Y
 clkload239/X
 clkload24/X
 clkload240/X
 clkload241/X
 clkload242/Y
 clkload243/Y
 clkload244/Y
 clkload245/Y
 clkload246/Y
 clkload247/Y
 clkload248/Y
 clkload249/Y
 clkload25/Y
 clkload250/Y
 clkload251/Y
 clkload252/Y
 clkload253/Y
 clkload26/X
 clkload27/Y
 clkload28/Y
 clkload29/X
 clkload3/X
 clkload30/X
 clkload31/Y
 clkload32/Y
 clkload33/Y
 clkload34/X
 clkload35/X
 clkload36/Y
 clkload37/Y
 clkload38/Y
 clkload39/Y
 clkload4/Y
 clkload40/Y
 clkload41/Y
 clkload42/Y
 clkload43/Y
 clkload44/Y
 clkload45/Y
 clkload46/Y
 clkload47/X
 clkload48/X
 clkload49/Y
 clkload5/Y
 clkload50/Y
 clkload51/X
 clkload52/X
 clkload53/Y
 clkload54/X
 clkload55/Y
 clkload56/X
 clkload57/Y
 clkload58/Y
 clkload59/Y
 clkload6/X
 clkload60/Y
 clkload61/Y
 clkload62/Y
 clkload63/Y
 clkload64/Y
 clkload65/X
 clkload66/Y
 clkload67/Y
 clkload68/Y
 clkload69/Y
 clkload7/Y
 clkload70/Y
 clkload71/X
 clkload72/Y
 clkload73/X
 clkload74/Y
 clkload75/Y
 clkload76/Y
 clkload77/X
 clkload78/X
 clkload79/Y
 clkload8/Y
 clkload80/Y
 clkload81/X
 clkload82/X
 clkload83/Y
 clkload84/Y
 clkload85/Y
 clkload86/Y
 clkload87/Y
 clkload88/Y
 clkload89/Y
 clkload9/Y
 clkload90/Y
 clkload91/Y
 clkload92/Y
 clkload93/X
 clkload94/Y
 clkload95/Y
 clkload96/Y
 clkload97/X
 clkload98/Y
 clkload99/Y
Found 0 partially unannotated drivers.

===========================================================================
max slew violation count 0
max fanout violation count 0
max cap violation count 0
============================================================================

===========================================================================
check_setup -verbose -unconstrained_endpoints -multiple_clock -no_clock -no_input_delay -loops -generated_clocks
===========================================================================
Warning: There are 389 input ports missing set_input_delay.
  block[0]
  block[100]
  block[101]
  block[102]
  block[103]
  block[104]
  block[105]
  block[106]
  block[107]
  block[108]
  block[109]
  block[10]
  block[110]
  block[111]
  block[112]
  block[113]
  block[114]
  block[115]
  block[116]
  block[117]
  block[118]
  block[119]
  block[11]
  block[120]
  block[121]
  block[122]
  block[123]
  block[124]
  block[125]
  block[126]
  block[127]
  block[12]
  block[13]
  block[14]
  block[15]
  block[16]
  block[17]
  block[18]
  block[19]
  block[1]
  block[20]
  block[21]
  block[22]
  block[23]
  block[24]
  block[25]
  block[26]
  block[27]
  block[28]
  block[29]
  block[2]
  block[30]
  block[31]
  block[32]
  block[33]
  block[34]
  block[35]
  block[36]
  block[37]
  block[38]
  block[39]
  block[3]
  block[40]
  block[41]
  block[42]
  block[43]
  block[44]
  block[45]
  block[46]
  block[47]
  block[48]
  block[49]
  block[4]
  block[50]
  block[51]
  block[52]
  block[53]
  block[54]
  block[55]
  block[56]
  block[57]
  block[58]
  block[59]
  block[5]
  block[60]
  block[61]
  block[62]
  block[63]
  block[64]
  block[65]
  block[66]
  block[67]
  block[68]
  block[69]
  block[6]
  block[70]
  block[71]
  block[72]
  block[73]
  block[74]
  block[75]
  block[76]
  block[77]
  block[78]
  block[79]
  block[7]
  block[80]
  block[81]
  block[82]
  block[83]
  block[84]
  block[85]
  block[86]
  block[87]
  block[88]
  block[89]
  block[8]
  block[90]
  block[91]
  block[92]
  block[93]
  block[94]
  block[95]
  block[96]
  block[97]
  block[98]
  block[99]
  block[9]
  encdec
  init
  key[0]
  key[100]
  key[101]
  key[102]
  key[103]
  key[104]
  key[105]
  key[106]
  key[107]
  key[108]
  key[109]
  key[10]
  key[110]
  key[111]
  key[112]
  key[113]
  key[114]
  key[115]
  key[116]
  key[117]
  key[118]
  key[119]
  key[11]
  key[120]
  key[121]
  key[122]
  key[123]
  key[124]
  key[125]
  key[126]
  key[127]
  key[128]
  key[129]
  key[12]
  key[130]
  key[131]
  key[132]
  key[133]
  key[134]
  key[135]
  key[136]
  key[137]
  key[138]
  key[139]
  key[13]
  key[140]
  key[141]
  key[142]
  key[143]
  key[144]
  key[145]
  key[146]
  key[147]
  key[148]
  key[149]
  key[14]
  key[150]
  key[151]
  key[152]
  key[153]
  key[154]
  key[155]
  key[156]
  key[157]
  key[158]
  key[159]
  key[15]
  key[160]
  key[161]
  key[162]
  key[163]
  key[164]
  key[165]
  key[166]
  key[167]
  key[168]
  key[169]
  key[16]
  key[170]
  key[171]
  key[172]
  key[173]
  key[174]
  key[175]
  key[176]
  key[177]
  key[178]
  key[179]
  key[17]
  key[180]
  key[181]
  key[182]
  key[183]
  key[184]
  key[185]
  key[186]
  key[187]
  key[188]
  key[189]
  key[18]
  key[190]
  key[191]
  key[192]
  key[193]
  key[194]
  key[195]
  key[196]
  key[197]
  key[198]
  key[199]
  key[19]
  key[1]
  key[200]
  key[201]
  key[202]
  key[203]
  key[204]
  key[205]
  key[206]
  key[207]
  key[208]
  key[209]
  key[20]
  key[210]
  key[211]
  key[212]
  key[213]
  key[214]
  key[215]
  key[216]
  key[217]
  key[218]
  key[219]
  key[21]
  key[220]
  key[221]
  key[222]
  key[223]
  key[224]
  key[225]
  key[226]
  key[227]
  key[228]
  key[229]
  key[22]
  key[230]
  key[231]
  key[232]
  key[233]
  key[234]
  key[235]
  key[236]
  key[237]
  key[238]
  key[239]
  key[23]
  key[240]
  key[241]
  key[242]
  key[243]
  key[244]
  key[245]
  key[246]
  key[247]
  key[248]
  key[249]
  key[24]
  key[250]
  key[251]
  key[252]
  key[253]
  key[254]
  key[255]
  key[25]
  key[26]
  key[27]
  key[28]
  key[29]
  key[2]
  key[30]
  key[31]
  key[32]
  key[33]
  key[34]
  key[35]
  key[36]
  key[37]
  key[38]
  key[39]
  key[3]
  key[40]
  key[41]
  key[42]
  key[43]
  key[44]
  key[45]
  key[46]
  key[47]
  key[48]
  key[49]
  key[4]
  key[50]
  key[51]
  key[52]
  key[53]
  key[54]
  key[55]
  key[56]
  key[57]
  key[58]
  key[59]
  key[5]
  key[60]
  key[61]
  key[62]
  key[63]
  key[64]
  key[65]
  key[66]
  key[67]
  key[68]
  key[69]
  key[6]
  key[70]
  key[71]
  key[72]
  key[73]
  key[74]
  key[75]
  key[76]
  key[77]
  key[78]
  key[79]
  key[7]
  key[80]
  key[81]
  key[82]
  key[83]
  key[84]
  key[85]
  key[86]
  key[87]
  key[88]
  key[89]
  key[8]
  key[90]
  key[91]
  key[92]
  key[93]
  key[94]
  key[95]
  key[96]
  key[97]
  key[98]
  key[99]
  key[9]
  keylen
  next
  reset_n
Warning: There are 130 unconstrained endpoints.
  ready
  result[0]
  result[100]
  result[101]
  result[102]
  result[103]
  result[104]
  result[105]
  result[106]
  result[107]
  result[108]
  result[109]
  result[10]
  result[110]
  result[111]
  result[112]
  result[113]
  result[114]
  result[115]
  result[116]
  result[117]
  result[118]
  result[119]
  result[11]
  result[120]
  result[121]
  result[122]
  result[123]
  result[124]
  result[125]
  result[126]
  result[127]
  result[12]
  result[13]
  result[14]
  result[15]
  result[16]
  result[17]
  result[18]
  result[19]
  result[1]
  result[20]
  result[21]
  result[22]
  result[23]
  result[24]
  result[25]
  result[26]
  result[27]
  result[28]
  result[29]
  result[2]
  result[30]
  result[31]
  result[32]
  result[33]
  result[34]
  result[35]
  result[36]
  result[37]
  result[38]
  result[39]
  result[3]
  result[40]
  result[41]
  result[42]
  result[43]
  result[44]
  result[45]
  result[46]
  result[47]
  result[48]
  result[49]
  result[4]
  result[50]
  result[51]
  result[52]
  result[53]
  result[54]
  result[55]
  result[56]
  result[57]
  result[58]
  result[59]
  result[5]
  result[60]
  result[61]
  result[62]
  result[63]
  result[64]
  result[65]
  result[66]
  result[67]
  result[68]
  result[69]
  result[6]
  result[70]
  result[71]
  result[72]
  result[73]
  result[74]
  result[75]
  result[76]
  result[77]
  result[78]
  result[79]
  result[7]
  result[80]
  result[81]
  result[82]
  result[83]
  result[84]
  result[85]
  result[86]
  result[87]
  result[88]
  result[89]
  result[8]
  result[90]
  result[91]
  result[92]
  result[93]
  result[94]
  result[95]
  result[96]
  result[97]
  result[98]
  result[99]
  result[9]
  result_valid
