┏━━━━━━━┳━━━━━━━━━┳━━━━━━━━━━┳━━━━━━━━━━━━━━━━━━━━━━━━━━━━━┳━━━━━━━━━━━━━━━━┳━━━━━━━┓
┃ P / R ┃ Partial ┃ Required ┃ Net                         ┃ Pin            ┃ Layer ┃
┡━━━━━━━╇━━━━━━━━━╇━━━━━━━━━━╇━━━━━━━━━━━━━━━━━━━━━━━━━━━━━╇━━━━━━━━━━━━━━━━╇━━━━━━━┩
│ 8.81  │ 3522.48 │ 400.00   │ enc_block.block_w0_reg[29\] │ _12543_/A      │ met3  │
│ 8.78  │ 3513.71 │ 400.00   │ net327                      │ _15068_/A      │ met3  │
│ 5.50  │ 2199.43 │ 400.00   │ enc_block.block_w0_reg[30\] │ _12525_/A      │ met3  │
│ 5.25  │ 2101.04 │ 400.00   │ net329                      │ _15082_/A2     │ met3  │
│ 4.93  │ 1972.15 │ 400.00   │ net391                      │ output391/A    │ met3  │
│ 4.92  │ 1967.22 │ 400.00   │ net342                      │ _13313_/A1     │ met3  │
│ 4.81  │ 1922.62 │ 400.00   │ net208                      │ _14362_/A2     │ met3  │
│ 4.62  │ 1847.36 │ 400.00   │ enc_block.block_w0_reg[28\] │ _12537_/A      │ met2  │
│ 4.47  │ 1788.80 │ 400.00   │ _07811_                     │ _14924_/A1     │ met3  │
│ 4.38  │ 1753.12 │ 400.00   │ net364                      │ _13455_/A2     │ met3  │
│ 4.26  │ 1704.05 │ 400.00   │ _04392_                     │ _18503_/A2     │ met3  │
│ 4.09  │ 1635.05 │ 400.00   │ net427                      │ output427/A    │ met3  │
│ 4.09  │ 1635.05 │ 400.00   │ net519                      │ output519/A    │ met3  │
│ 3.75  │ 1498.48 │ 400.00   │ enc_block.block_w0_reg[6\]  │ _12276_/A      │ met3  │
│ 3.69  │ 1476.56 │ 400.00   │ _10466_                     │ _14891_/B1     │ met3  │
│ 3.54  │ 1415.94 │ 400.00   │ net442                      │ output442/A    │ met3  │
│ 3.53  │ 1410.32 │ 400.00   │ net407                      │ output407/A    │ met3  │
│ 3.37  │ 1347.20 │ 400.00   │ net370                      │ _15287_/A1     │ met3  │
│ 3.31  │ 1323.24 │ 400.00   │ net153                      │ _13916_/A      │ met3  │
│ 3.26  │ 1303.57 │ 400.00   │ net425                      │ output425/A    │ met3  │
│ 3.18  │ 1272.36 │ 400.00   │ enc_block.block_w0_reg[1\]  │ _12310_/A      │ met2  │
│ 3.09  │ 1235.62 │ 400.00   │ enc_block.block_w1_reg[8\]  │ _13465_/B      │ met3  │
│ 3.02  │ 1208.92 │ 400.00   │ _06606_                     │ _20836_/B1     │ met3  │
│ 2.96  │ 1185.59 │ 400.00   │ net415                      │ output415/A    │ met3  │
│ 2.96  │ 1185.59 │ 400.00   │ net494                      │ output494/A    │ met3  │
│ 2.87  │ 1148.00 │ 400.00   │ _11984_                     │ _16515_/D      │ met3  │
│ 2.85  │ 1139.66 │ 400.00   │ net430                      │ output430/A    │ met4  │
│ 2.82  │ 1129.40 │ 400.00   │ net485                      │ output485/A    │ met3  │
│ 2.82  │ 1129.40 │ 400.00   │ net513                      │ output513/A    │ met3  │
│ 2.81  │ 1124.17 │ 400.00   │ net359                      │ _15227_/A1     │ met3  │
│ 2.80  │ 1119.71 │ 400.00   │ _06159_                     │ _21073_/B1     │ met3  │
│ 2.80  │ 1119.71 │ 400.00   │ _06654_                     │ _20888_/B2     │ met3  │
│ 2.71  │ 1084.06 │ 400.00   │ _06851_                     │ _21106_/B1     │ met3  │
│ 2.70  │ 1079.56 │ 400.00   │ _06248_                     │ _20443_/A2     │ met3  │
│ 2.68  │ 1073.22 │ 400.00   │ net474                      │ output474/A    │ met3  │
│ 2.68  │ 1073.22 │ 400.00   │ net496                      │ output496/A    │ met3  │
│ 2.63  │ 1050.52 │ 400.00   │ net44                       │ _20911_/A      │ met3  │
│ 2.54  │ 1017.04 │ 400.00   │ net429                      │ output429/A    │ met3  │
│ 2.46  │ 985.89  │ 400.00   │ _06628_                     │ _20860_/B1     │ met3  │
│ 2.46  │ 985.89  │ 400.00   │ net317                      │ _15016_/A1     │ met3  │
│ 2.44  │ 974.11  │ 400.00   │ enc_block.block_w0_reg[28\] │ _12537_/A      │ met1  │
│ 2.38  │ 950.43  │ 400.00   │ _05754_                     │ _24031_/A1     │ met3  │
│ 2.36  │ 945.87  │ 400.00   │ _05387_                     │ _21568_/A1     │ met3  │
│ 2.36  │ 945.84  │ 400.00   │ _05418_                     │ _21005_/A1     │ met3  │
│ 2.36  │ 945.78  │ 400.00   │ _06643_                     │ _20876_/B1     │ met3  │
│ 2.36  │ 945.78  │ 400.00   │ net145                      │ _15435_/A1     │ met3  │
│ 2.24  │ 896.71  │ 400.00   │ keymem.prev_key1_reg[15\]   │ _13519_/B2     │ met3  │
│ 2.23  │ 892.92  │ 400.00   │ enc_block.block_w0_reg[25\] │ _12497_/A      │ met2  │
│ 2.21  │ 885.71  │ 400.00   │ enc_block.block_w0_reg[12\] │ _13505_/A      │ met3  │
│ 2.21  │ 885.14  │ 400.00   │ _02887_                     │ _17162_/A      │ met3  │
│ 2.21  │ 885.14  │ 400.00   │ _09316_                     │ _13897_/A      │ met3  │
│ 2.21  │ 885.14  │ 400.00   │ enc_block.block_w0_reg[3\]  │ _12295_/A      │ met3  │
│ 2.14  │ 856.57  │ 400.00   │ net344                      │ _15151_/A1     │ met3  │
│ 2.13  │ 852.23  │ 400.00   │ _05702_                     │ _20191_/A1     │ met3  │
│ 2.12  │ 848.49  │ 400.00   │ net441                      │ output441/A    │ met3  │
│ 2.12  │ 848.49  │ 400.00   │ net508                      │ output508/A    │ met3  │
│ 2.03  │ 812.25  │ 400.00   │ _05743_                     │ _20572_/A1     │ met3  │
│ 2.03  │ 811.93  │ 400.00   │ net367                      │ _15270_/A1     │ met3  │
│ 2.02  │ 807.76  │ 400.00   │ _05645_                     │ _20486_/B2     │ met3  │
│ 2.02  │ 807.47  │ 400.00   │ _06170_                     │ _21079_/B1     │ met3  │
│ 2.02  │ 807.47  │ 400.00   │ _11585_                     │ _16122_/A2     │ met3  │
│ 1.99  │ 797.52  │ 400.00   │ _08813_                     │ _13214_/D      │ met3  │
│ 1.98  │ 792.31  │ 400.00   │ net393                      │ output393/A    │ met3  │
│ 1.93  │ 771.53  │ 400.00   │ dec_block.block_w2_reg[9\]  │ _12162_/A0     │ met3  │
│ 1.93  │ 771.53  │ 400.00   │ dec_block.block_w2_reg[9\]  │ _16762_/B2     │ met3  │
│ 1.91  │ 765.09  │ 400.00   │ _05514_                     │ _20361_/B2     │ met3  │
│ 1.91  │ 765.09  │ 400.00   │ _05514_                     │ _23826_/B2     │ met3  │
│ 1.91  │ 763.02  │ 400.00   │ enc_block.block_w0_reg[16\] │ _23908_/A1     │ met3  │
│ 1.91  │ 762.99  │ 400.00   │ _05645_                     │ _20139_/A1     │ met3  │
│ 1.91  │ 762.86  │ 400.00   │ net379                      │ _15331_/A1     │ met3  │
│ 1.90  │ 760.58  │ 400.00   │ net273                      │ _15367_/A      │ met3  │
│ 1.90  │ 760.58  │ 400.00   │ net273                      │ _23685_/B2     │ met3  │
│ 1.88  │ 751.83  │ 400.00   │ net184                      │ _14636_/B      │ met1  │
│ 1.84  │ 736.12  │ 400.00   │ net404                      │ output404/A    │ met3  │
│ 1.84  │ 736.12  │ 400.00   │ net491                      │ output491/A    │ met3  │
│ 1.82  │ 727.31  │ 400.00   │ _05657_                     │ _20496_/B2     │ met3  │
│ 1.80  │ 718.25  │ 400.00   │ _05147_                     │ _19256_/A2     │ met3  │
│ 1.80  │ 718.25  │ 400.00   │ _06678_                     │ _20914_/B1     │ met3  │
│ 1.77  │ 709.90  │ 400.00   │ _08427_                     │ _12834_/B      │ met3  │
│ 1.71  │ 682.82  │ 400.00   │ enc_block.block_w0_reg[0\]  │ _12289_/A      │ met1  │
│ 1.70  │ 679.94  │ 400.00   │ net488                      │ output488/A    │ met3  │
│ 1.70  │ 679.27  │ 400.00   │ net501                      │ output501/A    │ met1  │
│ 1.67  │ 669.53  │ 400.00   │ net216                      │ _15086_/B      │ met1  │
│ 1.65  │ 658.44  │ 400.00   │ net196                      │ _14981_/B      │ met1  │
│ 1.63  │ 650.16  │ 400.00   │ enc_block.block_w0_reg[0\]  │ _12217_/A1     │ met2  │
│ 1.63  │ 650.16  │ 400.00   │ enc_block.block_w0_reg[0\]  │ _12289_/A      │ met2  │
│ 1.60  │ 638.71  │ 400.00   │ enc_block.block_w0_reg[1\]  │ _12310_/A      │ met1  │
│ 1.59  │ 635.39  │ 400.00   │ _08336_                     │ _14786_/B      │ met1  │
│ 1.58  │ 633.60  │ 400.00   │ _05437_                     │ _19936_/B2     │ met3  │
│ 1.57  │ 629.20  │ 400.00   │ _05470_                     │ _20313_/B2     │ met3  │
│ 1.57  │ 629.04  │ 400.00   │ _11471_                     │ _20912_/A2     │ met3  │
│ 1.57  │ 626.76  │ 400.00   │ _03508_                     │ _17592_/B1     │ met3  │
│ 1.57  │ 626.76  │ 400.00   │ _03508_                     │ _20075_/A1     │ met3  │
│ 1.55  │ 620.94  │ 400.00   │ enc_block.block_w1_reg[9\]  │ _13471_/B      │ met2  │
│ 1.51  │ 604.46  │ 400.00   │ net106                      │ _21375_/A      │ met3  │
│ 1.47  │ 588.90  │ 400.00   │ _06227_                     │ _20778_/B1     │ met3  │
│ 1.47  │ 588.90  │ 400.00   │ net230                      │ _14507_/A2     │ met3  │
│ 1.46  │ 584.60  │ 400.00   │ _05568_                     │ _20415_/B2     │ met3  │
│ 1.46  │ 584.57  │ 400.00   │ _05679_                     │ _20169_/B2     │ met3  │
│ 1.46  │ 584.44  │ 400.00   │ net241                      │ _14572_/A1     │ met3  │
│ 1.46  │ 584.04  │ 400.00   │ _10821_                     │ _22186_/A1     │ met2  │
│ 1.46  │ 584.04  │ 400.00   │ _10821_                     │ _22832_/A1     │ met2  │
│ 1.46  │ 582.16  │ 400.00   │ _03091_                     │ _20743_/A1     │ met3  │
│ 1.46  │ 582.16  │ 400.00   │ _03091_                     │ _21394_/A1     │ met3  │
│ 1.45  │ 4380.12 │ 3030.08  │ _07796_                     │ _14431_/A1     │ met5  │
│ 1.43  │ 572.25  │ 400.00   │ _05734_                     │ _19877_/A2     │ met1  │
│ 1.41  │ 564.61  │ 400.00   │ _08420_                     │ _12878_/A0     │ met3  │
│ 1.41  │ 564.61  │ 400.00   │ _08420_                     │ _13699_/B      │ met3  │
│ 1.41  │ 564.61  │ 400.00   │ _08420_                     │ _13771_/A0     │ met3  │
│ 1.40  │ 559.89  │ 400.00   │ _05348_                     │ _19451_/B1     │ met3  │
│ 1.40  │ 559.89  │ 400.00   │ _05348_                     │ _21560_/B2     │ met3  │
│ 1.38  │ 551.81  │ 400.00   │ dec_block.block_w2_reg[2\]  │ _12155_/A0     │ met2  │
│ 1.37  │ 4009.70 │ 2918.08  │ net330                      │ _15089_/A1     │ met5  │
│ 1.37  │ 547.98  │ 400.00   │ net230                      │ _14507_/A2     │ met4  │
│ 1.36  │ 545.52  │ 400.00   │ clk                         │ clkbuf_0_clk/A │ met4  │
│ 1.36  │ 544.55  │ 400.00   │ _05590_                     │ _20435_/B2     │ met3  │
│ 1.36  │ 544.45  │ 400.00   │ _05470_                     │ _19973_/B2     │ met3  │
│ 1.36  │ 544.42  │ 400.00   │ _05505_                     │ _20009_/B2     │ met3  │
│ 1.36  │ 544.42  │ 400.00   │ _05556_                     │ _20404_/B2     │ met3  │
│ 1.36  │ 543.43  │ 400.00   │ dec_block.block_w2_reg[10\] │ _12163_/A0     │ met3  │
│ 1.35  │ 539.99  │ 400.00   │ _05292_                     │ _20974_/B2     │ met3  │
│ 1.35  │ 539.99  │ 400.00   │ _05505_                     │ _20349_/B2     │ met3  │
│ 1.35  │ 539.99  │ 400.00   │ _05690_                     │ _23982_/B2     │ met3  │
│ 1.35  │ 539.86  │ 400.00   │ _05218_                     │ _20961_/B2     │ met3  │
│ 1.35  │ 539.86  │ 400.00   │ _05218_                     │ _21267_/A1     │ met3  │
│ 1.35  │ 539.83  │ 400.00   │ _05292_                     │ _21274_/A1     │ met3  │
│ 1.35  │ 539.83  │ 400.00   │ _05556_                     │ _19688_/B1     │ met3  │
│ 1.35  │ 539.83  │ 400.00   │ _06872_                     │ _21129_/B1     │ met3  │
│ 1.35  │ 539.83  │ 400.00   │ _10438_                     │ _22898_/B1     │ met3  │
│ 1.34  │ 534.92  │ 400.00   │ _03929_                     │ _18164_/B      │ met3  │
│ 1.34  │ 534.67  │ 400.00   │ _03965_                     │ _18468_/C      │ met3  │
│ 1.34  │ 534.67  │ 400.00   │ dec_block.block_w2_reg[11\] │ _12164_/A0     │ met3  │
│ 1.33  │ 530.80  │ 400.00   │ enc_block.block_w0_reg[0\]  │ _12217_/A1     │ met1  │
│ 1.32  │ 528.51  │ 400.00   │ net408                      │ output408/A    │ met1  │
│ 1.29  │ 514.26  │ 400.00   │ net497                      │ output497/A    │ met1  │
│ 1.28  │ 510.98  │ 400.00   │ net495                      │ output495/A    │ met1  │
│ 1.27  │ 509.31  │ 400.00   │ _11908_                     │ _16547_/C      │ met2  │
│ 1.27  │ 508.84  │ 400.00   │ net416                      │ output416/A    │ met1  │
│ 1.26  │ 505.99  │ 400.00   │ net411                      │ output411/A    │ met1  │
│ 1.26  │ 505.71  │ 400.00   │ net414                      │ output414/A    │ met1  │
│ 1.26  │ 505.07  │ 400.00   │ net410                      │ output410/A    │ met1  │
│ 1.26  │ 504.49  │ 400.00   │ net341                      │ _15141_/A1     │ met1  │
│ 1.25  │ 501.37  │ 400.00   │ _10512_                     │ _14939_/B      │ met3  │
│ 1.25  │ 501.37  │ 400.00   │ _10512_                     │ _14948_/A1     │ met3  │
│ 1.25  │ 499.98  │ 400.00   │ _05669_                     │ _20505_/B2     │ met3  │
│ 1.25  │ 499.81  │ 400.00   │ _05418_                     │ _21575_/A1     │ met3  │
│ 1.25  │ 3644.12 │ 2918.08  │ net310                      │ _14954_/B      │ met5  │
│ 1.24  │ 495.22  │ 400.00   │ _05387_                     │ _19490_/A2     │ met3  │
│ 1.24  │ 495.22  │ 400.00   │ _06861_                     │ _21117_/B1     │ met3  │
│ 1.24  │ 495.22  │ 400.00   │ net264                      │ _14690_/A2     │ met3  │
│ 1.23  │ 3577.21 │ 2918.08  │ net311                      │ _14968_/A1     │ met5  │
│ 1.23  │ 490.11  │ 400.00   │ net418                      │ output418/A    │ met1  │
│ 1.22  │ 488.04  │ 400.00   │ net420                      │ output420/A    │ met1  │
│ 1.22  │ 487.68  │ 400.00   │ net424                      │ output424/A    │ met1  │
│ 1.22  │ 486.51  │ 400.00   │ _03905_                     │ _17993_/B      │ met3  │
│ 1.22  │ 486.51  │ 400.00   │ _03905_                     │ _18041_/C      │ met3  │
│ 1.22  │ 486.33  │ 400.00   │ net412                      │ output412/A    │ met1  │
│ 1.21  │ 485.97  │ 400.00   │ net417                      │ output417/A    │ met1  │
│ 1.21  │ 3338.29 │ 2753.36  │ net282                      │ _15411_/B      │ met3  │
│ 1.21  │ 3364.89 │ 2778.20  │ net498                      │ output498/A    │ met5  │
│ 1.21  │ 483.67  │ 400.00   │ _09555_                     │ _13964_/A1     │ met3  │
│ 1.21  │ 483.67  │ 400.00   │ _09555_                     │ _14631_/B      │ met3  │
│ 1.21  │ 483.59  │ 400.00   │ net181                      │ _14437_/B      │ met3  │
│ 1.21  │ 483.59  │ 400.00   │ net181                      │ _14440_/B1     │ met3  │
│ 1.21  │ 482.84  │ 400.00   │ net419                      │ output419/A    │ met1  │
│ 1.20  │ 479.70  │ 400.00   │ net421                      │ output421/A    │ met1  │
│ 1.19  │ 474.11  │ 400.00   │ _10906_                     │ _22851_/A1     │ met1  │
│ 1.17  │ 467.36  │ 400.00   │ _10917_                     │ _22982_/A1     │ met2  │
│ 1.14  │ 3171.81 │ 2778.20  │ net295                      │ _15477_/B      │ met3  │
│ 1.14  │ 455.21  │ 400.00   │ net436                      │ output436/A    │ met3  │
│ 1.14  │ 455.21  │ 400.00   │ net479                      │ output479/A    │ met3  │
│ 1.14  │ 3157.25 │ 2778.20  │ net445                      │ output445/A    │ met5  │
│ 1.13  │ 451.14  │ 400.00   │ _09044_                     │ _13448_/A1     │ met1  │
│ 1.13  │ 451.14  │ 400.00   │ _09044_                     │ _14102_/A0     │ met1  │
│ 1.13  │ 450.62  │ 400.00   │ _06615_                     │ _20846_/B1     │ met3  │
│ 1.12  │ 447.05  │ 400.00   │ _03531_                     │ _17616_/D      │ met3  │
│ 1.12  │ 447.05  │ 400.00   │ _08686_                     │ _13344_/A_N    │ met3  │
│ 1.12  │ 447.05  │ 400.00   │ _11902_                     │ _16455_/B      │ met3  │
│ 1.12  │ 447.05  │ 400.00   │ enc_block.block_w0_reg[2\]  │ _12301_/A      │ met3  │
│ 1.12  │ 446.95  │ 400.00   │ _11908_                     │ _16438_/D      │ met3  │
│ 1.12  │ 446.95  │ 400.00   │ _11908_                     │ _16547_/C      │ met3  │
│ 1.11  │ 442.63  │ 400.00   │ _04920_                     │ _19225_/B      │ met3  │
│ 1.11  │ 442.63  │ 400.00   │ _04920_                     │ _19445_/B      │ met3  │
│ 1.10  │ 3259.62 │ 2969.60  │ _10206_                     │ _14623_/A1     │ met3  │
│ 1.09  │ 435.39  │ 400.00   │ net409                      │ output409/A    │ met1  │
│ 1.09  │ 434.03  │ 400.00   │ _04131_                     │ _18228_/A      │ met1  │
│ 1.07  │ 429.03  │ 400.00   │ _09437_                     │ _13844_/A1     │ met2  │
│ 1.07  │ 429.03  │ 400.00   │ enc_block.block_w0_reg[31\] │ _12531_/A      │ met2  │
│ 1.07  │ 3157.25 │ 2956.40  │ net430                      │ output430/A    │ met5  │
│ 1.07  │ 426.04  │ 400.00   │ net18                       │ _19774_/A      │ met3  │
│ 1.07  │ 426.04  │ 400.00   │ net31                       │ _19913_/A      │ met3  │
│ 1.06  │ 2952.38 │ 2778.20  │ net286                      │ _14786_/A      │ met5  │
│ 1.06  │ 422.58  │ 400.00   │ net391                      │ output391/A    │ met2  │
│ 1.05  │ 419.68  │ 400.00   │ net182                      │ _14514_/B      │ met1  │
│ 1.05  │ 2908.95 │ 2778.20  │ net309                      │ _13022_/A      │ met3  │
│ 1.03  │ 3005.33 │ 2918.08  │ net386                      │ _13776_/A      │ met3  │
│ 1.03  │ 410.88  │ 400.00   │ net428                      │ output428/A    │ met1  │
│ 1.03  │ 410.60  │ 400.00   │ _05645_                     │ _23942_/A1     │ met3  │
│ 1.02  │ 2841.21 │ 2778.20  │ net369                      │ _15282_/A1     │ met5  │
│ 1.02  │ 406.17  │ 400.00   │ _05702_                     │ _23992_/B2     │ met3  │
│ 1.02  │ 406.01  │ 400.00   │ _02504_                     │ _16582_/A2     │ met3  │
│ 1.01  │ 405.98  │ 400.00   │ _05292_                     │ _19404_/B1     │ met3  │
│ 1.01  │ 405.98  │ 400.00   │ _05292_                     │ _21551_/A1     │ met3  │
│ 1.01  │ 405.78  │ 400.00   │ enc_block.block_w0_reg[11\] │ _13486_/A      │ met1  │
│ 1.01  │ 404.22  │ 400.00   │ _10684_                     │ _22415_/A0     │ met1  │
└───────┴─────────┴──────────┴─────────────────────────────┴────────────────┴───────┘
