
===========================================================================
report_checks -unconstrained
===========================================================================
======================= max_tt_025C_1v80 Corner ===================================

Startpoint: _24344_ (rising edge-triggered flip-flop clocked by core_clock)
Endpoint: _24574_ (rising edge-triggered flip-flop clocked by core_clock)
Path Group: core_clock
Path Type: max

Fanout         Cap        Slew       Delay        Time   Description
---------------------------------------------------------------------------------------------
                                  0.000000    0.000000   clock core_clock (rise edge)
                                  0.000000    0.000000   clock source latency
     2    0.113770    0.000000    0.000000    0.000000 ^ clk (in)
                                                         clk (net)
                      0.020357    0.010178    0.010178 ^ clkbuf_0_clk/A (sky130_fd_sc_hd__clkbuf_16)
     4    0.197073    0.208628    0.234611    0.244789 ^ clkbuf_0_clk/X (sky130_fd_sc_hd__clkbuf_16)
                                                         clknet_0_clk (net)
                      0.209459    0.010794    0.255583 ^ clkbuf_2_0_0_clk/A (sky130_fd_sc_hd__clkbuf_8)
     8    0.158342    0.274429    0.344235    0.599818 ^ clkbuf_2_0_0_clk/X (sky130_fd_sc_hd__clkbuf_8)
                                                         clknet_2_0_0_clk (net)
                      0.275501    0.014006    0.613824 ^ clkbuf_5_7__f_clk/A (sky130_fd_sc_hd__clkbuf_16)
     9    0.082470    0.101621    0.246351    0.860175 ^ clkbuf_5_7__f_clk/X (sky130_fd_sc_hd__clkbuf_16)
                                                         clknet_5_7__leaf_clk (net)
                      0.102169    0.005597    0.865772 ^ clkbuf_leaf_9_clk/A (sky130_fd_sc_hd__clkbuf_8)
    18    0.059038    0.112021    0.199631    1.065403 ^ clkbuf_leaf_9_clk/X (sky130_fd_sc_hd__clkbuf_8)
                                                         clknet_leaf_9_clk (net)
                      0.112215    0.003295    1.068698 ^ _24344_/CLK (sky130_fd_sc_hd__dfrtp_4)
    60    0.238996    0.665724    0.828605    1.897303 ^ _24344_/Q (sky130_fd_sc_hd__dfrtp_4)
                                                         enc_block.sword_ctr_reg[0] (net)
                      0.694641    0.109009    2.006311 ^ _12261_/A_N (sky130_fd_sc_hd__and2b_4)
    24    0.113981    0.157435    0.385591    2.391902 v _12261_/X (sky130_fd_sc_hd__and2b_4)
                                                         _07865_ (net)
                      0.161585    0.019998    2.411901 v _12496_/A2 (sky130_fd_sc_hd__a2111o_2)
     2    0.044509    0.161668    0.634465    3.046366 v _12496_/X (sky130_fd_sc_hd__a2111o_2)
                                                         _08100_ (net)
                      0.162114    0.007289    3.053655 v _12498_/A2 (sky130_fd_sc_hd__a32oi_4)
    22    0.148600    1.156076    0.994942    4.048597 ^ _12498_/Y (sky130_fd_sc_hd__a32oi_4)
                                                         _08102_ (net)
                      1.156290    0.013163    4.061760 ^ _12642_/A (sky130_fd_sc_hd__or4_4)
    19    0.142838    0.413721    0.559524    4.621284 ^ _12642_/X (sky130_fd_sc_hd__or4_4)
                                                         _08246_ (net)
                      0.421187    0.044373    4.665657 ^ _12672_/A1 (sky130_fd_sc_hd__a31o_1)
     2    0.007106    0.083804    0.230421    4.896078 ^ _12672_/X (sky130_fd_sc_hd__a31o_1)
                                                         _08276_ (net)
                      0.083805    0.000396    4.896473 ^ _12674_/D_N (sky130_fd_sc_hd__or4b_2)
     2    0.025953    0.180576    0.708957    5.605431 v _12674_/X (sky130_fd_sc_hd__or4b_2)
                                                         _08278_ (net)
                      0.180598    0.002106    5.607537 v _12840_/A (sky130_fd_sc_hd__or4b_1)
     1    0.004466    0.094115    0.570836    6.178373 v _12840_/X (sky130_fd_sc_hd__or4b_1)
                                                         _08443_ (net)
                      0.094115    0.000269    6.178642 v _12861_/B (sky130_fd_sc_hd__nor4_1)
     2    0.027373    1.106448    0.941556    7.120197 ^ _12861_/Y (sky130_fd_sc_hd__nor4_1)
                                                         _08464_ (net)
                      1.106453    0.002138    7.122336 ^ _14816_/B (sky130_fd_sc_hd__and3_1)
     1    0.031505    0.313137    0.485736    7.608072 ^ _14816_/X (sky130_fd_sc_hd__and3_1)
                                                         _10395_ (net)
                      0.313155    0.002676    7.610748 ^ _14819_/B1 (sky130_fd_sc_hd__a31o_1)
     1    0.012095    0.127628    0.207833    7.818581 ^ _14819_/X (sky130_fd_sc_hd__a31o_1)
                                                         _10398_ (net)
                      0.127628    0.000486    7.819067 ^ _14820_/B (sky130_fd_sc_hd__xor2_2)
     2    0.029316    0.373744    0.342790    8.161857 ^ _14820_/X (sky130_fd_sc_hd__xor2_2)
                                                         _10399_ (net)
                      0.373842    0.004941    8.166798 ^ _14821_/B (sky130_fd_sc_hd__xnor2_2)
     2    0.015284    0.235764    0.194560    8.361357 ^ _14821_/Y (sky130_fd_sc_hd__xnor2_2)
                                                         _10400_ (net)
                      0.235834    0.000660    8.362017 ^ _14822_/B (sky130_fd_sc_hd__xor2_1)
     3    0.010685    0.251522    0.272483    8.634501 ^ _14822_/X (sky130_fd_sc_hd__xor2_1)
                                                         _10401_ (net)
                      0.251524    0.000623    8.635123 ^ _14824_/A2 (sky130_fd_sc_hd__o21a_1)
     1    0.010092    0.105983    0.192631    8.827754 ^ _14824_/X (sky130_fd_sc_hd__o21a_1)
                                                         _10403_ (net)
                      0.105986    0.000767    8.828522 ^ _14825_/B2 (sky130_fd_sc_hd__a221oi_4)
     2    0.012417    0.189639    0.085917    8.914438 v _14825_/Y (sky130_fd_sc_hd__a221oi_4)
                                                         _10404_ (net)
                      0.189640    0.000932    8.915370 v _14836_/A2 (sky130_fd_sc_hd__o31ai_4)
    14    0.077431    0.844012    0.761300    9.676670 ^ _14836_/Y (sky130_fd_sc_hd__o31ai_4)
                                                         _10415_ (net)
                      0.844446    0.015648    9.692318 ^ _21606_/A1 (sky130_fd_sc_hd__mux2_1)
     1    0.004148    0.072531    0.249719    9.942038 ^ _21606_/X (sky130_fd_sc_hd__mux2_1)
                                                         _00408_ (net)
                      0.072531    0.000247    9.942285 ^ _24574_/D (sky130_fd_sc_hd__dfrtp_1)
                                              9.942285   data arrival time

                                 20.000000   20.000000   clock core_clock (rise edge)
                                  0.000000   20.000000   clock source latency
     2    0.113770    0.000000    0.000000   20.000000 ^ clk (in)
                                                         clk (net)
                      0.020357    0.010179   20.010180 ^ clkbuf_0_clk/A (sky130_fd_sc_hd__clkbuf_16)
     4    0.197073    0.208628    0.234611   20.244789 ^ clkbuf_0_clk/X (sky130_fd_sc_hd__clkbuf_16)
                                                         clknet_0_clk (net)
                      0.210284    0.014998   20.259787 ^ clkbuf_2_1_0_clk/A (sky130_fd_sc_hd__clkbuf_8)
     8    0.148118    0.257438    0.334113   20.593901 ^ clkbuf_2_1_0_clk/X (sky130_fd_sc_hd__clkbuf_8)
                                                         clknet_2_1_0_clk (net)
                      0.258092    0.010640   20.604542 ^ clkbuf_5_9__f_clk/A (sky130_fd_sc_hd__clkbuf_16)
     9    0.085709    0.104643    0.241975   20.846516 ^ clkbuf_5_9__f_clk/X (sky130_fd_sc_hd__clkbuf_16)
                                                         clknet_5_9__leaf_clk (net)
                      0.105089    0.005521   20.852037 ^ clkbuf_leaf_223_clk/A (sky130_fd_sc_hd__clkbuf_8)
    14    0.047111    0.093081    0.186510   21.038548 ^ clkbuf_leaf_223_clk/X (sky130_fd_sc_hd__clkbuf_8)
                                                         clknet_leaf_223_clk (net)
                      0.093180    0.002720   21.041267 ^ _24574_/CLK (sky130_fd_sc_hd__dfrtp_1)
                                  0.000000   21.041267   clock reconvergence pessimism
                                 -0.058877   20.982389   library setup time
                                             20.982389   data required time
---------------------------------------------------------------------------------------------
                                             20.982389   data required time
                                             -9.942285   data arrival time
---------------------------------------------------------------------------------------------
                                             11.040105   slack (MET)




===========================================================================
report_checks --slack_max -0.01
============================================================================
======================= max_tt_025C_1v80 Corner ===================================

No paths found.


===========================================================================
 report_check_types -max_slew -max_cap -max_fanout -violators
============================================================================
======================= max_tt_025C_1v80 Corner ===================================

max slew

Pin                                        Limit        Slew       Slack
------------------------------------------------------------------------
_12167_/S                               1.500000    2.069530   -0.569530 (VIOLATED)
_12166_/S                               1.500000    2.069321   -0.569321 (VIOLATED)
_12165_/S                               1.500000    2.068631   -0.568631 (VIOLATED)
_12164_/S                               1.500000    2.068477   -0.568477 (VIOLATED)
_12132_/S                               1.500000    2.068467   -0.568467 (VIOLATED)
_12162_/S                               1.500000    2.068420   -0.568420 (VIOLATED)
_12150_/S                               1.500000    2.068341   -0.568340 (VIOLATED)
_12163_/S                               1.500000    2.068284   -0.568284 (VIOLATED)
_12161_/S                               1.500000    2.068093   -0.568093 (VIOLATED)
_12133_/S                               1.500000    2.067932   -0.567932 (VIOLATED)
_12129_/S                               1.500000    2.067575   -0.567576 (VIOLATED)
_12134_/S                               1.500000    2.066771   -0.566771 (VIOLATED)
_12131_/S                               1.500000    2.066275   -0.566275 (VIOLATED)
_12130_/S                               1.500000    2.064594   -0.564594 (VIOLATED)
_12155_/S                               1.500000    2.062882   -0.562882 (VIOLATED)
_12126_/S                               1.500000    2.062835   -0.562834 (VIOLATED)
_12135_/S                               1.500000    2.062693   -0.562693 (VIOLATED)
_12157_/S                               1.500000    2.057868   -0.557868 (VIOLATED)
_12158_/S                               1.500000    2.053355   -0.553355 (VIOLATED)
_12136_/S                               1.500000    2.052040   -0.552040 (VIOLATED)
_12156_/S                               1.500000    2.050870   -0.550870 (VIOLATED)
_12140_/S                               1.500000    2.049593   -0.549593 (VIOLATED)
_12125_/S                               1.500000    2.049479   -0.549479 (VIOLATED)
_12149_/S                               1.500000    2.049477   -0.549477 (VIOLATED)
_15529_/S                               1.500000    2.049241   -0.549241 (VIOLATED)
_15528_/S                               1.500000    2.049056   -0.549056 (VIOLATED)
_12148_/S                               1.500000    2.049048   -0.549048 (VIOLATED)
_12141_/S                               1.500000    2.049005   -0.549005 (VIOLATED)
_12124_/S                               1.500000    2.048995   -0.548995 (VIOLATED)
_15526_/S                               1.500000    2.048985   -0.548985 (VIOLATED)
_12160_/S                               1.500000    2.048256   -0.548256 (VIOLATED)
_12159_/S                               1.500000    2.048224   -0.548225 (VIOLATED)
_15525_/S                               1.500000    2.047474   -0.547474 (VIOLATED)
_12142_/S                               1.500000    2.046789   -0.546789 (VIOLATED)
_12112_/A                               1.500000    2.045900   -0.545900 (VIOLATED)
_12152_/S                               1.500000    2.045305   -0.545305 (VIOLATED)
_12123_/S                               1.500000    2.045242   -0.545242 (VIOLATED)
_12075_/S                               1.500000    2.045025   -0.545025 (VIOLATED)
_12151_/S                               1.500000    2.044232   -0.544232 (VIOLATED)
_12090_/A                               1.500000    2.044021   -0.544021 (VIOLATED)
_12146_/S                               1.500000    2.040175   -0.540175 (VIOLATED)
_12154_/S                               1.500000    2.039769   -0.539769 (VIOLATED)
_12145_/S                               1.500000    2.039262   -0.539262 (VIOLATED)
_12147_/S                               1.500000    2.038901   -0.538901 (VIOLATED)
_12153_/S                               1.500000    2.038098   -0.538098 (VIOLATED)
_12122_/S                               1.500000    2.037735   -0.537735 (VIOLATED)
_12138_/S                               1.500000    2.037435   -0.537435 (VIOLATED)
_12137_/S                               1.500000    2.037001   -0.537001 (VIOLATED)
_12127_/S                               1.500000    2.036078   -0.536078 (VIOLATED)
_12121_/S                               1.500000    2.033520   -0.533521 (VIOLATED)
_12128_/S                               1.500000    2.033275   -0.533275 (VIOLATED)
_12139_/S                               1.500000    2.032161   -0.532161 (VIOLATED)
_12186_/S                               1.500000    2.031266   -0.531266 (VIOLATED)
_12144_/S                               1.500000    2.028342   -0.528342 (VIOLATED)
_12178_/S                               1.500000    2.022174   -0.522174 (VIOLATED)
_12143_/S                               1.500000    2.018091   -0.518091 (VIOLATED)
_12170_/S                               1.500000    2.017420   -0.517420 (VIOLATED)
_12169_/S                               1.500000    2.010728   -0.510728 (VIOLATED)
_12171_/S                               1.500000    2.005994   -0.505994 (VIOLATED)
_15176_/A                               1.500000    1.991641   -0.491641 (VIOLATED)
_12884_/C1                              1.500000    1.991413   -0.491413 (VIOLATED)
_15354_/C1                              1.500000    1.991110   -0.491110 (VIOLATED)
_15381_/C1                              1.500000    1.990601   -0.490601 (VIOLATED)
_15021_/A1                              1.500000    1.990566   -0.490566 (VIOLATED)
_23332_/A1                              1.500000    1.990439   -0.490439 (VIOLATED)
_13388_/C1                              1.500000    1.990438   -0.490438 (VIOLATED)
_12172_/S                               1.500000    1.989933   -0.489933 (VIOLATED)
_15202_/C1                              1.500000    1.987581   -0.487582 (VIOLATED)
_12891_/B1                              1.500000    1.986061   -0.486061 (VIOLATED)
_15364_/C1                              1.500000    1.982095   -0.482095 (VIOLATED)
_15391_/C1                              1.500000    1.981041   -0.481041 (VIOLATED)
_15213_/C1                              1.500000    1.980712   -0.480712 (VIOLATED)
_15005_/A                               1.500000    1.980414   -0.480414 (VIOLATED)
_15186_/C1                              1.500000    1.979687   -0.479687 (VIOLATED)
_15368_/B1                              1.500000    1.978698   -0.478698 (VIOLATED)
_15192_/A                               1.500000    1.976013   -0.476013 (VIOLATED)
_13182_/C1                              1.500000    1.973709   -0.473710 (VIOLATED)
_15011_/A                               1.500000    1.969063   -0.469063 (VIOLATED)
_12174_/S                               1.500000    1.967217   -0.467217 (VIOLATED)
_12173_/S                               1.500000    1.966931   -0.466931 (VIOLATED)
_12185_/S                               1.500000    1.963689   -0.463690 (VIOLATED)
_13079_/C1                              1.500000    1.963634   -0.463634 (VIOLATED)
_12177_/S                               1.500000    1.963009   -0.463009 (VIOLATED)
_12179_/S                               1.500000    1.962997   -0.462997 (VIOLATED)
_12176_/S                               1.500000    1.962240   -0.462240 (VIOLATED)
_12175_/S                               1.500000    1.960822   -0.460822 (VIOLATED)
_15056_/C1                              1.500000    1.956965   -0.456965 (VIOLATED)
_15414_/C1                              1.500000    1.956842   -0.456842 (VIOLATED)
_13464_/C1                              1.500000    1.954840   -0.454840 (VIOLATED)
_23129_/B                               1.500000    1.954749   -0.454749 (VIOLATED)
_12736_/B                               1.500000    1.954721   -0.454721 (VIOLATED)
_13971_/A1                              1.500000    1.948668   -0.448668 (VIOLATED)
_15233_/C1                              1.500000    1.944764   -0.444764 (VIOLATED)
_15237_/B1                              1.500000    1.936089   -0.436089 (VIOLATED)
_15062_/C1                              1.500000    1.936077   -0.436077 (VIOLATED)
_14019_/A1                              1.500000    1.935340   -0.435340 (VIOLATED)
_15486_/C1                              1.500000    1.933346   -0.433346 (VIOLATED)
_15304_/C1                              1.500000    1.929555   -0.429555 (VIOLATED)
_15480_/C1                              1.500000    1.920238   -0.420238 (VIOLATED)
_12180_/S                               1.500000    1.919130   -0.419131 (VIOLATED)
_15349_/B1                              1.500000    1.915780   -0.415780 (VIOLATED)
_15170_/A                               1.500000    1.913903   -0.413904 (VIOLATED)
_14988_/C1                              1.500000    1.913360   -0.413360 (VIOLATED)
_12747_/C1                              1.500000    1.912518   -0.412518 (VIOLATED)
_13267_/C1                              1.500000    1.911401   -0.411401 (VIOLATED)
_13861_/A1                              1.500000    1.909214   -0.409214 (VIOLATED)
_15050_/C1                              1.500000    1.909112   -0.409112 (VIOLATED)
_14578_/C1                              1.500000    1.907294   -0.407294 (VIOLATED)
_15452_/C1                              1.500000    1.907291   -0.407291 (VIOLATED)
_15276_/C1                              1.500000    1.903650   -0.403650 (VIOLATED)
_15228_/C1                              1.500000    1.899066   -0.399066 (VIOLATED)
_14858_/B1                              1.500000    1.898889   -0.398889 (VIOLATED)
_15408_/C1                              1.500000    1.898795   -0.398795 (VIOLATED)
_12187_/S                               1.500000    1.894022   -0.394022 (VIOLATED)
_12182_/S                               1.500000    1.893976   -0.393976 (VIOLATED)
_12183_/S                               1.500000    1.893920   -0.393920 (VIOLATED)
_12181_/S                               1.500000    1.893881   -0.393881 (VIOLATED)
_12188_/S                               1.500000    1.892220   -0.392220 (VIOLATED)
_15127_/C1                              1.500000    1.877476   -0.377476 (VIOLATED)
_15490_/C1                              1.500000    1.877252   -0.377252 (VIOLATED)
_15315_/C1                              1.500000    1.870193   -0.370193 (VIOLATED)
_12184_/S                               1.500000    1.864107   -0.364107 (VIOLATED)
_15474_/C1                              1.500000    1.855760   -0.355760 (VIOLATED)
_14999_/A                               1.500000    1.851095   -0.351095 (VIOLATED)
_12956_/C1                              1.500000    1.850839   -0.350839 (VIOLATED)
_15403_/C1                              1.500000    1.850826   -0.350826 (VIOLATED)
_15359_/C1                              1.500000    1.850670   -0.350670 (VIOLATED)
_15181_/C1                              1.500000    1.850536   -0.350536 (VIOLATED)
_14924_/C1                              1.500000    1.848974   -0.348974 (VIOLATED)
_15332_/C1                              1.500000    1.848856   -0.348856 (VIOLATED)
_14109_/A1                              1.500000    1.848663   -0.348664 (VIOLATED)
_15076_/C1                              1.500000    1.848182   -0.348182 (VIOLATED)
_15039_/C1                              1.500000    1.848053   -0.348053 (VIOLATED)
_15223_/C1                              1.500000    1.847973   -0.347973 (VIOLATED)
_15074_/C1                              1.500000    1.847699   -0.347699 (VIOLATED)
_13786_/C1                              1.500000    1.847427   -0.347427 (VIOLATED)
_15308_/B1                              1.500000    1.847163   -0.347163 (VIOLATED)
_15431_/C1                              1.500000    1.847006   -0.347006 (VIOLATED)
_14833_/C1                              1.500000    1.846931   -0.346931 (VIOLATED)
_15132_/C1                              1.500000    1.844604   -0.344604 (VIOLATED)
_12192_/S                               1.500000    1.841459   -0.341459 (VIOLATED)
_12191_/S                               1.500000    1.841267   -0.341267 (VIOLATED)
_15299_/A                               1.500000    1.835541   -0.335541 (VIOLATED)
_12097_/A2                              1.500000    1.826506   -0.326506 (VIOLATED)
_15436_/C1                              1.500000    1.824685   -0.324685 (VIOLATED)
_15293_/C1                              1.500000    1.824294   -0.324294 (VIOLATED)
_15468_/C1                              1.500000    1.821933   -0.321933 (VIOLATED)
_14696_/B1                              1.500000    1.821885   -0.321885 (VIOLATED)
_14746_/C1                              1.500000    1.821108   -0.321108 (VIOLATED)
_14706_/C1                              1.500000    1.820901   -0.320901 (VIOLATED)
_15015_/C1                              1.500000    1.818685   -0.318685 (VIOLATED)
_15197_/C1                              1.500000    1.814517   -0.314517 (VIOLATED)
_15376_/C1                              1.500000    1.812286   -0.312286 (VIOLATED)
_15122_/A                               1.500000    1.811593   -0.311593 (VIOLATED)
_14756_/C1                              1.500000    1.808528   -0.308528 (VIOLATED)
_13417_/Y                               1.488818    1.788234   -0.299416 (VIOLATED)
_15506_/C1                              1.500000    1.794159   -0.294159 (VIOLATED)
_19912_/B                               1.500000    1.788428   -0.288428 (VIOLATED)
_13418_/B                               1.500000    1.788415   -0.288415 (VIOLATED)
_13448_/A0                              1.500000    1.788413   -0.288413 (VIOLATED)
_12190_/S                               1.500000    1.771508   -0.271508 (VIOLATED)
_12168_/S                               1.500000    1.771375   -0.271375 (VIOLATED)
_15288_/C1                              1.500000    1.756849   -0.256849 (VIOLATED)
_12739_/A                               1.500000    1.741512   -0.241512 (VIOLATED)
_12189_/S                               1.500000    1.728270   -0.228270 (VIOLATED)
_15094_/C1                              1.500000    1.724897   -0.224897 (VIOLATED)
_14515_/C1                              1.500000    1.710852   -0.210852 (VIOLATED)
_15110_/C1                              1.500000    1.696486   -0.196487 (VIOLATED)
_15446_/C1                              1.500000    1.683313   -0.183313 (VIOLATED)
_12196_/S                               1.500000    1.673849   -0.173849 (VIOLATED)
_15515_/C1                              1.500000    1.670455   -0.170455 (VIOLATED)
_15343_/C1                              1.500000    1.670406   -0.170406 (VIOLATED)
_15163_/C1                              1.500000    1.670022   -0.170022 (VIOLATED)
_14982_/A                               1.500000    1.669518   -0.169518 (VIOLATED)
_15441_/C1                              1.500000    1.668619   -0.168619 (VIOLATED)
_14871_/C1                              1.500000    1.666646   -0.166646 (VIOLATED)
_14885_/A1                              1.500000    1.666582   -0.166582 (VIOLATED)
_15083_/A1                              1.500000    1.666390   -0.166390 (VIOLATED)
_15321_/C1                              1.500000    1.666301   -0.166301 (VIOLATED)
_23373_/A1                              1.500000    1.666133   -0.166133 (VIOLATED)
_15142_/A1                              1.500000    1.665645   -0.165645 (VIOLATED)
_15264_/B1                              1.500000    1.665596   -0.165596 (VIOLATED)
_15265_/C1                              1.500000    1.664271   -0.164271 (VIOLATED)
_14438_/C1                              1.500000    1.664267   -0.164267 (VIOLATED)
_13963_/Y                               1.495145    1.659156   -0.164011 (VIOLATED)
_15087_/A                               1.500000    1.663370   -0.163370 (VIOLATED)
_14431_/C1                              1.500000    1.662740   -0.162740 (VIOLATED)
_15147_/A1                              1.500000    1.661861   -0.161861 (VIOLATED)
_14631_/B                               1.500000    1.660883   -0.160883 (VIOLATED)
ANTENNA_102/DIODE                       1.500000    1.660875   -0.160875 (VIOLATED)
_14623_/A0                              1.500000    1.660809   -0.160809 (VIOLATED)
_13964_/A1                              1.500000    1.660673   -0.160673 (VIOLATED)
ANTENNA_101/DIODE                       1.500000    1.660672   -0.160672 (VIOLATED)
_19689_/B                               1.500000    1.659659   -0.159659 (VIOLATED)
_23375_/A1                              1.500000    1.657810   -0.157810 (VIOLATED)
_15327_/C1                              1.500000    1.654767   -0.154767 (VIOLATED)
_12193_/S                               1.500000    1.654674   -0.154674 (VIOLATED)
_15070_/A                               1.500000    1.650208   -0.150208 (VIOLATED)
_14030_/A1                              1.500000    1.645143   -0.145143 (VIOLATED)
_14072_/B1                              1.500000    1.642937   -0.142937 (VIOLATED)
_15424_/B1                              1.500000    1.639111   -0.139111 (VIOLATED)
_15510_/B1                              1.500000    1.636467   -0.136467 (VIOLATED)
_15338_/A                               1.500000    1.636312   -0.136312 (VIOLATED)
_14630_/C1                              1.500000    1.635897   -0.135897 (VIOLATED)
_14637_/C1                              1.500000    1.635743   -0.135743 (VIOLATED)
_15106_/A                               1.500000    1.635483   -0.135483 (VIOLATED)
_15283_/A                               1.500000    1.634012   -0.134012 (VIOLATED)
_15457_/C1                              1.500000    1.633983   -0.133983 (VIOLATED)
_15244_/B1                              1.500000    1.633245   -0.133246 (VIOLATED)
_14957_/A1                              1.500000    1.633172   -0.133172 (VIOLATED)
_15157_/A                               1.500000    1.631626   -0.131626 (VIOLATED)
_12194_/S                               1.500000    1.630616   -0.130616 (VIOLATED)
_15245_/C1                              1.500000    1.629850   -0.129850 (VIOLATED)
_14956_/A1                              1.500000    1.628848   -0.128848 (VIOLATED)
_15208_/A                               1.500000    1.628801   -0.128801 (VIOLATED)
_15218_/C1                              1.500000    1.627335   -0.127335 (VIOLATED)
_13705_/B1                              1.500000    1.627054   -0.127054 (VIOLATED)
_15251_/A                               1.500000    1.626191   -0.126191 (VIOLATED)
_15271_/A                               1.500000    1.625174   -0.125174 (VIOLATED)
_14118_/C1                              1.500000    1.624542   -0.124542 (VIOLATED)
_15256_/A                               1.500000    1.621416   -0.121416 (VIOLATED)
_15386_/C1                              1.500000    1.621160   -0.121160 (VIOLATED)
_15447_/A1                              1.500000    1.618956   -0.118956 (VIOLATED)
_13423_/A                               1.500000    1.617455   -0.117455 (VIOLATED)
_23455_/A1                              1.500000    1.615444   -0.115444 (VIOLATED)
_15152_/C1                              1.500000    1.613710   -0.113710 (VIOLATED)
_12197_/S                               1.500000    1.600517   -0.100517 (VIOLATED)
_12221_/S                               1.500000    1.600056   -0.100056 (VIOLATED)
_12222_/S                               1.500000    1.577644   -0.077644 (VIOLATED)
_12195_/S                               1.500000    1.575425   -0.075425 (VIOLATED)
_25539_/RESET_B                         1.500000    1.567568   -0.067568 (VIOLATED)
_26191_/RESET_B                         1.500000    1.567536   -0.067536 (VIOLATED)
_24287_/RESET_B                         1.500000    1.567470   -0.067470 (VIOLATED)
_25411_/RESET_B                         1.500000    1.567407   -0.067407 (VIOLATED)
_25923_/RESET_B                         1.500000    1.566599   -0.066599 (VIOLATED)
_25155_/RESET_B                         1.500000    1.565173   -0.065173 (VIOLATED)
_25027_/RESET_B                         1.500000    1.564426   -0.064426 (VIOLATED)
_24771_/RESET_B                         1.500000    1.564421   -0.064421 (VIOLATED)
_25667_/RESET_B                         1.500000    1.564045   -0.064045 (VIOLATED)
_26608_/RESET_B                         1.500000    1.562876   -0.062876 (VIOLATED)
_25049_/RESET_B                         1.500000    1.562072   -0.062072 (VIOLATED)
_24294_/RESET_B                         1.500000    1.560913   -0.060913 (VIOLATED)
_24793_/RESET_B                         1.500000    1.560843   -0.060843 (VIOLATED)
_12198_/S                               1.500000    1.559751   -0.059751 (VIOLATED)
_25177_/RESET_B                         1.500000    1.558815   -0.058815 (VIOLATED)
_24767_/RESET_B                         1.500000    1.557274   -0.057274 (VIOLATED)
_26187_/RESET_B                         1.500000    1.557087   -0.057087 (VIOLATED)
_26630_/RESET_B                         1.500000    1.556931   -0.056931 (VIOLATED)
_24665_/RESET_B                         1.500000    1.556205   -0.056205 (VIOLATED)
_25305_/RESET_B                         1.500000    1.553695   -0.053695 (VIOLATED)
_26080_/RESET_B                         1.500000    1.552037   -0.052037 (VIOLATED)
_25292_/RESET_B                         1.500000    1.549685   -0.049685 (VIOLATED)
_25824_/RESET_B                         1.500000    1.549674   -0.049674 (VIOLATED)
_26604_/RESET_B                         1.500000    1.548733   -0.048733 (VIOLATED)
_25407_/RESET_B                         1.500000    1.545809   -0.045809 (VIOLATED)
_24895_/RESET_B                         1.500000    1.541981   -0.041981 (VIOLATED)
_25663_/RESET_B                         1.500000    1.541939   -0.041939 (VIOLATED)
_12218_/S                               1.500000    1.539567   -0.039567 (VIOLATED)
_24652_/RESET_B                         1.500000    1.537647   -0.037647 (VIOLATED)
_24780_/RESET_B                         1.500000    1.535556   -0.035556 (VIOLATED)
_25932_/RESET_B                         1.500000    1.535523   -0.035523 (VIOLATED)
_26200_/RESET_B                         1.500000    1.535293   -0.035293 (VIOLATED)
_25548_/RESET_B                         1.500000    1.534899   -0.034899 (VIOLATED)
_24800_/RESET_B                         1.500000    1.533120   -0.033121 (VIOLATED)
_25184_/RESET_B                         1.500000    1.532956   -0.032956 (VIOLATED)
_25036_/RESET_B                         1.500000    1.532907   -0.032907 (VIOLATED)
_24281_/RESET_B                         1.500000    1.532816   -0.032816 (VIOLATED)
_26060_/RESET_B                         1.500000    1.526867   -0.026867 (VIOLATED)
_26617_/RESET_B                         1.500000    1.526792   -0.026792 (VIOLATED)
_12229_/S                               1.500000    1.524632   -0.024633 (VIOLATED)
_25804_/RESET_B                         1.500000    1.509567   -0.009567 (VIOLATED)
_25164_/RESET_B                         1.500000    1.508143   -0.008143 (VIOLATED)
_12226_/S                               1.500000    1.504780   -0.004780 (VIOLATED)
_25813_/RESET_B                         1.500000    1.503297   -0.003297 (VIOLATED)

max capacitance

Pin                                        Limit         Cap       Slack
------------------------------------------------------------------------
_13417_/Y                               0.112620    0.140310   -0.027690 (VIOLATED)
_13963_/Y                               0.153819    0.175432   -0.021613 (VIOLATED)



===========================================================================
report_parasitic_annotation -report_unannotated
============================================================================
Found 254 unannotated drivers.
 clkload0/Y
 clkload1/Y
 clkload10/X
 clkload100/Y
 clkload101/Y
 clkload102/Y
 clkload103/Y
 clkload104/Y
 clkload105/Y
 clkload106/Y
 clkload107/Y
 clkload108/Y
 clkload109/Y
 clkload11/X
 clkload110/Y
 clkload111/Y
 clkload112/Y
 clkload113/X
 clkload114/X
 clkload115/Y
 clkload116/Y
 clkload117/Y
 clkload118/Y
 clkload119/Y
 clkload12/Y
 clkload120/X
 clkload121/Y
 clkload122/Y
 clkload123/X
 clkload124/Y
 clkload125/Y
 clkload126/Y
 clkload127/Y
 clkload128/Y
 clkload129/Y
 clkload13/Y
 clkload130/Y
 clkload131/X
 clkload132/Y
 clkload133/Y
 clkload134/Y
 clkload135/Y
 clkload136/X
 clkload137/Y
 clkload138/Y
 clkload139/Y
 clkload14/Y
 clkload140/X
 clkload141/Y
 clkload142/Y
 clkload143/X
 clkload144/X
 clkload145/X
 clkload146/Y
 clkload147/Y
 clkload148/Y
 clkload149/Y
 clkload15/Y
 clkload150/Y
 clkload151/Y
 clkload152/Y
 clkload153/Y
 clkload154/Y
 clkload155/Y
 clkload156/Y
 clkload157/Y
 clkload158/Y
 clkload159/Y
 clkload16/Y
 clkload160/Y
 clkload161/Y
 clkload162/Y
 clkload163/X
 clkload164/X
 clkload165/X
 clkload166/X
 clkload167/Y
 clkload168/Y
 clkload169/Y
 clkload17/Y
 clkload170/Y
 clkload171/Y
 clkload172/X
 clkload173/Y
 clkload174/Y
 clkload175/Y
 clkload176/Y
 clkload177/Y
 clkload178/Y
 clkload179/Y
 clkload18/X
 clkload180/Y
 clkload181/Y
 clkload182/X
 clkload183/Y
 clkload184/Y
 clkload185/Y
 clkload186/Y
 clkload187/Y
 clkload188/Y
 clkload189/Y
 clkload19/X
 clkload190/Y
 clkload191/X
 clkload192/Y
 clkload193/X
 clkload194/X
 clkload195/Y
 clkload196/Y
 clkload197/X
 clkload198/X
 clkload199/Y
 clkload2/Y
 clkload20/Y
 clkload200/Y
 clkload201/Y
 clkload202/Y
 clkload203/X
 clkload204/Y
 clkload205/Y
 clkload206/Y
 clkload207/X
 clkload208/Y
 clkload209/Y
 clkload21/X
 clkload210/Y
 clkload211/Y
 clkload212/Y
 clkload213/Y
 clkload214/Y
 clkload215/Y
 clkload216/Y
 clkload217/Y
 clkload218/Y
 clkload219/Y
 clkload22/X
 clkload220/Y
 clkload221/Y
 clkload222/Y
 clkload223/Y
 clkload224/Y
 clkload225/Y
 clkload226/Y
 clkload227/Y
 clkload228/Y
 clkload229/Y
 clkload23/X
 clkload230/Y
 clkload231/Y
 clkload232/Y
 clkload233/Y
 clkload234/Y
 clkload235/Y
 clkload236/X
 clkload237/Y
 clkload238/Y
 clkload239/X
 clkload24/X
 clkload240/X
 clkload241/X
 clkload242/Y
 clkload243/Y
 clkload244/Y
 clkload245/Y
 clkload246/Y
 clkload247/Y
 clkload248/Y
 clkload249/Y
 clkload25/Y
 clkload250/Y
 clkload251/Y
 clkload252/Y
 clkload253/Y
 clkload26/X
 clkload27/Y
 clkload28/Y
 clkload29/X
 clkload3/X
 clkload30/X
 clkload31/Y
 clkload32/Y
 clkload33/Y
 clkload34/X
 clkload35/X
 clkload36/Y
 clkload37/Y
 clkload38/Y
 clkload39/Y
 clkload4/Y
 clkload40/Y
 clkload41/Y
 clkload42/Y
 clkload43/Y
 clkload44/Y
 clkload45/Y
 clkload46/Y
 clkload47/X
 clkload48/X
 clkload49/Y
 clkload5/Y
 clkload50/Y
 clkload51/X
 clkload52/X
 clkload53/Y
 clkload54/X
 clkload55/Y
 clkload56/X
 clkload57/Y
 clkload58/Y
 clkload59/Y
 clkload6/X
 clkload60/Y
 clkload61/Y
 clkload62/Y
 clkload63/Y
 clkload64/Y
 clkload65/X
 clkload66/Y
 clkload67/Y
 clkload68/Y
 clkload69/Y
 clkload7/Y
 clkload70/Y
 clkload71/X
 clkload72/Y
 clkload73/X
 clkload74/Y
 clkload75/Y
 clkload76/Y
 clkload77/X
 clkload78/X
 clkload79/Y
 clkload8/Y
 clkload80/Y
 clkload81/X
 clkload82/X
 clkload83/Y
 clkload84/Y
 clkload85/Y
 clkload86/Y
 clkload87/Y
 clkload88/Y
 clkload89/Y
 clkload9/Y
 clkload90/Y
 clkload91/Y
 clkload92/Y
 clkload93/X
 clkload94/Y
 clkload95/Y
 clkload96/Y
 clkload97/X
 clkload98/Y
 clkload99/Y
Found 0 partially unannotated drivers.

===========================================================================
max slew violation count 274
max fanout violation count 0
max cap violation count 2
============================================================================

===========================================================================
check_setup -verbose -unconstrained_endpoints -multiple_clock -no_clock -no_input_delay -loops -generated_clocks
===========================================================================
Warning: There are 389 input ports missing set_input_delay.
  block[0]
  block[100]
  block[101]
  block[102]
  block[103]
  block[104]
  block[105]
  block[106]
  block[107]
  block[108]
  block[109]
  block[10]
  block[110]
  block[111]
  block[112]
  block[113]
  block[114]
  block[115]
  block[116]
  block[117]
  block[118]
  block[119]
  block[11]
  block[120]
  block[121]
  block[122]
  block[123]
  block[124]
  block[125]
  block[126]
  block[127]
  block[12]
  block[13]
  block[14]
  block[15]
  block[16]
  block[17]
  block[18]
  block[19]
  block[1]
  block[20]
  block[21]
  block[22]
  block[23]
  block[24]
  block[25]
  block[26]
  block[27]
  block[28]
  block[29]
  block[2]
  block[30]
  block[31]
  block[32]
  block[33]
  block[34]
  block[35]
  block[36]
  block[37]
  block[38]
  block[39]
  block[3]
  block[40]
  block[41]
  block[42]
  block[43]
  block[44]
  block[45]
  block[46]
  block[47]
  block[48]
  block[49]
  block[4]
  block[50]
  block[51]
  block[52]
  block[53]
  block[54]
  block[55]
  block[56]
  block[57]
  block[58]
  block[59]
  block[5]
  block[60]
  block[61]
  block[62]
  block[63]
  block[64]
  block[65]
  block[66]
  block[67]
  block[68]
  block[69]
  block[6]
  block[70]
  block[71]
  block[72]
  block[73]
  block[74]
  block[75]
  block[76]
  block[77]
  block[78]
  block[79]
  block[7]
  block[80]
  block[81]
  block[82]
  block[83]
  block[84]
  block[85]
  block[86]
  block[87]
  block[88]
  block[89]
  block[8]
  block[90]
  block[91]
  block[92]
  block[93]
  block[94]
  block[95]
  block[96]
  block[97]
  block[98]
  block[99]
  block[9]
  encdec
  init
  key[0]
  key[100]
  key[101]
  key[102]
  key[103]
  key[104]
  key[105]
  key[106]
  key[107]
  key[108]
  key[109]
  key[10]
  key[110]
  key[111]
  key[112]
  key[113]
  key[114]
  key[115]
  key[116]
  key[117]
  key[118]
  key[119]
  key[11]
  key[120]
  key[121]
  key[122]
  key[123]
  key[124]
  key[125]
  key[126]
  key[127]
  key[128]
  key[129]
  key[12]
  key[130]
  key[131]
  key[132]
  key[133]
  key[134]
  key[135]
  key[136]
  key[137]
  key[138]
  key[139]
  key[13]
  key[140]
  key[141]
  key[142]
  key[143]
  key[144]
  key[145]
  key[146]
  key[147]
  key[148]
  key[149]
  key[14]
  key[150]
  key[151]
  key[152]
  key[153]
  key[154]
  key[155]
  key[156]
  key[157]
  key[158]
  key[159]
  key[15]
  key[160]
  key[161]
  key[162]
  key[163]
  key[164]
  key[165]
  key[166]
  key[167]
  key[168]
  key[169]
  key[16]
  key[170]
  key[171]
  key[172]
  key[173]
  key[174]
  key[175]
  key[176]
  key[177]
  key[178]
  key[179]
  key[17]
  key[180]
  key[181]
  key[182]
  key[183]
  key[184]
  key[185]
  key[186]
  key[187]
  key[188]
  key[189]
  key[18]
  key[190]
  key[191]
  key[192]
  key[193]
  key[194]
  key[195]
  key[196]
  key[197]
  key[198]
  key[199]
  key[19]
  key[1]
  key[200]
  key[201]
  key[202]
  key[203]
  key[204]
  key[205]
  key[206]
  key[207]
  key[208]
  key[209]
  key[20]
  key[210]
  key[211]
  key[212]
  key[213]
  key[214]
  key[215]
  key[216]
  key[217]
  key[218]
  key[219]
  key[21]
  key[220]
  key[221]
  key[222]
  key[223]
  key[224]
  key[225]
  key[226]
  key[227]
  key[228]
  key[229]
  key[22]
  key[230]
  key[231]
  key[232]
  key[233]
  key[234]
  key[235]
  key[236]
  key[237]
  key[238]
  key[239]
  key[23]
  key[240]
  key[241]
  key[242]
  key[243]
  key[244]
  key[245]
  key[246]
  key[247]
  key[248]
  key[249]
  key[24]
  key[250]
  key[251]
  key[252]
  key[253]
  key[254]
  key[255]
  key[25]
  key[26]
  key[27]
  key[28]
  key[29]
  key[2]
  key[30]
  key[31]
  key[32]
  key[33]
  key[34]
  key[35]
  key[36]
  key[37]
  key[38]
  key[39]
  key[3]
  key[40]
  key[41]
  key[42]
  key[43]
  key[44]
  key[45]
  key[46]
  key[47]
  key[48]
  key[49]
  key[4]
  key[50]
  key[51]
  key[52]
  key[53]
  key[54]
  key[55]
  key[56]
  key[57]
  key[58]
  key[59]
  key[5]
  key[60]
  key[61]
  key[62]
  key[63]
  key[64]
  key[65]
  key[66]
  key[67]
  key[68]
  key[69]
  key[6]
  key[70]
  key[71]
  key[72]
  key[73]
  key[74]
  key[75]
  key[76]
  key[77]
  key[78]
  key[79]
  key[7]
  key[80]
  key[81]
  key[82]
  key[83]
  key[84]
  key[85]
  key[86]
  key[87]
  key[88]
  key[89]
  key[8]
  key[90]
  key[91]
  key[92]
  key[93]
  key[94]
  key[95]
  key[96]
  key[97]
  key[98]
  key[99]
  key[9]
  keylen
  next
  reset_n
Warning: There are 130 unconstrained endpoints.
  ready
  result[0]
  result[100]
  result[101]
  result[102]
  result[103]
  result[104]
  result[105]
  result[106]
  result[107]
  result[108]
  result[109]
  result[10]
  result[110]
  result[111]
  result[112]
  result[113]
  result[114]
  result[115]
  result[116]
  result[117]
  result[118]
  result[119]
  result[11]
  result[120]
  result[121]
  result[122]
  result[123]
  result[124]
  result[125]
  result[126]
  result[127]
  result[12]
  result[13]
  result[14]
  result[15]
  result[16]
  result[17]
  result[18]
  result[19]
  result[1]
  result[20]
  result[21]
  result[22]
  result[23]
  result[24]
  result[25]
  result[26]
  result[27]
  result[28]
  result[29]
  result[2]
  result[30]
  result[31]
  result[32]
  result[33]
  result[34]
  result[35]
  result[36]
  result[37]
  result[38]
  result[39]
  result[3]
  result[40]
  result[41]
  result[42]
  result[43]
  result[44]
  result[45]
  result[46]
  result[47]
  result[48]
  result[49]
  result[4]
  result[50]
  result[51]
  result[52]
  result[53]
  result[54]
  result[55]
  result[56]
  result[57]
  result[58]
  result[59]
  result[5]
  result[60]
  result[61]
  result[62]
  result[63]
  result[64]
  result[65]
  result[66]
  result[67]
  result[68]
  result[69]
  result[6]
  result[70]
  result[71]
  result[72]
  result[73]
  result[74]
  result[75]
  result[76]
  result[77]
  result[78]
  result[79]
  result[7]
  result[80]
  result[81]
  result[82]
  result[83]
  result[84]
  result[85]
  result[86]
  result[87]
  result[88]
  result[89]
  result[8]
  result[90]
  result[91]
  result[92]
  result[93]
  result[94]
  result[95]
  result[96]
  result[97]
  result[98]
  result[99]
  result[9]
  result_valid
