Clock: core_clock
Sources: clk 
Generated: no
Virtual: yes
Propagated: no
Period: 20.000000

===========================================================================
report_clock_properties
============================================================================
Clock                   Period          Waveform
----------------------------------------------------
core_clock           20.000000    0.000000 10.000000

===========================================================================
report_clock_latency
============================================================================
Clock core_clock
rise -> rise
    min     max
0.000000 0.000000 source latency
0.856488         network latency _26391_/CLK
        1.072515 network latency _25928_/CLK
---------------
0.856488 1.072515 latency
        0.216027 skew

fall -> fall
    min     max
0.000000 0.000000 source latency
0.761595         network latency _26391_/CLK
        0.965691 network latency _25928_/CLK
---------------
0.761595 0.965691 latency
        0.204095 skew



===========================================================================
report_clock_min_period
============================================================================
core_clock period_min = 8.96 fmax = 111.61
