┏━━━━━━━┳━━━━━━━━━┳━━━━━━━━━━┳━━━━━━━━━━━━━━━━━━━━━━━━━━━━━┳━━━━━━━━━━━━━━━━━━━━┳━━━━━━━┓
┃ P / R ┃ Partial ┃ Required ┃ Net                         ┃ Pin                ┃ Layer ┃
┡━━━━━━━╇━━━━━━━━━╇━━━━━━━━━━╇━━━━━━━━━━━━━━━━━━━━━━━━━━━━━╇━━━━━━━━━━━━━━━━━━━━╇━━━━━━━┩
│ 5.14  │ 2056.06 │ 400.00   │ dec_block.block_w2_reg[13\] │ _12166_/A0         │ met3  │
│ 4.70  │ 1881.08 │ 400.00   │ net272                      │ _15362_/B          │ met3  │
│ 4.23  │ 1692.09 │ 400.00   │ net337                      │ _15121_/A1         │ met3  │
│ 4.20  │ 1680.00 │ 400.00   │ net433                      │ output433/A        │ met3  │
│ 3.88  │ 1552.65 │ 400.00   │ net470                      │ output470/A        │ met3  │
│ 3.77  │ 1509.65 │ 400.00   │ enc_block.block_w0_reg[24\] │ _12503_/A          │ met3  │
│ 3.44  │ 1375.39 │ 400.00   │ net339                      │ _15131_/A1         │ met3  │
│ 3.26  │ 1302.54 │ 400.00   │ net255                      │ _15274_/B          │ met3  │
│ 3.23  │ 1291.11 │ 400.00   │ net353                      │ _13376_/A0         │ met3  │
│ 3.20  │ 1278.80 │ 400.00   │ net146                      │ _15440_/A1         │ met3  │
│ 3.13  │ 1252.04 │ 400.00   │ net333                      │ _15099_/A1         │ met3  │
│ 3.13  │ 1250.10 │ 400.00   │ net365                      │ _15257_/A2         │ met3  │
│ 2.91  │ 1162.58 │ 400.00   │ net331                      │ _13224_/A          │ met1  │
│ 2.86  │ 1145.08 │ 400.00   │ net180                      │ _14116_/B          │ met3  │
│ 2.80  │ 1119.55 │ 400.00   │ _05590_                     │ _23893_/A1         │ met3  │
│ 2.80  │ 1118.22 │ 400.00   │ _07818_                     │ _15094_/A1         │ met3  │
│ 2.79  │ 1116.56 │ 400.00   │ net390                      │ output390/A        │ met2  │
│ 2.67  │ 1067.60 │ 400.00   │ net432                      │ output432/A        │ met3  │
│ 2.65  │ 1061.95 │ 400.00   │ _05348_                     │ _21281_/A1         │ met3  │
│ 2.61  │ 1045.30 │ 400.00   │ net377                      │ _15320_/A1         │ met3  │
│ 2.56  │ 1024.55 │ 400.00   │ dec_block.block_w2_reg[13\] │ _16787_/B2         │ met3  │
│ 2.43  │ 972.23  │ 400.00   │ dec_block.block_w2_reg[18\] │ _12171_/A0         │ met3  │
│ 2.41  │ 965.07  │ 400.00   │ _05851_                     │ _20709_/B2         │ met3  │
│ 2.35  │ 938.16  │ 400.00   │ enc_block.block_w2_reg[14\] │ _12167_/A1         │ met3  │
│ 2.18  │ 870.54  │ 400.00   │ _12014_                     │ _16563_/A          │ met3  │
│ 2.09  │ 835.51  │ 400.00   │ net307                      │ _14897_/A1         │ met3  │
│ 2.03  │ 812.13  │ 400.00   │ _05129_                     │ _19226_/C          │ met3  │
│ 2.00  │ 799.98  │ 400.00   │ clknet_0_clk                │ clkbuf_2_2_0_clk/A │ met3  │
│ 1.96  │ 783.68  │ 400.00   │ _07815_                     │ _15050_/A1         │ met3  │
│ 1.95  │ 779.35  │ 400.00   │ _05733_                     │ _20221_/A1         │ met3  │
│ 1.95  │ 778.10  │ 400.00   │ dec_block.block_w0_reg[13\] │ _12230_/A0         │ met1  │
│ 1.86  │ 742.03  │ 400.00   │ _04121_                     │ _18659_/A          │ met3  │
│ 1.85  │ 740.51  │ 400.00   │ net120                      │ _20229_/A          │ met3  │
│ 1.66  │ 663.34  │ 400.00   │ _05733_                     │ _20562_/A1         │ met3  │
│ 1.61  │ 642.42  │ 400.00   │ net352                      │ _15196_/A1         │ met3  │
│ 1.59  │ 636.48  │ 400.00   │ _06596_                     │ _20825_/B1         │ met3  │
│ 1.55  │ 620.22  │ 400.00   │ _02494_                     │ _21369_/A1         │ met3  │
│ 1.53  │ 613.52  │ 400.00   │ _09849_                     │ _14657_/A          │ met3  │
│ 1.53  │ 611.01  │ 400.00   │ _06248_                     │ _20811_/B1         │ met3  │
│ 1.46  │ 582.88  │ 400.00   │ _05218_                     │ _19328_/A2         │ met3  │
│ 1.41  │ 565.11  │ 400.00   │ _05733_                     │ _19879_/B1         │ met3  │
│ 1.40  │ 560.81  │ 400.00   │ _05702_                     │ _20533_/B2         │ met3  │
│ 1.39  │ 554.52  │ 400.00   │ _10587_                     │ _15022_/B          │ met3  │
│ 1.39  │ 554.52  │ 400.00   │ _10587_                     │ _22653_/A1         │ met3  │
│ 1.38  │ 550.11  │ 400.00   │ _02920_                     │ _17009_/A2         │ met3  │
│ 1.37  │ 548.69  │ 400.00   │ _05437_                     │ _19559_/B1         │ met3  │
│ 1.36  │ 544.29  │ 400.00   │ _02788_                     │ _16976_/A3         │ met3  │
│ 1.34  │ 535.31  │ 400.00   │ _05147_                     │ _21256_/A1         │ met3  │
│ 1.33  │ 531.07  │ 400.00   │ _04278_                     │ _21186_/B2         │ met3  │
│ 1.29  │ 514.33  │ 400.00   │ _11332_                     │ _16452_/A          │ met1  │
│ 1.26  │ 502.66  │ 400.00   │ _06170_                     │ _20359_/A2         │ met3  │
│ 1.26  │ 502.66  │ 400.00   │ _06642_                     │ _20877_/A2         │ met3  │
│ 1.24  │ 495.61  │ 400.00   │ enc_block.block_w0_reg[25\] │ _12497_/A          │ met1  │
│ 1.19  │ 474.97  │ 400.00   │ _03454_                     │ _20067_/A1         │ met1  │
│ 1.18  │ 473.08  │ 400.00   │ _09252_                     │ _14099_/A          │ met3  │
│ 1.18  │ 471.08  │ 400.00   │ _05545_                     │ _20049_/B2         │ met2  │
│ 1.16  │ 462.38  │ 400.00   │ _05763_                     │ _20591_/A1         │ met3  │
│ 1.15  │ 458.21  │ 400.00   │ _05763_                     │ _20250_/B2         │ met3  │
│ 1.15  │ 458.05  │ 400.00   │ _05580_                     │ _19712_/B1         │ met3  │
│ 1.14  │ 456.18  │ 400.00   │ net363                      │ _15250_/A1         │ met3  │
│ 1.14  │ 3314.04 │ 2918.08  │ net142                      │ _13850_/A1         │ met5  │
│ 1.13  │ 453.53  │ 400.00   │ net151                      │ _15467_/A1         │ met3  │
│ 1.13  │ 450.91  │ 400.00   │ _02724_                     │ _17608_/B          │ met3  │
│ 1.10  │ 440.08  │ 400.00   │ dec_block.block_w3_reg[18\] │ _17814_/A1         │ met3  │
│ 1.08  │ 430.32  │ 400.00   │ dec_block.block_w2_reg[8\]  │ _16758_/B2         │ met4  │
│ 1.07  │ 429.38  │ 400.00   │ _05524_                     │ _20371_/B2         │ met3  │
│ 1.06  │ 425.49  │ 400.00   │ _09014_                     │ _13418_/B          │ met3  │
│ 1.06  │ 425.49  │ 400.00   │ _09014_                     │ _13448_/A0         │ met3  │
│ 1.06  │ 2939.35 │ 2778.20  │ net381                      │ _15342_/A1         │ met5  │
│ 1.06  │ 422.37  │ 400.00   │ net159                      │ _15505_/A1         │ met3  │
│ 1.06  │ 422.19  │ 400.00   │ net458                      │ output458/A        │ met1  │
│ 1.06  │ 422.11  │ 400.00   │ net305                      │ _14846_/A1         │ met1  │
│ 1.05  │ 418.19  │ 400.00   │ _08066_                     │ _13304_/D_N        │ met1  │
│ 1.04  │ 414.66  │ 400.00   │ net460                      │ output460/A        │ met4  │
│ 1.03  │ 411.30  │ 400.00   │ _09365_                     │ _14426_/A0         │ met3  │
│ 1.03  │ 411.30  │ 400.00   │ _09365_                     │ _14432_/B          │ met3  │
│ 1.02  │ 409.51  │ 400.00   │ _05482_                     │ _20326_/B2         │ met2  │
│ 1.02  │ 408.77  │ 400.00   │ enc_block.block_w0_reg[15\] │ _12232_/A1         │ met2  │
│ 1.02  │ 3019.64 │ 2956.40  │ _10534_                     │ _14962_/B1         │ met5  │
│ 1.01  │ 403.24  │ 400.00   │ _05372_                     │ _19476_/C          │ met3  │
│ 1.01  │ 403.24  │ 400.00   │ _09530_                     │ _13940_/C          │ met3  │
│ 1.00  │ 401.28  │ 400.00   │ _09085_                     │ _13621_/A          │ met1  │
│ 1.00  │ 400.90  │ 400.00   │ net489                      │ output489/A        │ met3  │
└───────┴─────────┴──────────┴─────────────────────────────┴────────────────────┴───────┘
