
===========================================================================
report_checks -unconstrained
===========================================================================
======================= nom_tt_025C_1v80 Corner ===================================

Startpoint: _24171_ (rising edge-triggered flip-flop clocked by core_clock)
Endpoint: _24557_ (rising edge-triggered flip-flop clocked by core_clock)
Path Group: core_clock
Path Type: max

Fanout         Cap        Slew       Delay        Time   Description
---------------------------------------------------------------------------------------------
                                  0.000000    0.000000   clock core_clock (rise edge)
                                  0.000000    0.000000   clock source latency
     1    0.067006    0.000000    0.000000    0.000000 ^ clk (in)
                                                         clk (net)
                      0.016889    0.008445    0.008445 ^ clkbuf_0_clk/A (sky130_fd_sc_hd__clkbuf_16)
     4    0.075128    0.091967    0.157505    0.165950 ^ clkbuf_0_clk/X (sky130_fd_sc_hd__clkbuf_16)
                                                         clknet_0_clk (net)
                      0.092050    0.001407    0.167357 ^ clkbuf_2_2_0_clk/A (sky130_fd_sc_hd__clkbuf_8)
     8    0.096775    0.172102    0.241484    0.408841 ^ clkbuf_2_2_0_clk/X (sky130_fd_sc_hd__clkbuf_8)
                                                         clknet_2_2_0_clk (net)
                      0.172110    0.001371    0.410212 ^ clkbuf_5_18__f_clk/A (sky130_fd_sc_hd__clkbuf_16)
     9    0.061752    0.080521    0.201584    0.611796 ^ clkbuf_5_18__f_clk/X (sky130_fd_sc_hd__clkbuf_16)
                                                         clknet_5_18__leaf_clk (net)
                      0.080526    0.000708    0.612504 ^ clkbuf_leaf_61_clk/A (sky130_fd_sc_hd__clkbuf_8)
     9    0.034933    0.073963    0.163803    0.776307 ^ clkbuf_leaf_61_clk/X (sky130_fd_sc_hd__clkbuf_8)
                                                         clknet_leaf_61_clk (net)
                      0.073963    0.000043    0.776349 ^ _24171_/CLK (sky130_fd_sc_hd__dfstp_1)
     5    0.016155    0.158049    0.588764    1.365113 ^ _24171_/Q (sky130_fd_sc_hd__dfstp_1)
                                                         aes_core_ctrl_reg[0] (net)
                      0.158049    0.000009    1.365122 ^ _12117_/A2 (sky130_fd_sc_hd__a21o_4)
    32    0.265622    0.709091    0.597660    1.962782 ^ _12117_/X (sky130_fd_sc_hd__a21o_4)
                                                         _07857_ (net)
                      0.710781    0.028779    1.991561 ^ _12263_/B (sky130_fd_sc_hd__nor2_4)
     6    0.039816    0.162814    0.156937    2.148498 v _12263_/Y (sky130_fd_sc_hd__nor2_4)
                                                         _07867_ (net)
                      0.162861    0.000229    2.148727 v max_cap696/A (sky130_fd_sc_hd__buf_12)
    29    0.206080    0.110929    0.250816    2.399543 v max_cap696/X (sky130_fd_sc_hd__buf_12)
                                                         net696 (net)
                      0.111147    0.004163    2.403706 v max_cap695/A (sky130_fd_sc_hd__buf_12)
    31    0.207803    0.110621    0.229435    2.633141 v max_cap695/X (sky130_fd_sc_hd__buf_12)
                                                         net695 (net)
                      0.111058    0.005426    2.638567 v _12311_/A1 (sky130_fd_sc_hd__a32oi_4)
    23    0.112600    0.899506    0.721901    3.360468 ^ _12311_/Y (sky130_fd_sc_hd__a32oi_4)
                                                         _07915_ (net)
                      0.899508    0.001093    3.361561 ^ _12356_/D (sky130_fd_sc_hd__or4_4)
    18    0.073464    0.219864    0.404547    3.766108 ^ _12356_/X (sky130_fd_sc_hd__or4_4)
                                                         _07960_ (net)
                      0.219877    0.001903    3.768010 ^ _12357_/B1 (sky130_fd_sc_hd__o22a_1)
     1    0.001732    0.035879    0.165306    3.933316 ^ _12357_/X (sky130_fd_sc_hd__o22a_1)
                                                         _07961_ (net)
                      0.035879    0.000003    3.933319 ^ _12365_/D_N (sky130_fd_sc_hd__or4b_1)
     1    0.003342    0.086972    0.429206    4.362525 v _12365_/X (sky130_fd_sc_hd__or4b_1)
                                                         _07969_ (net)
                      0.086972    0.000025    4.362550 v _12387_/B (sky130_fd_sc_hd__or4_1)
     1    0.004112    0.091561    0.520815    4.883366 v _12387_/X (sky130_fd_sc_hd__or4_1)
                                                         _07991_ (net)
                      0.091561    0.000027    4.883392 v _12444_/A (sky130_fd_sc_hd__or4_4)
     2    0.024868    0.118765    0.603662    5.487054 v _12444_/X (sky130_fd_sc_hd__or4_4)
                                                         _08048_ (net)
                      0.118796    0.001119    5.488173 v _13682_/B (sky130_fd_sc_hd__or4b_2)
     2    0.010150    0.128087    0.701219    6.189392 v _13682_/X (sky130_fd_sc_hd__or4b_2)
                                                         _09278_ (net)
                      0.128087    0.000172    6.189564 v _13685_/A1 (sky130_fd_sc_hd__a21bo_1)
     3    0.006778    0.052979    0.213970    6.403534 v _13685_/X (sky130_fd_sc_hd__a21bo_1)
                                                         _09281_ (net)
                      0.052979    0.000014    6.403549 v _13687_/C (sky130_fd_sc_hd__and3_1)
     3    0.008194    0.060055    0.204106    6.607654 v _13687_/X (sky130_fd_sc_hd__and3_1)
                                                         _09283_ (net)
                      0.060055    0.000046    6.607700 v _13690_/B (sky130_fd_sc_hd__or3_1)
     3    0.006846    0.090517    0.375552    6.983252 v _13690_/X (sky130_fd_sc_hd__or3_1)
                                                         _09286_ (net)
                      0.090517    0.000007    6.983259 v _13693_/A2 (sky130_fd_sc_hd__a31o_1)
     1    0.002496    0.036504    0.214814    7.198073 v _13693_/X (sky130_fd_sc_hd__a31o_1)
                                                         _09289_ (net)
                      0.036504    0.000004    7.198077 v _13695_/A2 (sky130_fd_sc_hd__o21a_1)
     1    0.003278    0.037411    0.162143    7.360220 v _13695_/X (sky130_fd_sc_hd__o21a_1)
                                                         _09291_ (net)
                      0.037411    0.000013    7.360233 v _13696_/B1 (sky130_fd_sc_hd__o221a_1)
     2    0.013947    0.101177    0.276159    7.636392 v _13696_/X (sky130_fd_sc_hd__o221a_1)
                                                         _09292_ (net)
                      0.101177    0.000444    7.636836 v _13697_/B1 (sky130_fd_sc_hd__a21o_2)
    14    0.032971    0.102897    0.280810    7.917646 v _13697_/X (sky130_fd_sc_hd__a21o_2)
                                                         _09293_ (net)
                      0.102897    0.000251    7.917898 v _21589_/A1 (sky130_fd_sc_hd__mux2_1)
     1    0.002652    0.056019    0.306092    8.223989 v _21589_/X (sky130_fd_sc_hd__mux2_1)
                                                         _00391_ (net)
                      0.056019    0.000007    8.223997 v _24557_/D (sky130_fd_sc_hd__dfrtp_1)
                                              8.223997   data arrival time

                                 20.000000   20.000000   clock core_clock (rise edge)
                                  0.000000   20.000000   clock source latency
     1    0.067006    0.000000    0.000000   20.000000 ^ clk (in)
                                                         clk (net)
                      0.016889    0.008445   20.008446 ^ clkbuf_0_clk/A (sky130_fd_sc_hd__clkbuf_16)
     4    0.075128    0.091967    0.157504   20.165949 ^ clkbuf_0_clk/X (sky130_fd_sc_hd__clkbuf_16)
                                                         clknet_0_clk (net)
                      0.092045    0.001291   20.167240 ^ clkbuf_2_0_0_clk/A (sky130_fd_sc_hd__clkbuf_8)
     8    0.099896    0.177218    0.245008   20.412249 ^ clkbuf_2_0_0_clk/X (sky130_fd_sc_hd__clkbuf_8)
                                                         clknet_2_0_0_clk (net)
                      0.177223    0.001206   20.413454 ^ clkbuf_5_6__f_clk/A (sky130_fd_sc_hd__clkbuf_16)
     9    0.052361    0.072011    0.196300   20.609755 ^ clkbuf_5_6__f_clk/X (sky130_fd_sc_hd__clkbuf_16)
                                                         clknet_5_6__leaf_clk (net)
                      0.072011    0.000218   20.609974 ^ clkbuf_leaf_243_clk/A (sky130_fd_sc_hd__clkbuf_8)
     6    0.032943    0.070852    0.158204   20.768177 ^ clkbuf_leaf_243_clk/X (sky130_fd_sc_hd__clkbuf_8)
                                                         clknet_leaf_243_clk (net)
                      0.070852    0.000060   20.768238 ^ _24557_/CLK (sky130_fd_sc_hd__dfrtp_1)
                                  0.000000   20.768238   clock reconvergence pessimism
                                 -0.113159   20.655079   library setup time
                                             20.655079   data required time
---------------------------------------------------------------------------------------------
                                             20.655079   data required time
                                             -8.223997   data arrival time
---------------------------------------------------------------------------------------------
                                             12.431082   slack (MET)




===========================================================================
report_checks --slack_max -0.01
============================================================================
======================= nom_tt_025C_1v80 Corner ===================================

No paths found.


===========================================================================
 report_check_types -max_slew -max_cap -max_fanout -violators
============================================================================
======================= nom_tt_025C_1v80 Corner ===================================



===========================================================================
report_parasitic_annotation -report_unannotated
============================================================================
Found 254 unannotated drivers.
 clkload0/Y
 clkload1/Y
 clkload10/X
 clkload100/Y
 clkload101/Y
 clkload102/Y
 clkload103/Y
 clkload104/Y
 clkload105/Y
 clkload106/Y
 clkload107/Y
 clkload108/Y
 clkload109/Y
 clkload11/X
 clkload110/Y
 clkload111/Y
 clkload112/Y
 clkload113/X
 clkload114/X
 clkload115/Y
 clkload116/Y
 clkload117/Y
 clkload118/Y
 clkload119/Y
 clkload12/Y
 clkload120/X
 clkload121/Y
 clkload122/Y
 clkload123/X
 clkload124/Y
 clkload125/Y
 clkload126/Y
 clkload127/Y
 clkload128/Y
 clkload129/Y
 clkload13/Y
 clkload130/Y
 clkload131/X
 clkload132/Y
 clkload133/Y
 clkload134/Y
 clkload135/Y
 clkload136/X
 clkload137/Y
 clkload138/Y
 clkload139/Y
 clkload14/Y
 clkload140/X
 clkload141/Y
 clkload142/Y
 clkload143/X
 clkload144/X
 clkload145/X
 clkload146/Y
 clkload147/Y
 clkload148/Y
 clkload149/Y
 clkload15/Y
 clkload150/Y
 clkload151/Y
 clkload152/Y
 clkload153/Y
 clkload154/Y
 clkload155/Y
 clkload156/Y
 clkload157/Y
 clkload158/Y
 clkload159/Y
 clkload16/Y
 clkload160/Y
 clkload161/Y
 clkload162/Y
 clkload163/X
 clkload164/X
 clkload165/X
 clkload166/X
 clkload167/Y
 clkload168/Y
 clkload169/Y
 clkload17/Y
 clkload170/Y
 clkload171/Y
 clkload172/X
 clkload173/Y
 clkload174/Y
 clkload175/Y
 clkload176/Y
 clkload177/Y
 clkload178/Y
 clkload179/Y
 clkload18/X
 clkload180/Y
 clkload181/Y
 clkload182/X
 clkload183/Y
 clkload184/Y
 clkload185/Y
 clkload186/Y
 clkload187/Y
 clkload188/Y
 clkload189/Y
 clkload19/X
 clkload190/Y
 clkload191/X
 clkload192/Y
 clkload193/X
 clkload194/X
 clkload195/Y
 clkload196/Y
 clkload197/X
 clkload198/X
 clkload199/Y
 clkload2/Y
 clkload20/Y
 clkload200/Y
 clkload201/Y
 clkload202/Y
 clkload203/X
 clkload204/Y
 clkload205/Y
 clkload206/Y
 clkload207/X
 clkload208/Y
 clkload209/Y
 clkload21/X
 clkload210/Y
 clkload211/Y
 clkload212/Y
 clkload213/Y
 clkload214/Y
 clkload215/Y
 clkload216/Y
 clkload217/Y
 clkload218/Y
 clkload219/Y
 clkload22/X
 clkload220/Y
 clkload221/Y
 clkload222/Y
 clkload223/Y
 clkload224/Y
 clkload225/Y
 clkload226/Y
 clkload227/Y
 clkload228/Y
 clkload229/Y
 clkload23/X
 clkload230/Y
 clkload231/Y
 clkload232/Y
 clkload233/Y
 clkload234/Y
 clkload235/Y
 clkload236/X
 clkload237/Y
 clkload238/Y
 clkload239/X
 clkload24/X
 clkload240/X
 clkload241/X
 clkload242/Y
 clkload243/Y
 clkload244/Y
 clkload245/Y
 clkload246/Y
 clkload247/Y
 clkload248/Y
 clkload249/Y
 clkload25/Y
 clkload250/Y
 clkload251/Y
 clkload252/Y
 clkload253/Y
 clkload26/X
 clkload27/Y
 clkload28/Y
 clkload29/X
 clkload3/X
 clkload30/X
 clkload31/Y
 clkload32/Y
 clkload33/Y
 clkload34/X
 clkload35/X
 clkload36/Y
 clkload37/Y
 clkload38/Y
 clkload39/Y
 clkload4/Y
 clkload40/Y
 clkload41/Y
 clkload42/Y
 clkload43/Y
 clkload44/Y
 clkload45/Y
 clkload46/Y
 clkload47/X
 clkload48/X
 clkload49/Y
 clkload5/Y
 clkload50/Y
 clkload51/X
 clkload52/X
 clkload53/Y
 clkload54/X
 clkload55/Y
 clkload56/X
 clkload57/Y
 clkload58/Y
 clkload59/Y
 clkload6/X
 clkload60/Y
 clkload61/Y
 clkload62/Y
 clkload63/Y
 clkload64/Y
 clkload65/X
 clkload66/Y
 clkload67/Y
 clkload68/Y
 clkload69/Y
 clkload7/Y
 clkload70/Y
 clkload71/X
 clkload72/Y
 clkload73/X
 clkload74/Y
 clkload75/Y
 clkload76/Y
 clkload77/X
 clkload78/X
 clkload79/Y
 clkload8/Y
 clkload80/Y
 clkload81/X
 clkload82/X
 clkload83/Y
 clkload84/Y
 clkload85/Y
 clkload86/Y
 clkload87/Y
 clkload88/Y
 clkload89/Y
 clkload9/Y
 clkload90/Y
 clkload91/Y
 clkload92/Y
 clkload93/X
 clkload94/Y
 clkload95/Y
 clkload96/Y
 clkload97/X
 clkload98/Y
 clkload99/Y
Found 0 partially unannotated drivers.

===========================================================================
max slew violation count 0
Writing metric design__max_slew_violation__count__corner:nom_tt_025C_1v80: 0
max fanout violation count 0
Writing metric design__max_fanout_violation__count__corner:nom_tt_025C_1v80: 0
max cap violation count 0
Writing metric design__max_cap_violation__count__corner:nom_tt_025C_1v80: 0
============================================================================

===========================================================================
check_setup -verbose -unconstrained_endpoints -multiple_clock -no_clock -no_input_delay -loops -generated_clocks
===========================================================================
Warning: There are 389 input ports missing set_input_delay.
  block[0]
  block[100]
  block[101]
  block[102]
  block[103]
  block[104]
  block[105]
  block[106]
  block[107]
  block[108]
  block[109]
  block[10]
  block[110]
  block[111]
  block[112]
  block[113]
  block[114]
  block[115]
  block[116]
  block[117]
  block[118]
  block[119]
  block[11]
  block[120]
  block[121]
  block[122]
  block[123]
  block[124]
  block[125]
  block[126]
  block[127]
  block[12]
  block[13]
  block[14]
  block[15]
  block[16]
  block[17]
  block[18]
  block[19]
  block[1]
  block[20]
  block[21]
  block[22]
  block[23]
  block[24]
  block[25]
  block[26]
  block[27]
  block[28]
  block[29]
  block[2]
  block[30]
  block[31]
  block[32]
  block[33]
  block[34]
  block[35]
  block[36]
  block[37]
  block[38]
  block[39]
  block[3]
  block[40]
  block[41]
  block[42]
  block[43]
  block[44]
  block[45]
  block[46]
  block[47]
  block[48]
  block[49]
  block[4]
  block[50]
  block[51]
  block[52]
  block[53]
  block[54]
  block[55]
  block[56]
  block[57]
  block[58]
  block[59]
  block[5]
  block[60]
  block[61]
  block[62]
  block[63]
  block[64]
  block[65]
  block[66]
  block[67]
  block[68]
  block[69]
  block[6]
  block[70]
  block[71]
  block[72]
  block[73]
  block[74]
  block[75]
  block[76]
  block[77]
  block[78]
  block[79]
  block[7]
  block[80]
  block[81]
  block[82]
  block[83]
  block[84]
  block[85]
  block[86]
  block[87]
  block[88]
  block[89]
  block[8]
  block[90]
  block[91]
  block[92]
  block[93]
  block[94]
  block[95]
  block[96]
  block[97]
  block[98]
  block[99]
  block[9]
  encdec
  init
  key[0]
  key[100]
  key[101]
  key[102]
  key[103]
  key[104]
  key[105]
  key[106]
  key[107]
  key[108]
  key[109]
  key[10]
  key[110]
  key[111]
  key[112]
  key[113]
  key[114]
  key[115]
  key[116]
  key[117]
  key[118]
  key[119]
  key[11]
  key[120]
  key[121]
  key[122]
  key[123]
  key[124]
  key[125]
  key[126]
  key[127]
  key[128]
  key[129]
  key[12]
  key[130]
  key[131]
  key[132]
  key[133]
  key[134]
  key[135]
  key[136]
  key[137]
  key[138]
  key[139]
  key[13]
  key[140]
  key[141]
  key[142]
  key[143]
  key[144]
  key[145]
  key[146]
  key[147]
  key[148]
  key[149]
  key[14]
  key[150]
  key[151]
  key[152]
  key[153]
  key[154]
  key[155]
  key[156]
  key[157]
  key[158]
  key[159]
  key[15]
  key[160]
  key[161]
  key[162]
  key[163]
  key[164]
  key[165]
  key[166]
  key[167]
  key[168]
  key[169]
  key[16]
  key[170]
  key[171]
  key[172]
  key[173]
  key[174]
  key[175]
  key[176]
  key[177]
  key[178]
  key[179]
  key[17]
  key[180]
  key[181]
  key[182]
  key[183]
  key[184]
  key[185]
  key[186]
  key[187]
  key[188]
  key[189]
  key[18]
  key[190]
  key[191]
  key[192]
  key[193]
  key[194]
  key[195]
  key[196]
  key[197]
  key[198]
  key[199]
  key[19]
  key[1]
  key[200]
  key[201]
  key[202]
  key[203]
  key[204]
  key[205]
  key[206]
  key[207]
  key[208]
  key[209]
  key[20]
  key[210]
  key[211]
  key[212]
  key[213]
  key[214]
  key[215]
  key[216]
  key[217]
  key[218]
  key[219]
  key[21]
  key[220]
  key[221]
  key[222]
  key[223]
  key[224]
  key[225]
  key[226]
  key[227]
  key[228]
  key[229]
  key[22]
  key[230]
  key[231]
  key[232]
  key[233]
  key[234]
  key[235]
  key[236]
  key[237]
  key[238]
  key[239]
  key[23]
  key[240]
  key[241]
  key[242]
  key[243]
  key[244]
  key[245]
  key[246]
  key[247]
  key[248]
  key[249]
  key[24]
  key[250]
  key[251]
  key[252]
  key[253]
  key[254]
  key[255]
  key[25]
  key[26]
  key[27]
  key[28]
  key[29]
  key[2]
  key[30]
  key[31]
  key[32]
  key[33]
  key[34]
  key[35]
  key[36]
  key[37]
  key[38]
  key[39]
  key[3]
  key[40]
  key[41]
  key[42]
  key[43]
  key[44]
  key[45]
  key[46]
  key[47]
  key[48]
  key[49]
  key[4]
  key[50]
  key[51]
  key[52]
  key[53]
  key[54]
  key[55]
  key[56]
  key[57]
  key[58]
  key[59]
  key[5]
  key[60]
  key[61]
  key[62]
  key[63]
  key[64]
  key[65]
  key[66]
  key[67]
  key[68]
  key[69]
  key[6]
  key[70]
  key[71]
  key[72]
  key[73]
  key[74]
  key[75]
  key[76]
  key[77]
  key[78]
  key[79]
  key[7]
  key[80]
  key[81]
  key[82]
  key[83]
  key[84]
  key[85]
  key[86]
  key[87]
  key[88]
  key[89]
  key[8]
  key[90]
  key[91]
  key[92]
  key[93]
  key[94]
  key[95]
  key[96]
  key[97]
  key[98]
  key[99]
  key[9]
  keylen
  next
  reset_n
Warning: There are 130 unconstrained endpoints.
  ready
  result[0]
  result[100]
  result[101]
  result[102]
  result[103]
  result[104]
  result[105]
  result[106]
  result[107]
  result[108]
  result[109]
  result[10]
  result[110]
  result[111]
  result[112]
  result[113]
  result[114]
  result[115]
  result[116]
  result[117]
  result[118]
  result[119]
  result[11]
  result[120]
  result[121]
  result[122]
  result[123]
  result[124]
  result[125]
  result[126]
  result[127]
  result[12]
  result[13]
  result[14]
  result[15]
  result[16]
  result[17]
  result[18]
  result[19]
  result[1]
  result[20]
  result[21]
  result[22]
  result[23]
  result[24]
  result[25]
  result[26]
  result[27]
  result[28]
  result[29]
  result[2]
  result[30]
  result[31]
  result[32]
  result[33]
  result[34]
  result[35]
  result[36]
  result[37]
  result[38]
  result[39]
  result[3]
  result[40]
  result[41]
  result[42]
  result[43]
  result[44]
  result[45]
  result[46]
  result[47]
  result[48]
  result[49]
  result[4]
  result[50]
  result[51]
  result[52]
  result[53]
  result[54]
  result[55]
  result[56]
  result[57]
  result[58]
  result[59]
  result[5]
  result[60]
  result[61]
  result[62]
  result[63]
  result[64]
  result[65]
  result[66]
  result[67]
  result[68]
  result[69]
  result[6]
  result[70]
  result[71]
  result[72]
  result[73]
  result[74]
  result[75]
  result[76]
  result[77]
  result[78]
  result[79]
  result[7]
  result[80]
  result[81]
  result[82]
  result[83]
  result[84]
  result[85]
  result[86]
  result[87]
  result[88]
  result[89]
  result[8]
  result[90]
  result[91]
  result[92]
  result[93]
  result[94]
  result[95]
  result[96]
  result[97]
  result[98]
  result[99]
  result[9]
  result_valid
