
===========================================================================
report_checks -unconstrained
===========================================================================
======================= nom_tt_025C_1v80 Corner ===================================

Startpoint: _24171_ (rising edge-triggered flip-flop clocked by core_clock)
Endpoint: _25325_ (rising edge-triggered flip-flop clocked by core_clock)
Path Group: core_clock
Path Type: max

Fanout         Cap        Slew       Delay        Time   Description
---------------------------------------------------------------------------------------------
                                  0.000000    0.000000   clock core_clock (rise edge)
                                  0.000000    0.000000   clock source latency
     2    0.070906    0.000000    0.000000    0.000000 ^ clk (in)
                                                         clk (net)
                      0.009177    0.004589    0.004589 ^ clkbuf_0_clk/A (sky130_fd_sc_hd__clkbuf_16)
     4    0.084411    0.101351    0.160479    0.165067 ^ clkbuf_0_clk/X (sky130_fd_sc_hd__clkbuf_16)
                                                         clknet_0_clk (net)
                      0.101709    0.004831    0.169898 ^ clkbuf_2_2_0_clk/A (sky130_fd_sc_hd__clkbuf_8)
     8    0.100601    0.177841    0.247737    0.417635 ^ clkbuf_2_2_0_clk/X (sky130_fd_sc_hd__clkbuf_8)
                                                         clknet_2_2_0_clk (net)
                      0.178083    0.004554    0.422189 ^ clkbuf_5_18__f_clk/A (sky130_fd_sc_hd__clkbuf_16)
     9    0.063721    0.082332    0.204070    0.626259 ^ clkbuf_5_18__f_clk/X (sky130_fd_sc_hd__clkbuf_16)
                                                         clknet_5_18__leaf_clk (net)
                      0.082435    0.002570    0.628828 ^ clkbuf_leaf_61_clk/A (sky130_fd_sc_hd__clkbuf_8)
     9    0.037468    0.077871    0.167270    0.796098 ^ clkbuf_leaf_61_clk/X (sky130_fd_sc_hd__clkbuf_8)
                                                         clknet_leaf_61_clk (net)
                      0.077872    0.000425    0.796524 ^ _24171_/CLK (sky130_fd_sc_hd__dfstp_1)
     5    0.017169    0.163978    0.596315    1.392838 ^ _24171_/Q (sky130_fd_sc_hd__dfstp_1)
                                                         aes_core_ctrl_reg[0] (net)
                      0.163978    0.000335    1.393173 ^ _12117_/A2 (sky130_fd_sc_hd__a21o_4)
    32    0.275358    0.739736    0.577002    1.970175 ^ _12117_/X (sky130_fd_sc_hd__a21o_4)
                                                         _07857_ (net)
                      0.749228    0.068346    2.038522 ^ _12263_/B (sky130_fd_sc_hd__nor2_4)
     6    0.042374    0.171634    0.162748    2.201269 v _12263_/Y (sky130_fd_sc_hd__nor2_4)
                                                         _07867_ (net)
                      0.171653    0.001415    2.202685 v max_cap696/A (sky130_fd_sc_hd__buf_12)
    29    0.213900    0.117390    0.248172    2.450857 v max_cap696/X (sky130_fd_sc_hd__buf_12)
                                                         net696 (net)
                      0.119409    0.012580    2.463437 v max_cap695/A (sky130_fd_sc_hd__buf_12)
    31    0.218404    0.119096    0.226838    2.690275 v max_cap695/X (sky130_fd_sc_hd__buf_12)
                                                         net695 (net)
                      0.125721    0.021888    2.712163 v _12311_/A1 (sky130_fd_sc_hd__a32oi_4)
    23    0.119171    0.945366    0.752821    3.464984 ^ _12311_/Y (sky130_fd_sc_hd__a32oi_4)
                                                         _07915_ (net)
                      0.945468    0.008187    3.473171 ^ _12356_/D (sky130_fd_sc_hd__or4_4)
    18    0.076577    0.229131    0.411067    3.884239 ^ _12356_/X (sky130_fd_sc_hd__or4_4)
                                                         _07960_ (net)
                      0.229614    0.007618    3.891857 ^ _12357_/B1 (sky130_fd_sc_hd__o22a_1)
     1    0.002359    0.039903    0.172812    4.064669 ^ _12357_/X (sky130_fd_sc_hd__o22a_1)
                                                         _07961_ (net)
                      0.039903    0.000075    4.064744 ^ _12365_/D_N (sky130_fd_sc_hd__or4b_1)
     1    0.004129    0.091910    0.437972    4.502716 v _12365_/X (sky130_fd_sc_hd__or4b_1)
                                                         _07969_ (net)
                      0.091910    0.000155    4.502870 v _12387_/B (sky130_fd_sc_hd__or4_1)
     1    0.004531    0.094014    0.526182    5.029052 v _12387_/X (sky130_fd_sc_hd__or4_1)
                                                         _07991_ (net)
                      0.094014    0.000147    5.029199 v _12444_/A (sky130_fd_sc_hd__or4_4)
     2    0.026039    0.120319    0.607013    5.636212 v _12444_/X (sky130_fd_sc_hd__or4_4)
                                                         _08048_ (net)
                      0.120341    0.001207    5.637419 v _13682_/B (sky130_fd_sc_hd__or4b_2)
     2    0.011211    0.133082    0.708972    6.346391 v _13682_/X (sky130_fd_sc_hd__or4b_2)
                                                         _09278_ (net)
                      0.133082    0.000710    6.347100 v _13685_/A1 (sky130_fd_sc_hd__a21bo_1)
     3    0.006965    0.052582    0.216640    6.563741 v _13685_/X (sky130_fd_sc_hd__a21bo_1)
                                                         _09281_ (net)
                      0.052582    0.000105    6.563846 v _13687_/C (sky130_fd_sc_hd__and3_1)
     3    0.008873    0.062383    0.207138    6.770984 v _13687_/X (sky130_fd_sc_hd__and3_1)
                                                         _09283_ (net)
                      0.062383    0.000241    6.771224 v _13690_/B (sky130_fd_sc_hd__or3_1)
     3    0.008120    0.095862    0.385952    7.157176 v _13690_/X (sky130_fd_sc_hd__or3_1)
                                                         _09286_ (net)
                      0.095862    0.000177    7.157353 v _13693_/A2 (sky130_fd_sc_hd__a31o_1)
     1    0.002909    0.037323    0.219859    7.377212 v _13693_/X (sky130_fd_sc_hd__a31o_1)
                                                         _09289_ (net)
                      0.037323    0.000066    7.377278 v _13695_/A2 (sky130_fd_sc_hd__o21a_1)
     1    0.003940    0.040316    0.165973    7.543252 v _13695_/X (sky130_fd_sc_hd__o21a_1)
                                                         _09291_ (net)
                      0.040316    0.000138    7.543389 v _13696_/B1 (sky130_fd_sc_hd__o221a_1)
     2    0.016149    0.114495    0.286858    7.830247 v _13696_/X (sky130_fd_sc_hd__o221a_1)
                                                         _09292_ (net)
                      0.114510    0.001355    7.831602 v _13697_/B1 (sky130_fd_sc_hd__a21o_2)
    14    0.038023    0.109315    0.295971    8.127574 v _13697_/X (sky130_fd_sc_hd__a21o_2)
                                                         _09293_ (net)
                      0.109336    0.001492    8.129066 v _22365_/A0 (sky130_fd_sc_hd__mux2_1)
     1    0.004672    0.065517    0.314328    8.443394 v _22365_/X (sky130_fd_sc_hd__mux2_1)
                                                         _01159_ (net)
                      0.065519    0.000182    8.443576 v _25325_/D (sky130_fd_sc_hd__dfrtp_1)
                                              8.443576   data arrival time

                                 20.000000   20.000000   clock core_clock (rise edge)
                                  0.000000   20.000000   clock source latency
     2    0.070906    0.000000    0.000000   20.000000 ^ clk (in)
                                                         clk (net)
                      0.009177    0.004588   20.004589 ^ clkbuf_0_clk/A (sky130_fd_sc_hd__clkbuf_16)
     4    0.084411    0.101351    0.160480   20.165068 ^ clkbuf_0_clk/X (sky130_fd_sc_hd__clkbuf_16)
                                                         clknet_0_clk (net)
                      0.101439    0.002451   20.167521 ^ clkbuf_2_0_0_clk/A (sky130_fd_sc_hd__clkbuf_8)
     8    0.103065    0.181920    0.250278   20.417797 ^ clkbuf_2_0_0_clk/X (sky130_fd_sc_hd__clkbuf_8)
                                                         clknet_2_0_0_clk (net)
                      0.182071    0.004318   20.422115 ^ clkbuf_5_6__f_clk/A (sky130_fd_sc_hd__clkbuf_16)
     9    0.056188    0.075494    0.199808   20.621923 ^ clkbuf_5_6__f_clk/X (sky130_fd_sc_hd__clkbuf_16)
                                                         clknet_5_6__leaf_clk (net)
                      0.075615    0.002601   20.624525 ^ clkbuf_leaf_243_clk/A (sky130_fd_sc_hd__clkbuf_8)
     6    0.034441    0.073124    0.160950   20.785475 ^ clkbuf_leaf_243_clk/X (sky130_fd_sc_hd__clkbuf_8)
                                                         clknet_leaf_243_clk (net)
                      0.073125    0.000453   20.785929 ^ _25325_/CLK (sky130_fd_sc_hd__dfrtp_1)
                                  0.000000   20.785929   clock reconvergence pessimism
                                 -0.116776   20.669153   library setup time
                                             20.669153   data required time
---------------------------------------------------------------------------------------------
                                             20.669153   data required time
                                             -8.443576   data arrival time
---------------------------------------------------------------------------------------------
                                             12.225576   slack (MET)




===========================================================================
report_checks --slack_max -0.01
============================================================================
======================= nom_tt_025C_1v80 Corner ===================================

No paths found.


===========================================================================
 report_check_types -max_slew -max_cap -max_fanout -violators
============================================================================
======================= nom_tt_025C_1v80 Corner ===================================



===========================================================================
report_parasitic_annotation -report_unannotated
============================================================================
Found 254 unannotated drivers.
 clkload0/Y
 clkload1/Y
 clkload10/X
 clkload100/Y
 clkload101/Y
 clkload102/Y
 clkload103/Y
 clkload104/Y
 clkload105/Y
 clkload106/Y
 clkload107/Y
 clkload108/Y
 clkload109/Y
 clkload11/X
 clkload110/Y
 clkload111/Y
 clkload112/Y
 clkload113/X
 clkload114/X
 clkload115/Y
 clkload116/Y
 clkload117/Y
 clkload118/Y
 clkload119/Y
 clkload12/Y
 clkload120/X
 clkload121/Y
 clkload122/Y
 clkload123/X
 clkload124/Y
 clkload125/Y
 clkload126/Y
 clkload127/Y
 clkload128/Y
 clkload129/Y
 clkload13/Y
 clkload130/Y
 clkload131/X
 clkload132/Y
 clkload133/Y
 clkload134/Y
 clkload135/Y
 clkload136/X
 clkload137/Y
 clkload138/Y
 clkload139/Y
 clkload14/Y
 clkload140/X
 clkload141/Y
 clkload142/Y
 clkload143/X
 clkload144/X
 clkload145/X
 clkload146/Y
 clkload147/Y
 clkload148/Y
 clkload149/Y
 clkload15/Y
 clkload150/Y
 clkload151/Y
 clkload152/Y
 clkload153/Y
 clkload154/Y
 clkload155/Y
 clkload156/Y
 clkload157/Y
 clkload158/Y
 clkload159/Y
 clkload16/Y
 clkload160/Y
 clkload161/Y
 clkload162/Y
 clkload163/X
 clkload164/X
 clkload165/X
 clkload166/X
 clkload167/Y
 clkload168/Y
 clkload169/Y
 clkload17/Y
 clkload170/Y
 clkload171/Y
 clkload172/X
 clkload173/Y
 clkload174/Y
 clkload175/Y
 clkload176/Y
 clkload177/Y
 clkload178/Y
 clkload179/Y
 clkload18/X
 clkload180/Y
 clkload181/Y
 clkload182/X
 clkload183/Y
 clkload184/Y
 clkload185/Y
 clkload186/Y
 clkload187/Y
 clkload188/Y
 clkload189/Y
 clkload19/X
 clkload190/Y
 clkload191/X
 clkload192/Y
 clkload193/X
 clkload194/X
 clkload195/Y
 clkload196/Y
 clkload197/X
 clkload198/X
 clkload199/Y
 clkload2/Y
 clkload20/Y
 clkload200/Y
 clkload201/Y
 clkload202/Y
 clkload203/X
 clkload204/Y
 clkload205/Y
 clkload206/Y
 clkload207/X
 clkload208/Y
 clkload209/Y
 clkload21/X
 clkload210/Y
 clkload211/Y
 clkload212/Y
 clkload213/Y
 clkload214/Y
 clkload215/Y
 clkload216/Y
 clkload217/Y
 clkload218/Y
 clkload219/Y
 clkload22/X
 clkload220/Y
 clkload221/Y
 clkload222/Y
 clkload223/Y
 clkload224/Y
 clkload225/Y
 clkload226/Y
 clkload227/Y
 clkload228/Y
 clkload229/Y
 clkload23/X
 clkload230/Y
 clkload231/Y
 clkload232/Y
 clkload233/Y
 clkload234/Y
 clkload235/Y
 clkload236/X
 clkload237/Y
 clkload238/Y
 clkload239/X
 clkload24/X
 clkload240/X
 clkload241/X
 clkload242/Y
 clkload243/Y
 clkload244/Y
 clkload245/Y
 clkload246/Y
 clkload247/Y
 clkload248/Y
 clkload249/Y
 clkload25/Y
 clkload250/Y
 clkload251/Y
 clkload252/Y
 clkload253/Y
 clkload26/X
 clkload27/Y
 clkload28/Y
 clkload29/X
 clkload3/X
 clkload30/X
 clkload31/Y
 clkload32/Y
 clkload33/Y
 clkload34/X
 clkload35/X
 clkload36/Y
 clkload37/Y
 clkload38/Y
 clkload39/Y
 clkload4/Y
 clkload40/Y
 clkload41/Y
 clkload42/Y
 clkload43/Y
 clkload44/Y
 clkload45/Y
 clkload46/Y
 clkload47/X
 clkload48/X
 clkload49/Y
 clkload5/Y
 clkload50/Y
 clkload51/X
 clkload52/X
 clkload53/Y
 clkload54/X
 clkload55/Y
 clkload56/X
 clkload57/Y
 clkload58/Y
 clkload59/Y
 clkload6/X
 clkload60/Y
 clkload61/Y
 clkload62/Y
 clkload63/Y
 clkload64/Y
 clkload65/X
 clkload66/Y
 clkload67/Y
 clkload68/Y
 clkload69/Y
 clkload7/Y
 clkload70/Y
 clkload71/X
 clkload72/Y
 clkload73/X
 clkload74/Y
 clkload75/Y
 clkload76/Y
 clkload77/X
 clkload78/X
 clkload79/Y
 clkload8/Y
 clkload80/Y
 clkload81/X
 clkload82/X
 clkload83/Y
 clkload84/Y
 clkload85/Y
 clkload86/Y
 clkload87/Y
 clkload88/Y
 clkload89/Y
 clkload9/Y
 clkload90/Y
 clkload91/Y
 clkload92/Y
 clkload93/X
 clkload94/Y
 clkload95/Y
 clkload96/Y
 clkload97/X
 clkload98/Y
 clkload99/Y
Found 0 partially unannotated drivers.

===========================================================================
max slew violation count 0
Writing metric design__max_slew_violation__count__corner:nom_tt_025C_1v80: 0
max fanout violation count 0
Writing metric design__max_fanout_violation__count__corner:nom_tt_025C_1v80: 0
max cap violation count 0
Writing metric design__max_cap_violation__count__corner:nom_tt_025C_1v80: 0
============================================================================

===========================================================================
check_setup -verbose -unconstrained_endpoints -multiple_clock -no_clock -no_input_delay -loops -generated_clocks
===========================================================================
Warning: There are 389 input ports missing set_input_delay.
  block[0]
  block[100]
  block[101]
  block[102]
  block[103]
  block[104]
  block[105]
  block[106]
  block[107]
  block[108]
  block[109]
  block[10]
  block[110]
  block[111]
  block[112]
  block[113]
  block[114]
  block[115]
  block[116]
  block[117]
  block[118]
  block[119]
  block[11]
  block[120]
  block[121]
  block[122]
  block[123]
  block[124]
  block[125]
  block[126]
  block[127]
  block[12]
  block[13]
  block[14]
  block[15]
  block[16]
  block[17]
  block[18]
  block[19]
  block[1]
  block[20]
  block[21]
  block[22]
  block[23]
  block[24]
  block[25]
  block[26]
  block[27]
  block[28]
  block[29]
  block[2]
  block[30]
  block[31]
  block[32]
  block[33]
  block[34]
  block[35]
  block[36]
  block[37]
  block[38]
  block[39]
  block[3]
  block[40]
  block[41]
  block[42]
  block[43]
  block[44]
  block[45]
  block[46]
  block[47]
  block[48]
  block[49]
  block[4]
  block[50]
  block[51]
  block[52]
  block[53]
  block[54]
  block[55]
  block[56]
  block[57]
  block[58]
  block[59]
  block[5]
  block[60]
  block[61]
  block[62]
  block[63]
  block[64]
  block[65]
  block[66]
  block[67]
  block[68]
  block[69]
  block[6]
  block[70]
  block[71]
  block[72]
  block[73]
  block[74]
  block[75]
  block[76]
  block[77]
  block[78]
  block[79]
  block[7]
  block[80]
  block[81]
  block[82]
  block[83]
  block[84]
  block[85]
  block[86]
  block[87]
  block[88]
  block[89]
  block[8]
  block[90]
  block[91]
  block[92]
  block[93]
  block[94]
  block[95]
  block[96]
  block[97]
  block[98]
  block[99]
  block[9]
  encdec
  init
  key[0]
  key[100]
  key[101]
  key[102]
  key[103]
  key[104]
  key[105]
  key[106]
  key[107]
  key[108]
  key[109]
  key[10]
  key[110]
  key[111]
  key[112]
  key[113]
  key[114]
  key[115]
  key[116]
  key[117]
  key[118]
  key[119]
  key[11]
  key[120]
  key[121]
  key[122]
  key[123]
  key[124]
  key[125]
  key[126]
  key[127]
  key[128]
  key[129]
  key[12]
  key[130]
  key[131]
  key[132]
  key[133]
  key[134]
  key[135]
  key[136]
  key[137]
  key[138]
  key[139]
  key[13]
  key[140]
  key[141]
  key[142]
  key[143]
  key[144]
  key[145]
  key[146]
  key[147]
  key[148]
  key[149]
  key[14]
  key[150]
  key[151]
  key[152]
  key[153]
  key[154]
  key[155]
  key[156]
  key[157]
  key[158]
  key[159]
  key[15]
  key[160]
  key[161]
  key[162]
  key[163]
  key[164]
  key[165]
  key[166]
  key[167]
  key[168]
  key[169]
  key[16]
  key[170]
  key[171]
  key[172]
  key[173]
  key[174]
  key[175]
  key[176]
  key[177]
  key[178]
  key[179]
  key[17]
  key[180]
  key[181]
  key[182]
  key[183]
  key[184]
  key[185]
  key[186]
  key[187]
  key[188]
  key[189]
  key[18]
  key[190]
  key[191]
  key[192]
  key[193]
  key[194]
  key[195]
  key[196]
  key[197]
  key[198]
  key[199]
  key[19]
  key[1]
  key[200]
  key[201]
  key[202]
  key[203]
  key[204]
  key[205]
  key[206]
  key[207]
  key[208]
  key[209]
  key[20]
  key[210]
  key[211]
  key[212]
  key[213]
  key[214]
  key[215]
  key[216]
  key[217]
  key[218]
  key[219]
  key[21]
  key[220]
  key[221]
  key[222]
  key[223]
  key[224]
  key[225]
  key[226]
  key[227]
  key[228]
  key[229]
  key[22]
  key[230]
  key[231]
  key[232]
  key[233]
  key[234]
  key[235]
  key[236]
  key[237]
  key[238]
  key[239]
  key[23]
  key[240]
  key[241]
  key[242]
  key[243]
  key[244]
  key[245]
  key[246]
  key[247]
  key[248]
  key[249]
  key[24]
  key[250]
  key[251]
  key[252]
  key[253]
  key[254]
  key[255]
  key[25]
  key[26]
  key[27]
  key[28]
  key[29]
  key[2]
  key[30]
  key[31]
  key[32]
  key[33]
  key[34]
  key[35]
  key[36]
  key[37]
  key[38]
  key[39]
  key[3]
  key[40]
  key[41]
  key[42]
  key[43]
  key[44]
  key[45]
  key[46]
  key[47]
  key[48]
  key[49]
  key[4]
  key[50]
  key[51]
  key[52]
  key[53]
  key[54]
  key[55]
  key[56]
  key[57]
  key[58]
  key[59]
  key[5]
  key[60]
  key[61]
  key[62]
  key[63]
  key[64]
  key[65]
  key[66]
  key[67]
  key[68]
  key[69]
  key[6]
  key[70]
  key[71]
  key[72]
  key[73]
  key[74]
  key[75]
  key[76]
  key[77]
  key[78]
  key[79]
  key[7]
  key[80]
  key[81]
  key[82]
  key[83]
  key[84]
  key[85]
  key[86]
  key[87]
  key[88]
  key[89]
  key[8]
  key[90]
  key[91]
  key[92]
  key[93]
  key[94]
  key[95]
  key[96]
  key[97]
  key[98]
  key[99]
  key[9]
  keylen
  next
  reset_n
Warning: There are 130 unconstrained endpoints.
  ready
  result[0]
  result[100]
  result[101]
  result[102]
  result[103]
  result[104]
  result[105]
  result[106]
  result[107]
  result[108]
  result[109]
  result[10]
  result[110]
  result[111]
  result[112]
  result[113]
  result[114]
  result[115]
  result[116]
  result[117]
  result[118]
  result[119]
  result[11]
  result[120]
  result[121]
  result[122]
  result[123]
  result[124]
  result[125]
  result[126]
  result[127]
  result[12]
  result[13]
  result[14]
  result[15]
  result[16]
  result[17]
  result[18]
  result[19]
  result[1]
  result[20]
  result[21]
  result[22]
  result[23]
  result[24]
  result[25]
  result[26]
  result[27]
  result[28]
  result[29]
  result[2]
  result[30]
  result[31]
  result[32]
  result[33]
  result[34]
  result[35]
  result[36]
  result[37]
  result[38]
  result[39]
  result[3]
  result[40]
  result[41]
  result[42]
  result[43]
  result[44]
  result[45]
  result[46]
  result[47]
  result[48]
  result[49]
  result[4]
  result[50]
  result[51]
  result[52]
  result[53]
  result[54]
  result[55]
  result[56]
  result[57]
  result[58]
  result[59]
  result[5]
  result[60]
  result[61]
  result[62]
  result[63]
  result[64]
  result[65]
  result[66]
  result[67]
  result[68]
  result[69]
  result[6]
  result[70]
  result[71]
  result[72]
  result[73]
  result[74]
  result[75]
  result[76]
  result[77]
  result[78]
  result[79]
  result[7]
  result[80]
  result[81]
  result[82]
  result[83]
  result[84]
  result[85]
  result[86]
  result[87]
  result[88]
  result[89]
  result[8]
  result[90]
  result[91]
  result[92]
  result[93]
  result[94]
  result[95]
  result[96]
  result[97]
  result[98]
  result[99]
  result[9]
  result_valid
